                                      1 ;--------------------------------------------------------
                                      2 ; File Created by SDCC : free open source ANSI-C Compiler
                                      3 ; Version 3.9.0 #11195 (FreeBSD)
                                      4 ;--------------------------------------------------------
                                      5 	.module stm8s_tim4_TimeBaseInit
                                      6 	.optsdcc -mstm8
                                      7 	
                                      8 ;--------------------------------------------------------
                                      9 ; Public variables in this module
                                     10 ;--------------------------------------------------------
                                     11 	.globl _TIM4_TimeBaseInit
                                     12 ;--------------------------------------------------------
                                     13 ; ram data
                                     14 ;--------------------------------------------------------
                                     15 	.area DATA
                                     16 ;--------------------------------------------------------
                                     17 ; ram data
                                     18 ;--------------------------------------------------------
                                     19 	.area INITIALIZED
                                     20 ;--------------------------------------------------------
                                     21 ; absolute external ram data
                                     22 ;--------------------------------------------------------
                                     23 	.area DABS (ABS)
                                     24 
                                     25 ; default segment ordering for linker
                                     26 	.area HOME
                                     27 	.area GSINIT
                                     28 	.area GSFINAL
                                     29 	.area CONST
                                     30 	.area INITIALIZER
                                     31 	.area CODE
                                     32 
                                     33 ;--------------------------------------------------------
                                     34 ; global & static initialisations
                                     35 ;--------------------------------------------------------
                                     36 	.area HOME
                                     37 	.area GSINIT
                                     38 	.area GSFINAL
                                     39 	.area GSINIT
                                     40 ;--------------------------------------------------------
                                     41 ; Home
                                     42 ;--------------------------------------------------------
                                     43 	.area HOME
                                     44 	.area HOME
                                     45 ;--------------------------------------------------------
                                     46 ; code
                                     47 ;--------------------------------------------------------
                                     48 	.area CODE
                                     49 ;	./src/stm8s_tim4_TimeBaseInit.c: 47: void TIM4_TimeBaseInit(TIM4_Prescaler_TypeDef TIM4_Prescaler, uint8_t TIM4_Period)
                                     50 ;	-----------------------------------------
                                     51 ;	 function TIM4_TimeBaseInit
                                     52 ;	-----------------------------------------
      000000                         53 _TIM4_TimeBaseInit:
                                     54 ;	./src/stm8s_tim4_TimeBaseInit.c: 52: TIM4->PSCR = (uint8_t)(TIM4_Prescaler);
      000000 AE 53 47         [ 2]   55 	ldw	x, #0x5347
      000003 7B 03            [ 1]   56 	ld	a, (0x03, sp)
      000005 F7               [ 1]   57 	ld	(x), a
                                     58 ;	./src/stm8s_tim4_TimeBaseInit.c: 54: TIM4->ARR = (uint8_t)(TIM4_Period);
      000006 AE 53 48         [ 2]   59 	ldw	x, #0x5348
      000009 7B 04            [ 1]   60 	ld	a, (0x04, sp)
      00000B F7               [ 1]   61 	ld	(x), a
                                     62 ;	./src/stm8s_tim4_TimeBaseInit.c: 55: }
      00000C 81               [ 4]   63 	ret
                                     64 	.area CODE
                                     65 	.area CONST
                                     66 	.area INITIALIZER
                                     67 	.area CABS (ABS)
