                                      1 ;--------------------------------------------------------
                                      2 ; File Created by SDCC : free open source ANSI-C Compiler
                                      3 ; Version 3.9.0 #11195 (FreeBSD)
                                      4 ;--------------------------------------------------------
                                      5 	.module stm8s_tim2_ForcedOC1Config
                                      6 	.optsdcc -mstm8
                                      7 	
                                      8 ;--------------------------------------------------------
                                      9 ; Public variables in this module
                                     10 ;--------------------------------------------------------
                                     11 	.globl _TIM2_ForcedOC1Config
                                     12 ;--------------------------------------------------------
                                     13 ; ram data
                                     14 ;--------------------------------------------------------
                                     15 	.area DATA
                                     16 ;--------------------------------------------------------
                                     17 ; ram data
                                     18 ;--------------------------------------------------------
                                     19 	.area INITIALIZED
                                     20 ;--------------------------------------------------------
                                     21 ; absolute external ram data
                                     22 ;--------------------------------------------------------
                                     23 	.area DABS (ABS)
                                     24 
                                     25 ; default segment ordering for linker
                                     26 	.area HOME
                                     27 	.area GSINIT
                                     28 	.area GSFINAL
                                     29 	.area CONST
                                     30 	.area INITIALIZER
                                     31 	.area CODE
                                     32 
                                     33 ;--------------------------------------------------------
                                     34 ; global & static initialisations
                                     35 ;--------------------------------------------------------
                                     36 	.area HOME
                                     37 	.area GSINIT
                                     38 	.area GSFINAL
                                     39 	.area GSINIT
                                     40 ;--------------------------------------------------------
                                     41 ; Home
                                     42 ;--------------------------------------------------------
                                     43 	.area HOME
                                     44 	.area HOME
                                     45 ;--------------------------------------------------------
                                     46 ; code
                                     47 ;--------------------------------------------------------
                                     48 	.area CODE
                                     49 ;	./src/stm8s_tim2_ForcedOC1Config.c: 51: void TIM2_ForcedOC1Config(TIM2_ForcedAction_TypeDef TIM2_ForcedAction)
                                     50 ;	-----------------------------------------
                                     51 ;	 function TIM2_ForcedOC1Config
                                     52 ;	-----------------------------------------
      000000                         53 _TIM2_ForcedOC1Config:
                                     54 ;	./src/stm8s_tim2_ForcedOC1Config.c: 57: TIM2->CCMR1  =  (uint8_t)((uint8_t)(TIM2->CCMR1 & (uint8_t)(~TIM2_CCMR_OCM))  
      000000 C6 53 07         [ 1]   55 	ld	a, 0x5307
      000003 A4 8F            [ 1]   56 	and	a, #0x8f
                                     57 ;	./src/stm8s_tim2_ForcedOC1Config.c: 58: | (uint8_t)TIM2_ForcedAction);
      000005 1A 03            [ 1]   58 	or	a, (0x03, sp)
      000007 C7 53 07         [ 1]   59 	ld	0x5307, a
                                     60 ;	./src/stm8s_tim2_ForcedOC1Config.c: 59: }
      00000A 81               [ 4]   61 	ret
                                     62 	.area CODE
                                     63 	.area CONST
                                     64 	.area INITIALIZER
                                     65 	.area CABS (ABS)
