                                      1 ;--------------------------------------------------------
                                      2 ; File Created by SDCC : free open source ANSI-C Compiler
                                      3 ; Version 3.9.0 #11195 (FreeBSD)
                                      4 ;--------------------------------------------------------
                                      5 	.module stm8s_flash_ReadOptionByte
                                      6 	.optsdcc -mstm8
                                      7 	
                                      8 ;--------------------------------------------------------
                                      9 ; Public variables in this module
                                     10 ;--------------------------------------------------------
                                     11 	.globl _FLASH_ReadOptionByte
                                     12 ;--------------------------------------------------------
                                     13 ; ram data
                                     14 ;--------------------------------------------------------
                                     15 	.area DATA
                                     16 ;--------------------------------------------------------
                                     17 ; ram data
                                     18 ;--------------------------------------------------------
                                     19 	.area INITIALIZED
                                     20 ;--------------------------------------------------------
                                     21 ; absolute external ram data
                                     22 ;--------------------------------------------------------
                                     23 	.area DABS (ABS)
                                     24 
                                     25 ; default segment ordering for linker
                                     26 	.area HOME
                                     27 	.area GSINIT
                                     28 	.area GSFINAL
                                     29 	.area CONST
                                     30 	.area INITIALIZER
                                     31 	.area CODE
                                     32 
                                     33 ;--------------------------------------------------------
                                     34 ; global & static initialisations
                                     35 ;--------------------------------------------------------
                                     36 	.area HOME
                                     37 	.area GSINIT
                                     38 	.area GSFINAL
                                     39 	.area GSINIT
                                     40 ;--------------------------------------------------------
                                     41 ; Home
                                     42 ;--------------------------------------------------------
                                     43 	.area HOME
                                     44 	.area HOME
                                     45 ;--------------------------------------------------------
                                     46 ; code
                                     47 ;--------------------------------------------------------
                                     48 	.area CODE
                                     49 ;	./src/stm8s_flash_ReadOptionByte.c: 47: uint16_t FLASH_ReadOptionByte(uint16_t Address)
                                     50 ;	-----------------------------------------
                                     51 ;	 function FLASH_ReadOptionByte
                                     52 ;	-----------------------------------------
      000000                         53 _FLASH_ReadOptionByte:
      000000 52 04            [ 2]   54 	sub	sp, #4
                                     55 ;	./src/stm8s_flash_ReadOptionByte.c: 55: value_optbyte = *((NEAR uint8_t*)Address); /* Read option byte */
      000002 1E 07            [ 2]   56 	ldw	x, (0x07, sp)
      000004 F6               [ 1]   57 	ld	a, (x)
      000005 6B 03            [ 1]   58 	ld	(0x03, sp), a
                                     59 ;	./src/stm8s_flash_ReadOptionByte.c: 56: value_optbyte_complement = *(((NEAR uint8_t*)Address) + 1); /* Read option byte complement */
      000007 E6 01            [ 1]   60 	ld	a, (0x1, x)
      000009 6B 04            [ 1]   61 	ld	(0x04, sp), a
                                     62 ;	./src/stm8s_flash_ReadOptionByte.c: 61: res_value =	 value_optbyte;
      00000B 90 5F            [ 1]   63 	clrw	y
      00000D 7B 03            [ 1]   64 	ld	a, (0x03, sp)
      00000F 90 97            [ 1]   65 	ld	yl, a
                                     66 ;	./src/stm8s_flash_ReadOptionByte.c: 59: if(Address == 0x4800)	 
      000011 1E 07            [ 2]   67 	ldw	x, (0x07, sp)
      000013 A3 48 00         [ 2]   68 	cpw	x, #0x4800
      000016 26 03            [ 1]   69 	jrne	00105$
                                     70 ;	./src/stm8s_flash_ReadOptionByte.c: 61: res_value =	 value_optbyte;
      000018 93               [ 1]   71 	ldw	x, y
      000019 20 1A            [ 2]   72 	jra	00106$
      00001B                         73 00105$:
                                     74 ;	./src/stm8s_flash_ReadOptionByte.c: 65: if(value_optbyte == (uint8_t)(~value_optbyte_complement))
      00001B 7B 04            [ 1]   75 	ld	a, (0x04, sp)
      00001D 43               [ 1]   76 	cpl	a
      00001E 11 03            [ 1]   77 	cp	a, (0x03, sp)
      000020 26 10            [ 1]   78 	jrne	00102$
                                     79 ;	./src/stm8s_flash_ReadOptionByte.c: 67: res_value = (uint16_t)((uint16_t)value_optbyte << 8);
      000022 4F               [ 1]   80 	clr	a
      000023 6B 02            [ 1]   81 	ld	(0x02, sp), a
                                     82 ;	./src/stm8s_flash_ReadOptionByte.c: 68: res_value = res_value | (uint16_t)value_optbyte_complement;
      000025 0F 03            [ 1]   83 	clr	(0x03, sp)
      000027 7B 02            [ 1]   84 	ld	a, (0x02, sp)
      000029 1A 04            [ 1]   85 	or	a, (0x04, sp)
      00002B 97               [ 1]   86 	ld	xl, a
      00002C 90 9F            [ 1]   87 	ld	a, yl
      00002E 1A 03            [ 1]   88 	or	a, (0x03, sp)
      000030 95               [ 1]   89 	ld	xh, a
                                     90 ;	./src/stm8s_flash_ReadOptionByte.c: 72: res_value = FLASH_OPTIONBYTE_ERROR;
      000031 BC                      91 	.byte 0xbc
      000032                         92 00102$:
      000032 AE 55 55         [ 2]   93 	ldw	x, #0x5555
      000035                         94 00106$:
                                     95 ;	./src/stm8s_flash_ReadOptionByte.c: 75: return(res_value);
                                     96 ;	./src/stm8s_flash_ReadOptionByte.c: 76: }
      000035 5B 04            [ 2]   97 	addw	sp, #4
      000037 81               [ 4]   98 	ret
                                     99 	.area CODE
                                    100 	.area CONST
                                    101 	.area INITIALIZER
                                    102 	.area CABS (ABS)
