                                      1 ;--------------------------------------------------------
                                      2 ; File Created by SDCC : free open source ANSI-C Compiler
                                      3 ; Version 3.9.0 #11195 (FreeBSD)
                                      4 ;--------------------------------------------------------
                                      5 	.module stm8s_tim1_BDTRConfig
                                      6 	.optsdcc -mstm8
                                      7 	
                                      8 ;--------------------------------------------------------
                                      9 ; Public variables in this module
                                     10 ;--------------------------------------------------------
                                     11 	.globl _TIM1_BDTRConfig
                                     12 ;--------------------------------------------------------
                                     13 ; ram data
                                     14 ;--------------------------------------------------------
                                     15 	.area DATA
                                     16 ;--------------------------------------------------------
                                     17 ; ram data
                                     18 ;--------------------------------------------------------
                                     19 	.area INITIALIZED
                                     20 ;--------------------------------------------------------
                                     21 ; absolute external ram data
                                     22 ;--------------------------------------------------------
                                     23 	.area DABS (ABS)
                                     24 
                                     25 ; default segment ordering for linker
                                     26 	.area HOME
                                     27 	.area GSINIT
                                     28 	.area GSFINAL
                                     29 	.area CONST
                                     30 	.area INITIALIZER
                                     31 	.area CODE
                                     32 
                                     33 ;--------------------------------------------------------
                                     34 ; global & static initialisations
                                     35 ;--------------------------------------------------------
                                     36 	.area HOME
                                     37 	.area GSINIT
                                     38 	.area GSFINAL
                                     39 	.area GSINIT
                                     40 ;--------------------------------------------------------
                                     41 ; Home
                                     42 ;--------------------------------------------------------
                                     43 	.area HOME
                                     44 	.area HOME
                                     45 ;--------------------------------------------------------
                                     46 ; code
                                     47 ;--------------------------------------------------------
                                     48 	.area CODE
                                     49 ;	./src/stm8s_tim1_BDTRConfig.c: 55: void TIM1_BDTRConfig(TIM1_OSSIState_TypeDef TIM1_OSSIState,
                                     50 ;	-----------------------------------------
                                     51 ;	 function TIM1_BDTRConfig
                                     52 ;	-----------------------------------------
      000000                         53 _TIM1_BDTRConfig:
      000000 88               [ 1]   54 	push	a
                                     55 ;	./src/stm8s_tim1_BDTRConfig.c: 69: TIM1->DTR = (uint8_t)(TIM1_DeadTime);
      000001 AE 52 6E         [ 2]   56 	ldw	x, #0x526e
      000004 7B 06            [ 1]   57 	ld	a, (0x06, sp)
      000006 F7               [ 1]   58 	ld	(x), a
                                     59 ;	./src/stm8s_tim1_BDTRConfig.c: 73: TIM1->BKR  =  (uint8_t)((uint8_t)(TIM1_OSSIState | (uint8_t)TIM1_LockLevel)  | 
      000007 7B 04            [ 1]   60 	ld	a, (0x04, sp)
      000009 1A 05            [ 1]   61 	or	a, (0x05, sp)
      00000B 6B 01            [ 1]   62 	ld	(0x01, sp), a
                                     63 ;	./src/stm8s_tim1_BDTRConfig.c: 74: (uint8_t)((uint8_t)(TIM1_Break | (uint8_t)TIM1_BreakPolarity)  | 
      00000D 7B 07            [ 1]   64 	ld	a, (0x07, sp)
      00000F 1A 08            [ 1]   65 	or	a, (0x08, sp)
                                     66 ;	./src/stm8s_tim1_BDTRConfig.c: 75: (uint8_t)TIM1_AutomaticOutput));
      000011 1A 09            [ 1]   67 	or	a, (0x09, sp)
      000013 1A 01            [ 1]   68 	or	a, (0x01, sp)
      000015 C7 52 6D         [ 1]   69 	ld	0x526d, a
                                     70 ;	./src/stm8s_tim1_BDTRConfig.c: 76: }
      000018 84               [ 1]   71 	pop	a
      000019 81               [ 4]   72 	ret
                                     73 	.area CODE
                                     74 	.area CONST
                                     75 	.area INITIALIZER
                                     76 	.area CABS (ABS)
