                                      1 ;--------------------------------------------------------
                                      2 ; File Created by SDCC : free open source ANSI-C Compiler
                                      3 ; Version 3.9.0 #11195 (FreeBSD)
                                      4 ;--------------------------------------------------------
                                      5 	.module stm8s_uart1_WakeUpConfig
                                      6 	.optsdcc -mstm8
                                      7 	
                                      8 ;--------------------------------------------------------
                                      9 ; Public variables in this module
                                     10 ;--------------------------------------------------------
                                     11 	.globl _UART1_WakeUpConfig
                                     12 ;--------------------------------------------------------
                                     13 ; ram data
                                     14 ;--------------------------------------------------------
                                     15 	.area DATA
                                     16 ;--------------------------------------------------------
                                     17 ; ram data
                                     18 ;--------------------------------------------------------
                                     19 	.area INITIALIZED
                                     20 ;--------------------------------------------------------
                                     21 ; absolute external ram data
                                     22 ;--------------------------------------------------------
                                     23 	.area DABS (ABS)
                                     24 
                                     25 ; default segment ordering for linker
                                     26 	.area HOME
                                     27 	.area GSINIT
                                     28 	.area GSFINAL
                                     29 	.area CONST
                                     30 	.area INITIALIZER
                                     31 	.area CODE
                                     32 
                                     33 ;--------------------------------------------------------
                                     34 ; global & static initialisations
                                     35 ;--------------------------------------------------------
                                     36 	.area HOME
                                     37 	.area GSINIT
                                     38 	.area GSFINAL
                                     39 	.area GSINIT
                                     40 ;--------------------------------------------------------
                                     41 ; Home
                                     42 ;--------------------------------------------------------
                                     43 	.area HOME
                                     44 	.area HOME
                                     45 ;--------------------------------------------------------
                                     46 ; code
                                     47 ;--------------------------------------------------------
                                     48 	.area CODE
                                     49 ;	./src/stm8s_uart1_WakeUpConfig.c: 47: void UART1_WakeUpConfig(UART1_WakeUp_TypeDef UART1_WakeUp)
                                     50 ;	-----------------------------------------
                                     51 ;	 function UART1_WakeUpConfig
                                     52 ;	-----------------------------------------
      000000                         53 _UART1_WakeUpConfig:
                                     54 ;	./src/stm8s_uart1_WakeUpConfig.c: 51: UART1->CR1 &= ((uint8_t)~UART1_CR1_WAKE);
      000000 72 17 52 34      [ 1]   55 	bres	21044, #3
                                     56 ;	./src/stm8s_uart1_WakeUpConfig.c: 52: UART1->CR1 |= (uint8_t)UART1_WakeUp;
      000004 C6 52 34         [ 1]   57 	ld	a, 0x5234
      000007 1A 03            [ 1]   58 	or	a, (0x03, sp)
      000009 C7 52 34         [ 1]   59 	ld	0x5234, a
                                     60 ;	./src/stm8s_uart1_WakeUpConfig.c: 53: }
      00000C 81               [ 4]   61 	ret
                                     62 	.area CODE
                                     63 	.area CONST
                                     64 	.area INITIALIZER
                                     65 	.area CABS (ABS)
