                                      1 ;--------------------------------------------------------
                                      2 ; File Created by SDCC : free open source ANSI-C Compiler
                                      3 ; Version 3.9.0 #11195 (FreeBSD)
                                      4 ;--------------------------------------------------------
                                      5 	.module stm8s_i2c_StretchClockCmd
                                      6 	.optsdcc -mstm8
                                      7 	
                                      8 ;--------------------------------------------------------
                                      9 ; Public variables in this module
                                     10 ;--------------------------------------------------------
                                     11 	.globl _I2C_StretchClockCmd
                                     12 ;--------------------------------------------------------
                                     13 ; ram data
                                     14 ;--------------------------------------------------------
                                     15 	.area DATA
                                     16 ;--------------------------------------------------------
                                     17 ; ram data
                                     18 ;--------------------------------------------------------
                                     19 	.area INITIALIZED
                                     20 ;--------------------------------------------------------
                                     21 ; absolute external ram data
                                     22 ;--------------------------------------------------------
                                     23 	.area DABS (ABS)
                                     24 
                                     25 ; default segment ordering for linker
                                     26 	.area HOME
                                     27 	.area GSINIT
                                     28 	.area GSFINAL
                                     29 	.area CONST
                                     30 	.area INITIALIZER
                                     31 	.area CODE
                                     32 
                                     33 ;--------------------------------------------------------
                                     34 ; global & static initialisations
                                     35 ;--------------------------------------------------------
                                     36 	.area HOME
                                     37 	.area GSINIT
                                     38 	.area GSFINAL
                                     39 	.area GSINIT
                                     40 ;--------------------------------------------------------
                                     41 ; Home
                                     42 ;--------------------------------------------------------
                                     43 	.area HOME
                                     44 	.area HOME
                                     45 ;--------------------------------------------------------
                                     46 ; code
                                     47 ;--------------------------------------------------------
                                     48 	.area CODE
                                     49 ;	./src/stm8s_i2c_StretchClockCmd.c: 49: void I2C_StretchClockCmd(FunctionalState NewState)
                                     50 ;	-----------------------------------------
                                     51 ;	 function I2C_StretchClockCmd
                                     52 ;	-----------------------------------------
      000000                         53 _I2C_StretchClockCmd:
                                     54 ;	./src/stm8s_i2c_StretchClockCmd.c: 57: I2C->CR1 &= (uint8_t)(~I2C_CR1_NOSTRETCH);
      000000 C6 52 10         [ 1]   55 	ld	a, 0x5210
                                     56 ;	./src/stm8s_i2c_StretchClockCmd.c: 54: if (NewState != DISABLE)
      000003 0D 03            [ 1]   57 	tnz	(0x03, sp)
      000005 27 06            [ 1]   58 	jreq	00102$
                                     59 ;	./src/stm8s_i2c_StretchClockCmd.c: 57: I2C->CR1 &= (uint8_t)(~I2C_CR1_NOSTRETCH);
      000007 A4 7F            [ 1]   60 	and	a, #0x7f
      000009 C7 52 10         [ 1]   61 	ld	0x5210, a
      00000C 81               [ 4]   62 	ret
      00000D                         63 00102$:
                                     64 ;	./src/stm8s_i2c_StretchClockCmd.c: 63: I2C->CR1 |= I2C_CR1_NOSTRETCH;
      00000D AA 80            [ 1]   65 	or	a, #0x80
      00000F C7 52 10         [ 1]   66 	ld	0x5210, a
                                     67 ;	./src/stm8s_i2c_StretchClockCmd.c: 65: }
      000012 81               [ 4]   68 	ret
                                     69 	.area CODE
                                     70 	.area CONST
                                     71 	.area INITIALIZER
                                     72 	.area CABS (ABS)
