                                      1 ;--------------------------------------------------------
                                      2 ; File Created by SDCC : free open source ANSI-C Compiler
                                      3 ; Version 3.9.0 #11195 (FreeBSD)
                                      4 ;--------------------------------------------------------
                                      5 	.module stm8s_wwdg_SetCounter
                                      6 	.optsdcc -mstm8
                                      7 	
                                      8 ;--------------------------------------------------------
                                      9 ; Public variables in this module
                                     10 ;--------------------------------------------------------
                                     11 	.globl _WWDG_SetCounter
                                     12 ;--------------------------------------------------------
                                     13 ; ram data
                                     14 ;--------------------------------------------------------
                                     15 	.area DATA
                                     16 ;--------------------------------------------------------
                                     17 ; ram data
                                     18 ;--------------------------------------------------------
                                     19 	.area INITIALIZED
                                     20 ;--------------------------------------------------------
                                     21 ; absolute external ram data
                                     22 ;--------------------------------------------------------
                                     23 	.area DABS (ABS)
                                     24 
                                     25 ; default segment ordering for linker
                                     26 	.area HOME
                                     27 	.area GSINIT
                                     28 	.area GSFINAL
                                     29 	.area CONST
                                     30 	.area INITIALIZER
                                     31 	.area CODE
                                     32 
                                     33 ;--------------------------------------------------------
                                     34 ; global & static initialisations
                                     35 ;--------------------------------------------------------
                                     36 	.area HOME
                                     37 	.area GSINIT
                                     38 	.area GSFINAL
                                     39 	.area GSINIT
                                     40 ;--------------------------------------------------------
                                     41 ; Home
                                     42 ;--------------------------------------------------------
                                     43 	.area HOME
                                     44 	.area HOME
                                     45 ;--------------------------------------------------------
                                     46 ; code
                                     47 ;--------------------------------------------------------
                                     48 	.area CODE
                                     49 ;	./src/stm8s_wwdg_SetCounter.c: 48: void WWDG_SetCounter(uint8_t Counter)
                                     50 ;	-----------------------------------------
                                     51 ;	 function WWDG_SetCounter
                                     52 ;	-----------------------------------------
      000000                         53 _WWDG_SetCounter:
                                     54 ;	./src/stm8s_wwdg_SetCounter.c: 55: WWDG->CR = (uint8_t)(Counter & (uint8_t)BIT_MASK);
      000000 7B 03            [ 1]   55 	ld	a, (0x03, sp)
      000002 A4 7F            [ 1]   56 	and	a, #0x7f
      000004 C7 50 D1         [ 1]   57 	ld	0x50d1, a
                                     58 ;	./src/stm8s_wwdg_SetCounter.c: 56: }
      000007 81               [ 4]   59 	ret
                                     60 	.area CODE
                                     61 	.area CONST
                                     62 	.area INITIALIZER
                                     63 	.area CABS (ABS)
