                                      1 ;--------------------------------------------------------
                                      2 ; File Created by SDCC : free open source ANSI-C Compiler
                                      3 ; Version 3.9.0 #11195 (FreeBSD)
                                      4 ;--------------------------------------------------------
                                      5 	.module stm8s_clk_CCOConfig
                                      6 	.optsdcc -mstm8
                                      7 	
                                      8 ;--------------------------------------------------------
                                      9 ; Public variables in this module
                                     10 ;--------------------------------------------------------
                                     11 	.globl _CLK_CCOConfig
                                     12 ;--------------------------------------------------------
                                     13 ; ram data
                                     14 ;--------------------------------------------------------
                                     15 	.area DATA
                                     16 ;--------------------------------------------------------
                                     17 ; ram data
                                     18 ;--------------------------------------------------------
                                     19 	.area INITIALIZED
                                     20 ;--------------------------------------------------------
                                     21 ; absolute external ram data
                                     22 ;--------------------------------------------------------
                                     23 	.area DABS (ABS)
                                     24 
                                     25 ; default segment ordering for linker
                                     26 	.area HOME
                                     27 	.area GSINIT
                                     28 	.area GSFINAL
                                     29 	.area CONST
                                     30 	.area INITIALIZER
                                     31 	.area CODE
                                     32 
                                     33 ;--------------------------------------------------------
                                     34 ; global & static initialisations
                                     35 ;--------------------------------------------------------
                                     36 	.area HOME
                                     37 	.area GSINIT
                                     38 	.area GSFINAL
                                     39 	.area GSINIT
                                     40 ;--------------------------------------------------------
                                     41 ; Home
                                     42 ;--------------------------------------------------------
                                     43 	.area HOME
                                     44 	.area HOME
                                     45 ;--------------------------------------------------------
                                     46 ; code
                                     47 ;--------------------------------------------------------
                                     48 	.area CODE
                                     49 ;	./src/stm8s_clk_CCOConfig.c: 51: void CLK_CCOConfig(CLK_Output_TypeDef CLK_CCO)
                                     50 ;	-----------------------------------------
                                     51 ;	 function CLK_CCOConfig
                                     52 ;	-----------------------------------------
      000000                         53 _CLK_CCOConfig:
                                     54 ;	./src/stm8s_clk_CCOConfig.c: 57: CLK->CCOR &= (uint8_t)(~CLK_CCOR_CCOSEL);
      000000 C6 50 C9         [ 1]   55 	ld	a, 0x50c9
      000003 A4 E1            [ 1]   56 	and	a, #0xe1
      000005 C7 50 C9         [ 1]   57 	ld	0x50c9, a
                                     58 ;	./src/stm8s_clk_CCOConfig.c: 60: CLK->CCOR |= (uint8_t)CLK_CCO;
      000008 C6 50 C9         [ 1]   59 	ld	a, 0x50c9
      00000B 1A 03            [ 1]   60 	or	a, (0x03, sp)
      00000D C7 50 C9         [ 1]   61 	ld	0x50c9, a
                                     62 ;	./src/stm8s_clk_CCOConfig.c: 63: CLK->CCOR |= CLK_CCOR_CCOEN;
      000010 72 10 50 C9      [ 1]   63 	bset	20681, #0
                                     64 ;	./src/stm8s_clk_CCOConfig.c: 64: }
      000014 81               [ 4]   65 	ret
                                     66 	.area CODE
                                     67 	.area CONST
                                     68 	.area INITIALIZER
                                     69 	.area CABS (ABS)
