                                      1 ;--------------------------------------------------------
                                      2 ; File Created by SDCC : free open source ANSI-C Compiler
                                      3 ; Version 3.9.0 #11195 (FreeBSD)
                                      4 ;--------------------------------------------------------
                                      5 	.module stm8s_flash_SetLowPowerMode
                                      6 	.optsdcc -mstm8
                                      7 	
                                      8 ;--------------------------------------------------------
                                      9 ; Public variables in this module
                                     10 ;--------------------------------------------------------
                                     11 	.globl _FLASH_SetLowPowerMode
                                     12 ;--------------------------------------------------------
                                     13 ; ram data
                                     14 ;--------------------------------------------------------
                                     15 	.area DATA
                                     16 ;--------------------------------------------------------
                                     17 ; ram data
                                     18 ;--------------------------------------------------------
                                     19 	.area INITIALIZED
                                     20 ;--------------------------------------------------------
                                     21 ; absolute external ram data
                                     22 ;--------------------------------------------------------
                                     23 	.area DABS (ABS)
                                     24 
                                     25 ; default segment ordering for linker
                                     26 	.area HOME
                                     27 	.area GSINIT
                                     28 	.area GSFINAL
                                     29 	.area CONST
                                     30 	.area INITIALIZER
                                     31 	.area CODE
                                     32 
                                     33 ;--------------------------------------------------------
                                     34 ; global & static initialisations
                                     35 ;--------------------------------------------------------
                                     36 	.area HOME
                                     37 	.area GSINIT
                                     38 	.area GSFINAL
                                     39 	.area GSINIT
                                     40 ;--------------------------------------------------------
                                     41 ; Home
                                     42 ;--------------------------------------------------------
                                     43 	.area HOME
                                     44 	.area HOME
                                     45 ;--------------------------------------------------------
                                     46 ; code
                                     47 ;--------------------------------------------------------
                                     48 	.area CODE
                                     49 ;	./src/stm8s_flash_SetLowPowerMode.c: 48: void FLASH_SetLowPowerMode(FLASH_LPMode_TypeDef FLASH_LPMode)
                                     50 ;	-----------------------------------------
                                     51 ;	 function FLASH_SetLowPowerMode
                                     52 ;	-----------------------------------------
      000000                         53 _FLASH_SetLowPowerMode:
                                     54 ;	./src/stm8s_flash_SetLowPowerMode.c: 54: FLASH->CR1 &= (uint8_t)(~(FLASH_CR1_HALT | FLASH_CR1_AHALT)); 
      000000 C6 50 5A         [ 1]   55 	ld	a, 0x505a
      000003 A4 F3            [ 1]   56 	and	a, #0xf3
      000005 C7 50 5A         [ 1]   57 	ld	0x505a, a
                                     58 ;	./src/stm8s_flash_SetLowPowerMode.c: 57: FLASH->CR1 |= (uint8_t)FLASH_LPMode; 
      000008 C6 50 5A         [ 1]   59 	ld	a, 0x505a
      00000B 1A 03            [ 1]   60 	or	a, (0x03, sp)
      00000D C7 50 5A         [ 1]   61 	ld	0x505a, a
                                     62 ;	./src/stm8s_flash_SetLowPowerMode.c: 58: }
      000010 81               [ 4]   63 	ret
                                     64 	.area CODE
                                     65 	.area CONST
                                     66 	.area INITIALIZER
                                     67 	.area CABS (ABS)
