                                      1 ;--------------------------------------------------------
                                      2 ; File Created by SDCC : free open source ANSI-C Compiler
                                      3 ; Version 3.9.0 #11195 (FreeBSD)
                                      4 ;--------------------------------------------------------
                                      5 	.module stm8s_clk_SYSCLKConfig
                                      6 	.optsdcc -mstm8
                                      7 	
                                      8 ;--------------------------------------------------------
                                      9 ; Public variables in this module
                                     10 ;--------------------------------------------------------
                                     11 	.globl _CLK_SYSCLKConfig
                                     12 ;--------------------------------------------------------
                                     13 ; ram data
                                     14 ;--------------------------------------------------------
                                     15 	.area DATA
                                     16 ;--------------------------------------------------------
                                     17 ; ram data
                                     18 ;--------------------------------------------------------
                                     19 	.area INITIALIZED
                                     20 ;--------------------------------------------------------
                                     21 ; absolute external ram data
                                     22 ;--------------------------------------------------------
                                     23 	.area DABS (ABS)
                                     24 
                                     25 ; default segment ordering for linker
                                     26 	.area HOME
                                     27 	.area GSINIT
                                     28 	.area GSFINAL
                                     29 	.area CONST
                                     30 	.area INITIALIZER
                                     31 	.area CODE
                                     32 
                                     33 ;--------------------------------------------------------
                                     34 ; global & static initialisations
                                     35 ;--------------------------------------------------------
                                     36 	.area HOME
                                     37 	.area GSINIT
                                     38 	.area GSFINAL
                                     39 	.area GSINIT
                                     40 ;--------------------------------------------------------
                                     41 ; Home
                                     42 ;--------------------------------------------------------
                                     43 	.area HOME
                                     44 	.area HOME
                                     45 ;--------------------------------------------------------
                                     46 ; code
                                     47 ;--------------------------------------------------------
                                     48 	.area CODE
                                     49 ;	./src/stm8s_clk_SYSCLKConfig.c: 47: void CLK_SYSCLKConfig(CLK_Prescaler_TypeDef CLK_Prescaler)
                                     50 ;	-----------------------------------------
                                     51 ;	 function CLK_SYSCLKConfig
                                     52 ;	-----------------------------------------
      000000                         53 _CLK_SYSCLKConfig:
      000000 88               [ 1]   54 	push	a
                                     55 ;	./src/stm8s_clk_SYSCLKConfig.c: 54: CLK->CKDIVR &= (uint8_t)(~CLK_CKDIVR_HSIDIV);
      000001 C6 50 C6         [ 1]   56 	ld	a, 0x50c6
                                     57 ;	./src/stm8s_clk_SYSCLKConfig.c: 52: if (((uint8_t)CLK_Prescaler & (uint8_t)0x80) == 0x00) /* Bit7 = 0 means HSI divider */
      000004 0D 04            [ 1]   58 	tnz	(0x04, sp)
      000006 2B 15            [ 1]   59 	jrmi	00102$
                                     60 ;	./src/stm8s_clk_SYSCLKConfig.c: 54: CLK->CKDIVR &= (uint8_t)(~CLK_CKDIVR_HSIDIV);
      000008 A4 E7            [ 1]   61 	and	a, #0xe7
      00000A C7 50 C6         [ 1]   62 	ld	0x50c6, a
                                     63 ;	./src/stm8s_clk_SYSCLKConfig.c: 55: CLK->CKDIVR |= (uint8_t)((uint8_t)CLK_Prescaler & (uint8_t)CLK_CKDIVR_HSIDIV);
      00000D C6 50 C6         [ 1]   64 	ld	a, 0x50c6
      000010 6B 01            [ 1]   65 	ld	(0x01, sp), a
      000012 7B 04            [ 1]   66 	ld	a, (0x04, sp)
      000014 A4 18            [ 1]   67 	and	a, #0x18
      000016 1A 01            [ 1]   68 	or	a, (0x01, sp)
      000018 C7 50 C6         [ 1]   69 	ld	0x50c6, a
      00001B 20 13            [ 2]   70 	jra	00104$
      00001D                         71 00102$:
                                     72 ;	./src/stm8s_clk_SYSCLKConfig.c: 59: CLK->CKDIVR &= (uint8_t)(~CLK_CKDIVR_CPUDIV);
      00001D A4 F8            [ 1]   73 	and	a, #0xf8
      00001F C7 50 C6         [ 1]   74 	ld	0x50c6, a
                                     75 ;	./src/stm8s_clk_SYSCLKConfig.c: 60: CLK->CKDIVR |= (uint8_t)((uint8_t)CLK_Prescaler & (uint8_t)CLK_CKDIVR_CPUDIV);
      000022 C6 50 C6         [ 1]   76 	ld	a, 0x50c6
      000025 6B 01            [ 1]   77 	ld	(0x01, sp), a
      000027 7B 04            [ 1]   78 	ld	a, (0x04, sp)
      000029 A4 07            [ 1]   79 	and	a, #0x07
      00002B 1A 01            [ 1]   80 	or	a, (0x01, sp)
      00002D C7 50 C6         [ 1]   81 	ld	0x50c6, a
      000030                         82 00104$:
                                     83 ;	./src/stm8s_clk_SYSCLKConfig.c: 62: }
      000030 84               [ 1]   84 	pop	a
      000031 81               [ 4]   85 	ret
                                     86 	.area CODE
                                     87 	.area CONST
                                     88 	.area INITIALIZER
                                     89 	.area CABS (ABS)
