                                      1 ;--------------------------------------------------------
                                      2 ; File Created by SDCC : free open source ANSI-C Compiler
                                      3 ; Version 3.9.0 #11195 (FreeBSD)
                                      4 ;--------------------------------------------------------
                                      5 	.module stm8s_i2c_GetFlagStatus
                                      6 	.optsdcc -mstm8
                                      7 	
                                      8 ;--------------------------------------------------------
                                      9 ; Public variables in this module
                                     10 ;--------------------------------------------------------
                                     11 	.globl _I2C_GetFlagStatus
                                     12 ;--------------------------------------------------------
                                     13 ; ram data
                                     14 ;--------------------------------------------------------
                                     15 	.area DATA
                                     16 ;--------------------------------------------------------
                                     17 ; ram data
                                     18 ;--------------------------------------------------------
                                     19 	.area INITIALIZED
                                     20 ;--------------------------------------------------------
                                     21 ; absolute external ram data
                                     22 ;--------------------------------------------------------
                                     23 	.area DABS (ABS)
                                     24 
                                     25 ; default segment ordering for linker
                                     26 	.area HOME
                                     27 	.area GSINIT
                                     28 	.area GSFINAL
                                     29 	.area CONST
                                     30 	.area INITIALIZER
                                     31 	.area CODE
                                     32 
                                     33 ;--------------------------------------------------------
                                     34 ; global & static initialisations
                                     35 ;--------------------------------------------------------
                                     36 	.area HOME
                                     37 	.area GSINIT
                                     38 	.area GSFINAL
                                     39 	.area GSINIT
                                     40 ;--------------------------------------------------------
                                     41 ; Home
                                     42 ;--------------------------------------------------------
                                     43 	.area HOME
                                     44 	.area HOME
                                     45 ;--------------------------------------------------------
                                     46 ; code
                                     47 ;--------------------------------------------------------
                                     48 	.area CODE
                                     49 ;	./src/stm8s_i2c_GetFlagStatus.c: 65: FlagStatus I2C_GetFlagStatus(I2C_Flag_TypeDef I2C_Flag)
                                     50 ;	-----------------------------------------
                                     51 ;	 function I2C_GetFlagStatus
                                     52 ;	-----------------------------------------
      000000                         53 _I2C_GetFlagStatus:
                                     54 ;	./src/stm8s_i2c_GetFlagStatus.c: 67: uint8_t tempreg = 0;
      000000 4F               [ 1]   55 	clr	a
      000001 97               [ 1]   56 	ld	xl, a
                                     57 ;	./src/stm8s_i2c_GetFlagStatus.c: 75: regindex = (uint8_t)((uint16_t)I2C_Flag >> 8);
      000002 7B 03            [ 1]   58 	ld	a, (0x03, sp)
      000004 90 5F            [ 1]   59 	clrw	y
                                     60 ;	./src/stm8s_i2c_GetFlagStatus.c: 77: switch (regindex)
      000006 A1 01            [ 1]   61 	cp	a, #0x01
      000008 27 0A            [ 1]   62 	jreq	00101$
      00000A A1 02            [ 1]   63 	cp	a, #0x02
      00000C 27 0C            [ 1]   64 	jreq	00102$
      00000E A1 03            [ 1]   65 	cp	a, #0x03
      000010 27 0E            [ 1]   66 	jreq	00103$
      000012 20 10            [ 2]   67 	jra	00105$
                                     68 ;	./src/stm8s_i2c_GetFlagStatus.c: 80: case 0x01:
      000014                         69 00101$:
                                     70 ;	./src/stm8s_i2c_GetFlagStatus.c: 81: tempreg = (uint8_t)I2C->SR1;
      000014 C6 52 17         [ 1]   71 	ld	a, 0x5217
      000017 97               [ 1]   72 	ld	xl, a
                                     73 ;	./src/stm8s_i2c_GetFlagStatus.c: 82: break;
      000018 20 0A            [ 2]   74 	jra	00105$
                                     75 ;	./src/stm8s_i2c_GetFlagStatus.c: 85: case 0x02:
      00001A                         76 00102$:
                                     77 ;	./src/stm8s_i2c_GetFlagStatus.c: 86: tempreg = (uint8_t)I2C->SR2;
      00001A C6 52 18         [ 1]   78 	ld	a, 0x5218
      00001D 97               [ 1]   79 	ld	xl, a
                                     80 ;	./src/stm8s_i2c_GetFlagStatus.c: 87: break;
      00001E 20 04            [ 2]   81 	jra	00105$
                                     82 ;	./src/stm8s_i2c_GetFlagStatus.c: 90: case 0x03:
      000020                         83 00103$:
                                     84 ;	./src/stm8s_i2c_GetFlagStatus.c: 91: tempreg = (uint8_t)I2C->SR3;
      000020 C6 52 19         [ 1]   85 	ld	a, 0x5219
      000023 97               [ 1]   86 	ld	xl, a
                                     87 ;	./src/stm8s_i2c_GetFlagStatus.c: 96: }
      000024                         88 00105$:
                                     89 ;	./src/stm8s_i2c_GetFlagStatus.c: 99: if ((tempreg & (uint8_t)I2C_Flag ) != 0)
      000024 7B 04            [ 1]   90 	ld	a, (0x04, sp)
      000026 89               [ 2]   91 	pushw	x
      000027 14 02            [ 1]   92 	and	a, (2, sp)
      000029 85               [ 2]   93 	popw	x
      00002A 4D               [ 1]   94 	tnz	a
      00002B 27 03            [ 1]   95 	jreq	00107$
                                     96 ;	./src/stm8s_i2c_GetFlagStatus.c: 102: bitstatus = SET;
      00002D A6 01            [ 1]   97 	ld	a, #0x01
      00002F 81               [ 4]   98 	ret
      000030                         99 00107$:
                                    100 ;	./src/stm8s_i2c_GetFlagStatus.c: 107: bitstatus = RESET;
      000030 4F               [ 1]  101 	clr	a
                                    102 ;	./src/stm8s_i2c_GetFlagStatus.c: 110: return bitstatus;
                                    103 ;	./src/stm8s_i2c_GetFlagStatus.c: 111: }
      000031 81               [ 4]  104 	ret
                                    105 	.area CODE
                                    106 	.area CONST
                                    107 	.area INITIALIZER
                                    108 	.area CABS (ABS)
