                                      1 ;--------------------------------------------------------
                                      2 ; File Created by SDCC : free open source ANSI-C Compiler
                                      3 ; Version 3.9.0 #11195 (FreeBSD)
                                      4 ;--------------------------------------------------------
                                      5 	.module stm8s_wwdg_Init
                                      6 	.optsdcc -mstm8
                                      7 	
                                      8 ;--------------------------------------------------------
                                      9 ; Public variables in this module
                                     10 ;--------------------------------------------------------
                                     11 	.globl _WWDG_Init
                                     12 ;--------------------------------------------------------
                                     13 ; ram data
                                     14 ;--------------------------------------------------------
                                     15 	.area DATA
                                     16 ;--------------------------------------------------------
                                     17 ; ram data
                                     18 ;--------------------------------------------------------
                                     19 	.area INITIALIZED
                                     20 ;--------------------------------------------------------
                                     21 ; absolute external ram data
                                     22 ;--------------------------------------------------------
                                     23 	.area DABS (ABS)
                                     24 
                                     25 ; default segment ordering for linker
                                     26 	.area HOME
                                     27 	.area GSINIT
                                     28 	.area GSFINAL
                                     29 	.area CONST
                                     30 	.area INITIALIZER
                                     31 	.area CODE
                                     32 
                                     33 ;--------------------------------------------------------
                                     34 ; global & static initialisations
                                     35 ;--------------------------------------------------------
                                     36 	.area HOME
                                     37 	.area GSINIT
                                     38 	.area GSFINAL
                                     39 	.area GSINIT
                                     40 ;--------------------------------------------------------
                                     41 ; Home
                                     42 ;--------------------------------------------------------
                                     43 	.area HOME
                                     44 	.area HOME
                                     45 ;--------------------------------------------------------
                                     46 ; code
                                     47 ;--------------------------------------------------------
                                     48 	.area CODE
                                     49 ;	./src/stm8s_wwdg_Init.c: 50: void WWDG_Init(uint8_t Counter, uint8_t WindowValue)
                                     50 ;	-----------------------------------------
                                     51 ;	 function WWDG_Init
                                     52 ;	-----------------------------------------
      000000                         53 _WWDG_Init:
                                     54 ;	./src/stm8s_wwdg_Init.c: 55: WWDG->WR = WWDG_WR_RESET_VALUE;
      000000 35 7F 50 D2      [ 1]   55 	mov	0x50d2+0, #0x7f
                                     56 ;	./src/stm8s_wwdg_Init.c: 56: WWDG->CR = (uint8_t)((uint8_t)(WWDG_CR_WDGA | WWDG_CR_T6) | (uint8_t)Counter);
      000004 7B 03            [ 1]   57 	ld	a, (0x03, sp)
      000006 AA C0            [ 1]   58 	or	a, #0xc0
      000008 C7 50 D1         [ 1]   59 	ld	0x50d1, a
                                     60 ;	./src/stm8s_wwdg_Init.c: 57: WWDG->WR = (uint8_t)((uint8_t)(~WWDG_CR_WDGA) & (uint8_t)(WWDG_CR_T6 | WindowValue));
      00000B 7B 04            [ 1]   61 	ld	a, (0x04, sp)
      00000D AA 40            [ 1]   62 	or	a, #0x40
      00000F A4 7F            [ 1]   63 	and	a, #0x7f
      000011 C7 50 D2         [ 1]   64 	ld	0x50d2, a
                                     65 ;	./src/stm8s_wwdg_Init.c: 58: }
      000014 81               [ 4]   66 	ret
                                     67 	.area CODE
                                     68 	.area CONST
                                     69 	.area INITIALIZER
                                     70 	.area CABS (ABS)
