                                      1 ;--------------------------------------------------------
                                      2 ; File Created by SDCC : free open source ANSI-C Compiler
                                      3 ; Version 3.9.0 #11195 (FreeBSD)
                                      4 ;--------------------------------------------------------
                                      5 	.module stm8s_flash_GetBootSize
                                      6 	.optsdcc -mstm8
                                      7 	
                                      8 ;--------------------------------------------------------
                                      9 ; Public variables in this module
                                     10 ;--------------------------------------------------------
                                     11 	.globl _FLASH_GetBootSize
                                     12 ;--------------------------------------------------------
                                     13 ; ram data
                                     14 ;--------------------------------------------------------
                                     15 	.area DATA
                                     16 ;--------------------------------------------------------
                                     17 ; ram data
                                     18 ;--------------------------------------------------------
                                     19 	.area INITIALIZED
                                     20 ;--------------------------------------------------------
                                     21 ; absolute external ram data
                                     22 ;--------------------------------------------------------
                                     23 	.area DABS (ABS)
                                     24 
                                     25 ; default segment ordering for linker
                                     26 	.area HOME
                                     27 	.area GSINIT
                                     28 	.area GSFINAL
                                     29 	.area CONST
                                     30 	.area INITIALIZER
                                     31 	.area CODE
                                     32 
                                     33 ;--------------------------------------------------------
                                     34 ; global & static initialisations
                                     35 ;--------------------------------------------------------
                                     36 	.area HOME
                                     37 	.area GSINIT
                                     38 	.area GSFINAL
                                     39 	.area GSINIT
                                     40 ;--------------------------------------------------------
                                     41 ; Home
                                     42 ;--------------------------------------------------------
                                     43 	.area HOME
                                     44 	.area HOME
                                     45 ;--------------------------------------------------------
                                     46 ; code
                                     47 ;--------------------------------------------------------
                                     48 	.area CODE
                                     49 ;	./src/stm8s_flash_GetBootSize.c: 47: uint32_t FLASH_GetBootSize(void)
                                     50 ;	-----------------------------------------
                                     51 ;	 function FLASH_GetBootSize
                                     52 ;	-----------------------------------------
      000000                         53 _FLASH_GetBootSize:
      000000 52 04            [ 2]   54 	sub	sp, #4
                                     55 ;	./src/stm8s_flash_GetBootSize.c: 52: temp = (uint32_t)((uint32_t)FLASH->FPR * (uint32_t)512);
      000002 C6 50 5D         [ 1]   56 	ld	a, 0x505d
      000005 5F               [ 1]   57 	clrw	x
      000006 0F 04            [ 1]   58 	clr	(0x04, sp)
      000008 08 04            [ 1]   59 	sll	(0x04, sp)
      00000A 49               [ 1]   60 	rlc	a
      00000B 59               [ 2]   61 	rlcw	x
      00000C 90 95            [ 1]   62 	ld	yh, a
      00000E 7B 04            [ 1]   63 	ld	a, (0x04, sp)
      000010 90 97            [ 1]   64 	ld	yl, a
                                     65 ;	./src/stm8s_flash_GetBootSize.c: 55: if(FLASH->FPR == 0xFF)
      000012 C6 50 5D         [ 1]   66 	ld	a, 0x505d
      000015 4C               [ 1]   67 	inc	a
      000016 26 0B            [ 1]   68 	jrne	00102$
                                     69 ;	./src/stm8s_flash_GetBootSize.c: 57: temp += 512;
      000018 72 A9 02 00      [ 2]   70 	addw	y, #0x0200
      00001C 9F               [ 1]   71 	ld	a, xl
      00001D A9 00            [ 1]   72 	adc	a, #0x00
      00001F 02               [ 1]   73 	rlwa	x
      000020 A9 00            [ 1]   74 	adc	a, #0x00
      000022 95               [ 1]   75 	ld	xh, a
      000023                         76 00102$:
                                     77 ;	./src/stm8s_flash_GetBootSize.c: 61: return(temp);
      000023 51               [ 1]   78 	exgw	x, y
                                     79 ;	./src/stm8s_flash_GetBootSize.c: 62: }
      000024 5B 04            [ 2]   80 	addw	sp, #4
      000026 81               [ 4]   81 	ret
                                     82 	.area CODE
                                     83 	.area CONST
                                     84 	.area INITIALIZER
                                     85 	.area CABS (ABS)
