                                      1 ;--------------------------------------------------------
                                      2 ; File Created by SDCC : free open source ANSI-C Compiler
                                      3 ; Version 3.9.0 #11195 (FreeBSD)
                                      4 ;--------------------------------------------------------
                                      5 	.module stm8s_gpio_ExternalPullUpConfig
                                      6 	.optsdcc -mstm8
                                      7 	
                                      8 ;--------------------------------------------------------
                                      9 ; Public variables in this module
                                     10 ;--------------------------------------------------------
                                     11 	.globl _GPIO_ExternalPullUpConfig
                                     12 ;--------------------------------------------------------
                                     13 ; ram data
                                     14 ;--------------------------------------------------------
                                     15 	.area DATA
                                     16 ;--------------------------------------------------------
                                     17 ; ram data
                                     18 ;--------------------------------------------------------
                                     19 	.area INITIALIZED
                                     20 ;--------------------------------------------------------
                                     21 ; absolute external ram data
                                     22 ;--------------------------------------------------------
                                     23 	.area DABS (ABS)
                                     24 
                                     25 ; default segment ordering for linker
                                     26 	.area HOME
                                     27 	.area GSINIT
                                     28 	.area GSFINAL
                                     29 	.area CONST
                                     30 	.area INITIALIZER
                                     31 	.area CODE
                                     32 
                                     33 ;--------------------------------------------------------
                                     34 ; global & static initialisations
                                     35 ;--------------------------------------------------------
                                     36 	.area HOME
                                     37 	.area GSINIT
                                     38 	.area GSFINAL
                                     39 	.area GSINIT
                                     40 ;--------------------------------------------------------
                                     41 ; Home
                                     42 ;--------------------------------------------------------
                                     43 	.area HOME
                                     44 	.area HOME
                                     45 ;--------------------------------------------------------
                                     46 ; code
                                     47 ;--------------------------------------------------------
                                     48 	.area CODE
                                     49 ;	./src/stm8s_gpio_ExternalPullUpConfig.c: 48: void GPIO_ExternalPullUpConfig(GPIO_TypeDef* GPIOx, GPIO_Pin_TypeDef GPIO_Pin, FunctionalState NewState)
                                     50 ;	-----------------------------------------
                                     51 ;	 function GPIO_ExternalPullUpConfig
                                     52 ;	-----------------------------------------
      000000                         53 _GPIO_ExternalPullUpConfig:
      000000 88               [ 1]   54 	push	a
                                     55 ;	./src/stm8s_gpio_ExternalPullUpConfig.c: 56: GPIOx->CR1 |= (uint8_t)GPIO_Pin;
      000001 1E 04            [ 2]   56 	ldw	x, (0x04, sp)
      000003 1C 00 03         [ 2]   57 	addw	x, #0x0003
      000006 F6               [ 1]   58 	ld	a, (x)
                                     59 ;	./src/stm8s_gpio_ExternalPullUpConfig.c: 54: if (NewState != DISABLE) /* External Pull-Up Set*/
      000007 0D 07            [ 1]   60 	tnz	(0x07, sp)
      000009 27 05            [ 1]   61 	jreq	00102$
                                     62 ;	./src/stm8s_gpio_ExternalPullUpConfig.c: 56: GPIOx->CR1 |= (uint8_t)GPIO_Pin;
      00000B 1A 06            [ 1]   63 	or	a, (0x06, sp)
      00000D F7               [ 1]   64 	ld	(x), a
      00000E 20 0A            [ 2]   65 	jra	00104$
      000010                         66 00102$:
                                     67 ;	./src/stm8s_gpio_ExternalPullUpConfig.c: 59: GPIOx->CR1 &= (uint8_t)(~(GPIO_Pin));
      000010 88               [ 1]   68 	push	a
      000011 7B 07            [ 1]   69 	ld	a, (0x07, sp)
      000013 43               [ 1]   70 	cpl	a
      000014 6B 02            [ 1]   71 	ld	(0x02, sp), a
      000016 84               [ 1]   72 	pop	a
      000017 14 01            [ 1]   73 	and	a, (0x01, sp)
      000019 F7               [ 1]   74 	ld	(x), a
      00001A                         75 00104$:
                                     76 ;	./src/stm8s_gpio_ExternalPullUpConfig.c: 61: }
      00001A 84               [ 1]   77 	pop	a
      00001B 81               [ 4]   78 	ret
                                     79 	.area CODE
                                     80 	.area CONST
                                     81 	.area INITIALIZER
                                     82 	.area CABS (ABS)
