                                      1 ;--------------------------------------------------------
                                      2 ; File Created by SDCC : free open source ANSI-C Compiler
                                      3 ; Version 3.9.0 #11195 (FreeBSD)
                                      4 ;--------------------------------------------------------
                                      5 	.module stm8s_tim1_GetCounter
                                      6 	.optsdcc -mstm8
                                      7 	
                                      8 ;--------------------------------------------------------
                                      9 ; Public variables in this module
                                     10 ;--------------------------------------------------------
                                     11 	.globl _TIM1_GetCounter
                                     12 ;--------------------------------------------------------
                                     13 ; ram data
                                     14 ;--------------------------------------------------------
                                     15 	.area DATA
                                     16 ;--------------------------------------------------------
                                     17 ; ram data
                                     18 ;--------------------------------------------------------
                                     19 	.area INITIALIZED
                                     20 ;--------------------------------------------------------
                                     21 ; absolute external ram data
                                     22 ;--------------------------------------------------------
                                     23 	.area DABS (ABS)
                                     24 
                                     25 ; default segment ordering for linker
                                     26 	.area HOME
                                     27 	.area GSINIT
                                     28 	.area GSFINAL
                                     29 	.area CONST
                                     30 	.area INITIALIZER
                                     31 	.area CODE
                                     32 
                                     33 ;--------------------------------------------------------
                                     34 ; global & static initialisations
                                     35 ;--------------------------------------------------------
                                     36 	.area HOME
                                     37 	.area GSINIT
                                     38 	.area GSFINAL
                                     39 	.area GSINIT
                                     40 ;--------------------------------------------------------
                                     41 ; Home
                                     42 ;--------------------------------------------------------
                                     43 	.area HOME
                                     44 	.area HOME
                                     45 ;--------------------------------------------------------
                                     46 ; code
                                     47 ;--------------------------------------------------------
                                     48 	.area CODE
                                     49 ;	./src/stm8s_tim1_GetCounter.c: 47: uint16_t TIM1_GetCounter(void)
                                     50 ;	-----------------------------------------
                                     51 ;	 function TIM1_GetCounter
                                     52 ;	-----------------------------------------
      000000                         53 _TIM1_GetCounter:
      000000 52 04            [ 2]   54 	sub	sp, #4
                                     55 ;	./src/stm8s_tim1_GetCounter.c: 51: tmpcntr = ((uint16_t)TIM1->CNTRH << 8);
      000002 C6 52 5E         [ 1]   56 	ld	a, 0x525e
      000005 95               [ 1]   57 	ld	xh, a
      000006 4F               [ 1]   58 	clr	a
      000007 6B 02            [ 1]   59 	ld	(0x02, sp), a
                                     60 ;	./src/stm8s_tim1_GetCounter.c: 54: return (uint16_t)(tmpcntr | (uint16_t)(TIM1->CNTRL));
      000009 C6 52 5F         [ 1]   61 	ld	a, 0x525f
      00000C 6B 04            [ 1]   62 	ld	(0x04, sp), a
      00000E 0F 03            [ 1]   63 	clr	(0x03, sp)
      000010 7B 02            [ 1]   64 	ld	a, (0x02, sp)
      000012 1A 04            [ 1]   65 	or	a, (0x04, sp)
      000014 02               [ 1]   66 	rlwa	x
      000015 1A 03            [ 1]   67 	or	a, (0x03, sp)
      000017 95               [ 1]   68 	ld	xh, a
                                     69 ;	./src/stm8s_tim1_GetCounter.c: 55: }
      000018 5B 04            [ 2]   70 	addw	sp, #4
      00001A 81               [ 4]   71 	ret
                                     72 	.area CODE
                                     73 	.area CONST
                                     74 	.area INITIALIZER
                                     75 	.area CABS (ABS)
