                                      1 ;--------------------------------------------------------
                                      2 ; File Created by SDCC : free open source ANSI-C Compiler
                                      3 ; Version 3.9.0 #11195 (FreeBSD)
                                      4 ;--------------------------------------------------------
                                      5 	.module stm8s_tim2_GetFlagStatus
                                      6 	.optsdcc -mstm8
                                      7 	
                                      8 ;--------------------------------------------------------
                                      9 ; Public variables in this module
                                     10 ;--------------------------------------------------------
                                     11 	.globl _TIM2_GetFlagStatus
                                     12 ;--------------------------------------------------------
                                     13 ; ram data
                                     14 ;--------------------------------------------------------
                                     15 	.area DATA
                                     16 ;--------------------------------------------------------
                                     17 ; ram data
                                     18 ;--------------------------------------------------------
                                     19 	.area INITIALIZED
                                     20 ;--------------------------------------------------------
                                     21 ; absolute external ram data
                                     22 ;--------------------------------------------------------
                                     23 	.area DABS (ABS)
                                     24 
                                     25 ; default segment ordering for linker
                                     26 	.area HOME
                                     27 	.area GSINIT
                                     28 	.area GSFINAL
                                     29 	.area CONST
                                     30 	.area INITIALIZER
                                     31 	.area CODE
                                     32 
                                     33 ;--------------------------------------------------------
                                     34 ; global & static initialisations
                                     35 ;--------------------------------------------------------
                                     36 	.area HOME
                                     37 	.area GSINIT
                                     38 	.area GSFINAL
                                     39 	.area GSINIT
                                     40 ;--------------------------------------------------------
                                     41 ; Home
                                     42 ;--------------------------------------------------------
                                     43 	.area HOME
                                     44 	.area HOME
                                     45 ;--------------------------------------------------------
                                     46 ; code
                                     47 ;--------------------------------------------------------
                                     48 	.area CODE
                                     49 ;	./src/stm8s_tim2_GetFlagStatus.c: 55: FlagStatus TIM2_GetFlagStatus(TIM2_FLAG_TypeDef TIM2_FLAG)
                                     50 ;	-----------------------------------------
                                     51 ;	 function TIM2_GetFlagStatus
                                     52 ;	-----------------------------------------
      000000                         53 _TIM2_GetFlagStatus:
      000000 52 03            [ 2]   54 	sub	sp, #3
                                     55 ;	./src/stm8s_tim2_GetFlagStatus.c: 63: tim2_flag_l = (uint8_t)(TIM2->SR1 & (uint8_t)TIM2_FLAG);
      000002 C6 53 04         [ 1]   56 	ld	a, 0x5304
      000005 6B 03            [ 1]   57 	ld	(0x03, sp), a
      000007 7B 07            [ 1]   58 	ld	a, (0x07, sp)
      000009 14 03            [ 1]   59 	and	a, (0x03, sp)
      00000B 6B 01            [ 1]   60 	ld	(0x01, sp), a
                                     61 ;	./src/stm8s_tim2_GetFlagStatus.c: 64: tim2_flag_h = (uint8_t)((uint16_t)TIM2_FLAG >> 8);
      00000D 7B 06            [ 1]   62 	ld	a, (0x06, sp)
      00000F 6B 03            [ 1]   63 	ld	(0x03, sp), a
      000011 0F 02            [ 1]   64 	clr	(0x02, sp)
                                     65 ;	./src/stm8s_tim2_GetFlagStatus.c: 66: if ((tim2_flag_l | (uint8_t)(TIM2->SR2 & tim2_flag_h)) != (uint8_t)RESET )
      000013 C6 53 05         [ 1]   66 	ld	a, 0x5305
      000016 14 03            [ 1]   67 	and	a, (0x03, sp)
      000018 1A 01            [ 1]   68 	or	a, (0x01, sp)
      00001A 27 03            [ 1]   69 	jreq	00102$
                                     70 ;	./src/stm8s_tim2_GetFlagStatus.c: 68: bitstatus = SET;
      00001C A6 01            [ 1]   71 	ld	a, #0x01
                                     72 ;	./src/stm8s_tim2_GetFlagStatus.c: 72: bitstatus = RESET;
      00001E 21                      73 	.byte 0x21
      00001F                         74 00102$:
      00001F 4F               [ 1]   75 	clr	a
      000020                         76 00103$:
                                     77 ;	./src/stm8s_tim2_GetFlagStatus.c: 74: return (FlagStatus)bitstatus;
                                     78 ;	./src/stm8s_tim2_GetFlagStatus.c: 75: }
      000020 5B 03            [ 2]   79 	addw	sp, #3
      000022 81               [ 4]   80 	ret
                                     81 	.area CODE
                                     82 	.area CONST
                                     83 	.area INITIALIZER
                                     84 	.area CABS (ABS)
