                                      1 ;--------------------------------------------------------
                                      2 ; File Created by SDCC : free open source ANSI-C Compiler
                                      3 ; Version 3.9.0 #11195 (FreeBSD)
                                      4 ;--------------------------------------------------------
                                      5 	.module stm8s_i2c_AcknowledgeConfig
                                      6 	.optsdcc -mstm8
                                      7 	
                                      8 ;--------------------------------------------------------
                                      9 ; Public variables in this module
                                     10 ;--------------------------------------------------------
                                     11 	.globl _I2C_AcknowledgeConfig
                                     12 ;--------------------------------------------------------
                                     13 ; ram data
                                     14 ;--------------------------------------------------------
                                     15 	.area DATA
                                     16 ;--------------------------------------------------------
                                     17 ; ram data
                                     18 ;--------------------------------------------------------
                                     19 	.area INITIALIZED
                                     20 ;--------------------------------------------------------
                                     21 ; absolute external ram data
                                     22 ;--------------------------------------------------------
                                     23 	.area DABS (ABS)
                                     24 
                                     25 ; default segment ordering for linker
                                     26 	.area HOME
                                     27 	.area GSINIT
                                     28 	.area GSFINAL
                                     29 	.area CONST
                                     30 	.area INITIALIZER
                                     31 	.area CODE
                                     32 
                                     33 ;--------------------------------------------------------
                                     34 ; global & static initialisations
                                     35 ;--------------------------------------------------------
                                     36 	.area HOME
                                     37 	.area GSINIT
                                     38 	.area GSFINAL
                                     39 	.area GSINIT
                                     40 ;--------------------------------------------------------
                                     41 ; Home
                                     42 ;--------------------------------------------------------
                                     43 	.area HOME
                                     44 	.area HOME
                                     45 ;--------------------------------------------------------
                                     46 ; code
                                     47 ;--------------------------------------------------------
                                     48 	.area CODE
                                     49 ;	./src/stm8s_i2c_AcknowledgeConfig.c: 49: void I2C_AcknowledgeConfig(I2C_Ack_TypeDef Ack)
                                     50 ;	-----------------------------------------
                                     51 ;	 function I2C_AcknowledgeConfig
                                     52 ;	-----------------------------------------
      000000                         53 _I2C_AcknowledgeConfig:
                                     54 ;	./src/stm8s_i2c_AcknowledgeConfig.c: 57: I2C->CR2 &= (uint8_t)(~I2C_CR2_ACK);
      000000 C6 52 11         [ 1]   55 	ld	a, 0x5211
                                     56 ;	./src/stm8s_i2c_AcknowledgeConfig.c: 54: if (Ack == I2C_ACK_NONE)
      000003 0D 03            [ 1]   57 	tnz	(0x03, sp)
      000005 26 06            [ 1]   58 	jrne	00105$
                                     59 ;	./src/stm8s_i2c_AcknowledgeConfig.c: 57: I2C->CR2 &= (uint8_t)(~I2C_CR2_ACK);
      000007 A4 FB            [ 1]   60 	and	a, #0xfb
      000009 C7 52 11         [ 1]   61 	ld	0x5211, a
      00000C 81               [ 4]   62 	ret
      00000D                         63 00105$:
                                     64 ;	./src/stm8s_i2c_AcknowledgeConfig.c: 62: I2C->CR2 |= I2C_CR2_ACK;
      00000D AA 04            [ 1]   65 	or	a, #0x04
      00000F C7 52 11         [ 1]   66 	ld	0x5211, a
                                     67 ;	./src/stm8s_i2c_AcknowledgeConfig.c: 57: I2C->CR2 &= (uint8_t)(~I2C_CR2_ACK);
      000012 C6 52 11         [ 1]   68 	ld	a, 0x5211
                                     69 ;	./src/stm8s_i2c_AcknowledgeConfig.c: 64: if (Ack == I2C_ACK_CURR)
      000015 88               [ 1]   70 	push	a
      000016 7B 04            [ 1]   71 	ld	a, (0x04, sp)
      000018 4A               [ 1]   72 	dec	a
      000019 84               [ 1]   73 	pop	a
      00001A 26 06            [ 1]   74 	jrne	00102$
                                     75 ;	./src/stm8s_i2c_AcknowledgeConfig.c: 67: I2C->CR2 &= (uint8_t)(~I2C_CR2_POS);
      00001C A4 F7            [ 1]   76 	and	a, #0xf7
      00001E C7 52 11         [ 1]   77 	ld	0x5211, a
      000021 81               [ 4]   78 	ret
      000022                         79 00102$:
                                     80 ;	./src/stm8s_i2c_AcknowledgeConfig.c: 72: I2C->CR2 |= I2C_CR2_POS;
      000022 AA 08            [ 1]   81 	or	a, #0x08
      000024 C7 52 11         [ 1]   82 	ld	0x5211, a
                                     83 ;	./src/stm8s_i2c_AcknowledgeConfig.c: 75: }
      000027 81               [ 4]   84 	ret
                                     85 	.area CODE
                                     86 	.area CONST
                                     87 	.area INITIALIZER
                                     88 	.area CABS (ABS)
