                                      1 ;--------------------------------------------------------
                                      2 ; File Created by SDCC : free open source ANSI-C Compiler
                                      3 ; Version 3.9.0 #11195 (FreeBSD)
                                      4 ;--------------------------------------------------------
                                      5 	.module stm8s_uart1_ClearFlag
                                      6 	.optsdcc -mstm8
                                      7 	
                                      8 ;--------------------------------------------------------
                                      9 ; Public variables in this module
                                     10 ;--------------------------------------------------------
                                     11 	.globl _UART1_ClearFlag
                                     12 ;--------------------------------------------------------
                                     13 ; ram data
                                     14 ;--------------------------------------------------------
                                     15 	.area DATA
                                     16 ;--------------------------------------------------------
                                     17 ; ram data
                                     18 ;--------------------------------------------------------
                                     19 	.area INITIALIZED
                                     20 ;--------------------------------------------------------
                                     21 ; absolute external ram data
                                     22 ;--------------------------------------------------------
                                     23 	.area DABS (ABS)
                                     24 
                                     25 ; default segment ordering for linker
                                     26 	.area HOME
                                     27 	.area GSINIT
                                     28 	.area GSFINAL
                                     29 	.area CONST
                                     30 	.area INITIALIZER
                                     31 	.area CODE
                                     32 
                                     33 ;--------------------------------------------------------
                                     34 ; global & static initialisations
                                     35 ;--------------------------------------------------------
                                     36 	.area HOME
                                     37 	.area GSINIT
                                     38 	.area GSFINAL
                                     39 	.area GSINIT
                                     40 ;--------------------------------------------------------
                                     41 ; Home
                                     42 ;--------------------------------------------------------
                                     43 	.area HOME
                                     44 	.area HOME
                                     45 ;--------------------------------------------------------
                                     46 ; code
                                     47 ;--------------------------------------------------------
                                     48 	.area CODE
                                     49 ;	./src/stm8s_uart1_ClearFlag.c: 67: void UART1_ClearFlag(UART1_Flag_TypeDef UART1_FLAG)
                                     50 ;	-----------------------------------------
                                     51 ;	 function UART1_ClearFlag
                                     52 ;	-----------------------------------------
      000000                         53 _UART1_ClearFlag:
                                     54 ;	./src/stm8s_uart1_ClearFlag.c: 72: if (UART1_FLAG == UART1_FLAG_RXNE)
      000000 1E 03            [ 2]   55 	ldw	x, (0x03, sp)
      000002 A3 00 20         [ 2]   56 	cpw	x, #0x0020
      000005 26 05            [ 1]   57 	jrne	00102$
                                     58 ;	./src/stm8s_uart1_ClearFlag.c: 74: UART1->SR = (uint8_t)~(UART1_SR_RXNE);
      000007 35 DF 52 30      [ 1]   59 	mov	0x5230+0, #0xdf
      00000B 81               [ 4]   60 	ret
      00000C                         61 00102$:
                                     62 ;	./src/stm8s_uart1_ClearFlag.c: 79: UART1->CR4 &= (uint8_t)~(UART1_CR4_LBDF);
      00000C 72 19 52 37      [ 1]   63 	bres	21047, #4
                                     64 ;	./src/stm8s_uart1_ClearFlag.c: 81: }
      000010 81               [ 4]   65 	ret
                                     66 	.area CODE
                                     67 	.area CONST
                                     68 	.area INITIALIZER
                                     69 	.area CABS (ABS)
