                                      1 ;--------------------------------------------------------
                                      2 ; File Created by SDCC : free open source ANSI-C Compiler
                                      3 ; Version 3.9.0 #11195 (FreeBSD)
                                      4 ;--------------------------------------------------------
                                      5 	.module stm8s_awu_LSICalibrationConfig
                                      6 	.optsdcc -mstm8
                                      7 	
                                      8 ;--------------------------------------------------------
                                      9 ; Public variables in this module
                                     10 ;--------------------------------------------------------
                                     11 	.globl _AWU_LSICalibrationConfig
                                     12 ;--------------------------------------------------------
                                     13 ; ram data
                                     14 ;--------------------------------------------------------
                                     15 	.area DATA
                                     16 ;--------------------------------------------------------
                                     17 ; ram data
                                     18 ;--------------------------------------------------------
                                     19 	.area INITIALIZED
                                     20 ;--------------------------------------------------------
                                     21 ; absolute external ram data
                                     22 ;--------------------------------------------------------
                                     23 	.area DABS (ABS)
                                     24 
                                     25 ; default segment ordering for linker
                                     26 	.area HOME
                                     27 	.area GSINIT
                                     28 	.area GSFINAL
                                     29 	.area CONST
                                     30 	.area INITIALIZER
                                     31 	.area CODE
                                     32 
                                     33 ;--------------------------------------------------------
                                     34 ; global & static initialisations
                                     35 ;--------------------------------------------------------
                                     36 	.area HOME
                                     37 	.area GSINIT
                                     38 	.area GSFINAL
                                     39 	.area GSINIT
                                     40 ;--------------------------------------------------------
                                     41 ; Home
                                     42 ;--------------------------------------------------------
                                     43 	.area HOME
                                     44 	.area HOME
                                     45 ;--------------------------------------------------------
                                     46 ; code
                                     47 ;--------------------------------------------------------
                                     48 	.area CODE
                                     49 ;	./src/stm8s_awu_LSICalibrationConfig.c: 55: void AWU_LSICalibrationConfig(uint32_t LSIFreqHz)
                                     50 ;	-----------------------------------------
                                     51 ;	 function AWU_LSICalibrationConfig
                                     52 ;	-----------------------------------------
      000000                         53 _AWU_LSICalibrationConfig:
      000000 52 06            [ 2]   54 	sub	sp, #6
                                     55 ;	./src/stm8s_awu_LSICalibrationConfig.c: 63: lsifreqkhz = (uint16_t)(LSIFreqHz / 1000); /* Converts value in kHz */
      000002 4B E8            [ 1]   56 	push	#0xe8
      000004 4B 03            [ 1]   57 	push	#0x03
      000006 5F               [ 1]   58 	clrw	x
      000007 89               [ 2]   59 	pushw	x
      000008 1E 0F            [ 2]   60 	ldw	x, (0x0f, sp)
      00000A 89               [ 2]   61 	pushw	x
      00000B 1E 0F            [ 2]   62 	ldw	x, (0x0f, sp)
      00000D 89               [ 2]   63 	pushw	x
      00000E CDr00r00         [ 4]   64 	call	__divulong
      000011 5B 08            [ 2]   65 	addw	sp, #8
      000013 51               [ 1]   66 	exgw	x, y
                                     67 ;	./src/stm8s_awu_LSICalibrationConfig.c: 67: A = (uint16_t)(lsifreqkhz >> 2U); /* Division by 4, keep integer part only */
      000014 93               [ 1]   68 	ldw	x, y
      000015 54               [ 2]   69 	srlw	x
      000016 54               [ 2]   70 	srlw	x
                                     71 ;	./src/stm8s_awu_LSICalibrationConfig.c: 69: if ((4U * A) >= ((lsifreqkhz - (4U * A)) * (1U + (2U * A))))
      000017 1F 01            [ 2]   72 	ldw	(0x01, sp), x
      000019 58               [ 2]   73 	sllw	x
      00001A 58               [ 2]   74 	sllw	x
      00001B 1F 03            [ 2]   75 	ldw	(0x03, sp), x
      00001D 72 F2 03         [ 2]   76 	subw	y, (0x03, sp)
      000020 1E 01            [ 2]   77 	ldw	x, (0x01, sp)
      000022 58               [ 2]   78 	sllw	x
      000023 5C               [ 1]   79 	incw	x
      000024 89               [ 2]   80 	pushw	x
      000025 90 89            [ 2]   81 	pushw	y
                                     82 ;	./src/stm8s_awu_LSICalibrationConfig.c: 71: AWU->APR = (uint8_t)(A - 2U);
      000027 CDr00r00         [ 4]   83 	call	__mulint
      00002A 5B 04            [ 2]   84 	addw	sp, #4
      00002C 1F 05            [ 2]   85 	ldw	(0x05, sp), x
      00002E 7B 02            [ 1]   86 	ld	a, (0x02, sp)
                                     87 ;	./src/stm8s_awu_LSICalibrationConfig.c: 69: if ((4U * A) >= ((lsifreqkhz - (4U * A)) * (1U + (2U * A))))
      000030 1E 03            [ 2]   88 	ldw	x, (0x03, sp)
      000032 13 05            [ 2]   89 	cpw	x, (0x05, sp)
      000034 25 07            [ 1]   90 	jrc	00102$
                                     91 ;	./src/stm8s_awu_LSICalibrationConfig.c: 71: AWU->APR = (uint8_t)(A - 2U);
      000036 A0 02            [ 1]   92 	sub	a, #0x02
      000038 C7 50 F1         [ 1]   93 	ld	0x50f1, a
      00003B 20 04            [ 2]   94 	jra	00104$
      00003D                         95 00102$:
                                     96 ;	./src/stm8s_awu_LSICalibrationConfig.c: 75: AWU->APR = (uint8_t)(A - 1U);
      00003D 4A               [ 1]   97 	dec	a
      00003E C7 50 F1         [ 1]   98 	ld	0x50f1, a
      000041                         99 00104$:
                                    100 ;	./src/stm8s_awu_LSICalibrationConfig.c: 77: }
      000041 5B 06            [ 2]  101 	addw	sp, #6
      000043 81               [ 4]  102 	ret
                                    103 	.area CODE
                                    104 	.area CONST
                                    105 	.area INITIALIZER
                                    106 	.area CABS (ABS)
