                                      1 ;--------------------------------------------------------
                                      2 ; File Created by SDCC : free open source ANSI-C Compiler
                                      3 ; Version 3.9.0 #11195 (FreeBSD)
                                      4 ;--------------------------------------------------------
                                      5 	.module stm8s_beep_Init
                                      6 	.optsdcc -mstm8
                                      7 	
                                      8 ;--------------------------------------------------------
                                      9 ; Public variables in this module
                                     10 ;--------------------------------------------------------
                                     11 	.globl _BEEP_Init
                                     12 ;--------------------------------------------------------
                                     13 ; ram data
                                     14 ;--------------------------------------------------------
                                     15 	.area DATA
                                     16 ;--------------------------------------------------------
                                     17 ; ram data
                                     18 ;--------------------------------------------------------
                                     19 	.area INITIALIZED
                                     20 ;--------------------------------------------------------
                                     21 ; absolute external ram data
                                     22 ;--------------------------------------------------------
                                     23 	.area DABS (ABS)
                                     24 
                                     25 ; default segment ordering for linker
                                     26 	.area HOME
                                     27 	.area GSINIT
                                     28 	.area GSFINAL
                                     29 	.area CONST
                                     30 	.area INITIALIZER
                                     31 	.area CODE
                                     32 
                                     33 ;--------------------------------------------------------
                                     34 ; global & static initialisations
                                     35 ;--------------------------------------------------------
                                     36 	.area HOME
                                     37 	.area GSINIT
                                     38 	.area GSFINAL
                                     39 	.area GSINIT
                                     40 ;--------------------------------------------------------
                                     41 ; Home
                                     42 ;--------------------------------------------------------
                                     43 	.area HOME
                                     44 	.area HOME
                                     45 ;--------------------------------------------------------
                                     46 ; code
                                     47 ;--------------------------------------------------------
                                     48 	.area CODE
                                     49 ;	./src/stm8s_beep_Init.c: 49: void BEEP_Init(BEEP_Frequency_TypeDef BEEP_Frequency)
                                     50 ;	-----------------------------------------
                                     51 ;	 function BEEP_Init
                                     52 ;	-----------------------------------------
      000000                         53 _BEEP_Init:
                                     54 ;	./src/stm8s_beep_Init.c: 55: if ((BEEP->CSR & BEEP_CSR_BEEPDIV) == BEEP_CSR_BEEPDIV)
      000000 C6 50 F3         [ 1]   55 	ld	a, 0x50f3
      000003 A4 1F            [ 1]   56 	and	a, #0x1f
      000005 A1 1F            [ 1]   57 	cp	a, #0x1f
      000007 26 10            [ 1]   58 	jrne	00102$
                                     59 ;	./src/stm8s_beep_Init.c: 57: BEEP->CSR &= (uint8_t)(~BEEP_CSR_BEEPDIV); /* Clear bits */
      000009 C6 50 F3         [ 1]   60 	ld	a, 0x50f3
      00000C A4 E0            [ 1]   61 	and	a, #0xe0
      00000E C7 50 F3         [ 1]   62 	ld	0x50f3, a
                                     63 ;	./src/stm8s_beep_Init.c: 58: BEEP->CSR |= BEEP_CALIBRATION_DEFAULT;
      000011 C6 50 F3         [ 1]   64 	ld	a, 0x50f3
      000014 AA 0B            [ 1]   65 	or	a, #0x0b
      000016 C7 50 F3         [ 1]   66 	ld	0x50f3, a
      000019                         67 00102$:
                                     68 ;	./src/stm8s_beep_Init.c: 62: BEEP->CSR &= (uint8_t)(~BEEP_CSR_BEEPSEL);
      000019 C6 50 F3         [ 1]   69 	ld	a, 0x50f3
      00001C A4 3F            [ 1]   70 	and	a, #0x3f
      00001E C7 50 F3         [ 1]   71 	ld	0x50f3, a
                                     72 ;	./src/stm8s_beep_Init.c: 63: BEEP->CSR |= (uint8_t)(BEEP_Frequency);
      000021 C6 50 F3         [ 1]   73 	ld	a, 0x50f3
      000024 1A 03            [ 1]   74 	or	a, (0x03, sp)
      000026 C7 50 F3         [ 1]   75 	ld	0x50f3, a
                                     76 ;	./src/stm8s_beep_Init.c: 64: }
      000029 81               [ 4]   77 	ret
                                     78 	.area CODE
                                     79 	.area CONST
                                     80 	.area INITIALIZER
                                     81 	.area CABS (ABS)
