                                      1 ;--------------------------------------------------------
                                      2 ; File Created by SDCC : free open source ANSI-C Compiler
                                      3 ; Version 3.9.0 #11195 (FreeBSD)
                                      4 ;--------------------------------------------------------
                                      5 	.module stm8s_uart1_DeInit
                                      6 	.optsdcc -mstm8
                                      7 	
                                      8 ;--------------------------------------------------------
                                      9 ; Public variables in this module
                                     10 ;--------------------------------------------------------
                                     11 	.globl _UART1_DeInit
                                     12 ;--------------------------------------------------------
                                     13 ; ram data
                                     14 ;--------------------------------------------------------
                                     15 	.area DATA
                                     16 ;--------------------------------------------------------
                                     17 ; ram data
                                     18 ;--------------------------------------------------------
                                     19 	.area INITIALIZED
                                     20 ;--------------------------------------------------------
                                     21 ; absolute external ram data
                                     22 ;--------------------------------------------------------
                                     23 	.area DABS (ABS)
                                     24 
                                     25 ; default segment ordering for linker
                                     26 	.area HOME
                                     27 	.area GSINIT
                                     28 	.area GSFINAL
                                     29 	.area CONST
                                     30 	.area INITIALIZER
                                     31 	.area CODE
                                     32 
                                     33 ;--------------------------------------------------------
                                     34 ; global & static initialisations
                                     35 ;--------------------------------------------------------
                                     36 	.area HOME
                                     37 	.area GSINIT
                                     38 	.area GSFINAL
                                     39 	.area GSINIT
                                     40 ;--------------------------------------------------------
                                     41 ; Home
                                     42 ;--------------------------------------------------------
                                     43 	.area HOME
                                     44 	.area HOME
                                     45 ;--------------------------------------------------------
                                     46 ; code
                                     47 ;--------------------------------------------------------
                                     48 	.area CODE
                                     49 ;	./src/stm8s_uart1_DeInit.c: 46: void UART1_DeInit(void)
                                     50 ;	-----------------------------------------
                                     51 ;	 function UART1_DeInit
                                     52 ;	-----------------------------------------
      000000                         53 _UART1_DeInit:
                                     54 ;	./src/stm8s_uart1_DeInit.c: 50: (void)UART1->SR;
      000000 C6 52 30         [ 1]   55 	ld	a, 0x5230
                                     56 ;	./src/stm8s_uart1_DeInit.c: 51: (void)UART1->DR;
      000003 C6 52 31         [ 1]   57 	ld	a, 0x5231
                                     58 ;	./src/stm8s_uart1_DeInit.c: 53: UART1->BRR2 = UART1_BRR2_RESET_VALUE;  /* Set UART1_BRR2 to reset value 0x00 */
      000006 35 00 52 33      [ 1]   59 	mov	0x5233+0, #0x00
                                     60 ;	./src/stm8s_uart1_DeInit.c: 54: UART1->BRR1 = UART1_BRR1_RESET_VALUE;  /* Set UART1_BRR1 to reset value 0x00 */
      00000A 35 00 52 32      [ 1]   61 	mov	0x5232+0, #0x00
                                     62 ;	./src/stm8s_uart1_DeInit.c: 56: UART1->CR1 = UART1_CR1_RESET_VALUE;  /* Set UART1_CR1 to reset value 0x00 */
      00000E 35 00 52 34      [ 1]   63 	mov	0x5234+0, #0x00
                                     64 ;	./src/stm8s_uart1_DeInit.c: 57: UART1->CR2 = UART1_CR2_RESET_VALUE;  /* Set UART1_CR2 to reset value 0x00 */
      000012 35 00 52 35      [ 1]   65 	mov	0x5235+0, #0x00
                                     66 ;	./src/stm8s_uart1_DeInit.c: 58: UART1->CR3 = UART1_CR3_RESET_VALUE;  /* Set UART1_CR3 to reset value 0x00 */
      000016 35 00 52 36      [ 1]   67 	mov	0x5236+0, #0x00
                                     68 ;	./src/stm8s_uart1_DeInit.c: 59: UART1->CR4 = UART1_CR4_RESET_VALUE;  /* Set UART1_CR4 to reset value 0x00 */
      00001A 35 00 52 37      [ 1]   69 	mov	0x5237+0, #0x00
                                     70 ;	./src/stm8s_uart1_DeInit.c: 60: UART1->CR5 = UART1_CR5_RESET_VALUE;  /* Set UART1_CR5 to reset value 0x00 */
      00001E 35 00 52 38      [ 1]   71 	mov	0x5238+0, #0x00
                                     72 ;	./src/stm8s_uart1_DeInit.c: 62: UART1->GTR = UART1_GTR_RESET_VALUE;
      000022 35 00 52 39      [ 1]   73 	mov	0x5239+0, #0x00
                                     74 ;	./src/stm8s_uart1_DeInit.c: 63: UART1->PSCR = UART1_PSCR_RESET_VALUE;
      000026 35 00 52 3A      [ 1]   75 	mov	0x523a+0, #0x00
                                     76 ;	./src/stm8s_uart1_DeInit.c: 64: }
      00002A 81               [ 4]   77 	ret
                                     78 	.area CODE
                                     79 	.area CONST
                                     80 	.area INITIALIZER
                                     81 	.area CABS (ABS)
