                                      1 ;--------------------------------------------------------
                                      2 ; File Created by SDCC : free open source ANSI-C Compiler
                                      3 ; Version 3.9.0 #11195 (FreeBSD)
                                      4 ;--------------------------------------------------------
                                      5 	.module stm8s_tim1_SelectInputTrigger
                                      6 	.optsdcc -mstm8
                                      7 	
                                      8 ;--------------------------------------------------------
                                      9 ; Public variables in this module
                                     10 ;--------------------------------------------------------
                                     11 	.globl _TIM1_SelectInputTrigger
                                     12 ;--------------------------------------------------------
                                     13 ; ram data
                                     14 ;--------------------------------------------------------
                                     15 	.area DATA
                                     16 ;--------------------------------------------------------
                                     17 ; ram data
                                     18 ;--------------------------------------------------------
                                     19 	.area INITIALIZED
                                     20 ;--------------------------------------------------------
                                     21 ; absolute external ram data
                                     22 ;--------------------------------------------------------
                                     23 	.area DABS (ABS)
                                     24 
                                     25 ; default segment ordering for linker
                                     26 	.area HOME
                                     27 	.area GSINIT
                                     28 	.area GSFINAL
                                     29 	.area CONST
                                     30 	.area INITIALIZER
                                     31 	.area CODE
                                     32 
                                     33 ;--------------------------------------------------------
                                     34 ; global & static initialisations
                                     35 ;--------------------------------------------------------
                                     36 	.area HOME
                                     37 	.area GSINIT
                                     38 	.area GSFINAL
                                     39 	.area GSINIT
                                     40 ;--------------------------------------------------------
                                     41 ; Home
                                     42 ;--------------------------------------------------------
                                     43 	.area HOME
                                     44 	.area HOME
                                     45 ;--------------------------------------------------------
                                     46 ; code
                                     47 ;--------------------------------------------------------
                                     48 	.area CODE
                                     49 ;	./src/stm8s_tim1_SelectInputTrigger.c: 52: void TIM1_SelectInputTrigger(TIM1_TS_TypeDef TIM1_InputTriggerSource)
                                     50 ;	-----------------------------------------
                                     51 ;	 function TIM1_SelectInputTrigger
                                     52 ;	-----------------------------------------
      000000                         53 _TIM1_SelectInputTrigger:
                                     54 ;	./src/stm8s_tim1_SelectInputTrigger.c: 58: TIM1->SMCR = (uint8_t)((uint8_t)(TIM1->SMCR & (uint8_t)(~TIM1_SMCR_TS)) | (uint8_t)TIM1_InputTriggerSource);
      000000 C6 52 52         [ 1]   55 	ld	a, 0x5252
      000003 A4 8F            [ 1]   56 	and	a, #0x8f
      000005 1A 03            [ 1]   57 	or	a, (0x03, sp)
      000007 C7 52 52         [ 1]   58 	ld	0x5252, a
                                     59 ;	./src/stm8s_tim1_SelectInputTrigger.c: 59: }
      00000A 81               [ 4]   60 	ret
                                     61 	.area CODE
                                     62 	.area CONST
                                     63 	.area INITIALIZER
                                     64 	.area CABS (ABS)
