                                      1 ;--------------------------------------------------------
                                      2 ; File Created by SDCC : free open source ANSI-C Compiler
                                      3 ; Version 3.9.0 #11195 (FreeBSD)
                                      4 ;--------------------------------------------------------
                                      5 	.module stm8s_spi_ClearITPendingBit
                                      6 	.optsdcc -mstm8
                                      7 	
                                      8 ;--------------------------------------------------------
                                      9 ; Public variables in this module
                                     10 ;--------------------------------------------------------
                                     11 	.globl _SPI_ClearITPendingBit
                                     12 ;--------------------------------------------------------
                                     13 ; ram data
                                     14 ;--------------------------------------------------------
                                     15 	.area DATA
                                     16 ;--------------------------------------------------------
                                     17 ; ram data
                                     18 ;--------------------------------------------------------
                                     19 	.area INITIALIZED
                                     20 ;--------------------------------------------------------
                                     21 ; absolute external ram data
                                     22 ;--------------------------------------------------------
                                     23 	.area DABS (ABS)
                                     24 
                                     25 ; default segment ordering for linker
                                     26 	.area HOME
                                     27 	.area GSINIT
                                     28 	.area GSFINAL
                                     29 	.area CONST
                                     30 	.area INITIALIZER
                                     31 	.area CODE
                                     32 
                                     33 ;--------------------------------------------------------
                                     34 ; global & static initialisations
                                     35 ;--------------------------------------------------------
                                     36 	.area HOME
                                     37 	.area GSINIT
                                     38 	.area GSFINAL
                                     39 	.area GSINIT
                                     40 ;--------------------------------------------------------
                                     41 ; Home
                                     42 ;--------------------------------------------------------
                                     43 	.area HOME
                                     44 	.area HOME
                                     45 ;--------------------------------------------------------
                                     46 ; code
                                     47 ;--------------------------------------------------------
                                     48 	.area CODE
                                     49 ;	./src/stm8s_spi_ClearITPendingBit.c: 55: void SPI_ClearITPendingBit(SPI_IT_TypeDef SPI_IT)
                                     50 ;	-----------------------------------------
                                     51 ;	 function SPI_ClearITPendingBit
                                     52 ;	-----------------------------------------
      000000                         53 _SPI_ClearITPendingBit:
                                     54 ;	./src/stm8s_spi_ClearITPendingBit.c: 63: itpos = (uint8_t)((uint8_t)1 << (uint8_t)((uint8_t)(SPI_IT & (uint8_t)0xF0) >> 4));
      000000 7B 03            [ 1]   55 	ld	a, (0x03, sp)
      000002 A4 F0            [ 1]   56 	and	a, #0xf0
      000004 4E               [ 1]   57 	swap	a
      000005 A4 0F            [ 1]   58 	and	a, #0x0f
      000007 97               [ 1]   59 	ld	xl, a
      000008 A6 01            [ 1]   60 	ld	a, #0x01
      00000A 88               [ 1]   61 	push	a
      00000B 9F               [ 1]   62 	ld	a, xl
      00000C 4D               [ 1]   63 	tnz	a
      00000D 27 05            [ 1]   64 	jreq	00104$
      00000F                         65 00103$:
      00000F 08 01            [ 1]   66 	sll	(1, sp)
      000011 4A               [ 1]   67 	dec	a
      000012 26 FB            [ 1]   68 	jrne	00103$
      000014                         69 00104$:
      000014 84               [ 1]   70 	pop	a
                                     71 ;	./src/stm8s_spi_ClearITPendingBit.c: 65: SPI->SR = (uint8_t)(~itpos);
      000015 43               [ 1]   72 	cpl	a
      000016 C7 52 03         [ 1]   73 	ld	0x5203, a
                                     74 ;	./src/stm8s_spi_ClearITPendingBit.c: 67: }
      000019 81               [ 4]   75 	ret
                                     76 	.area CODE
                                     77 	.area CONST
                                     78 	.area INITIALIZER
                                     79 	.area CABS (ABS)
