                                      1 ;--------------------------------------------------------
                                      2 ; File Created by SDCC : free open source ANSI-C Compiler
                                      3 ; Version 3.9.0 #11195 (FreeBSD)
                                      4 ;--------------------------------------------------------
                                      5 	.module stm8s_exti_SetTLISensitivity
                                      6 	.optsdcc -mstm8
                                      7 	
                                      8 ;--------------------------------------------------------
                                      9 ; Public variables in this module
                                     10 ;--------------------------------------------------------
                                     11 	.globl _EXTI_SetTLISensitivity
                                     12 ;--------------------------------------------------------
                                     13 ; ram data
                                     14 ;--------------------------------------------------------
                                     15 	.area DATA
                                     16 ;--------------------------------------------------------
                                     17 ; ram data
                                     18 ;--------------------------------------------------------
                                     19 	.area INITIALIZED
                                     20 ;--------------------------------------------------------
                                     21 ; absolute external ram data
                                     22 ;--------------------------------------------------------
                                     23 	.area DABS (ABS)
                                     24 
                                     25 ; default segment ordering for linker
                                     26 	.area HOME
                                     27 	.area GSINIT
                                     28 	.area GSFINAL
                                     29 	.area CONST
                                     30 	.area INITIALIZER
                                     31 	.area CODE
                                     32 
                                     33 ;--------------------------------------------------------
                                     34 ; global & static initialisations
                                     35 ;--------------------------------------------------------
                                     36 	.area HOME
                                     37 	.area GSINIT
                                     38 	.area GSFINAL
                                     39 	.area GSINIT
                                     40 ;--------------------------------------------------------
                                     41 ; Home
                                     42 ;--------------------------------------------------------
                                     43 	.area HOME
                                     44 	.area HOME
                                     45 ;--------------------------------------------------------
                                     46 ; code
                                     47 ;--------------------------------------------------------
                                     48 	.area CODE
                                     49 ;	./src/stm8s_exti_SetTLISensitivity.c: 48: void EXTI_SetTLISensitivity(EXTI_TLISensitivity_TypeDef SensitivityValue)
                                     50 ;	-----------------------------------------
                                     51 ;	 function EXTI_SetTLISensitivity
                                     52 ;	-----------------------------------------
      000000                         53 _EXTI_SetTLISensitivity:
                                     54 ;	./src/stm8s_exti_SetTLISensitivity.c: 54: EXTI->CR2 &= (uint8_t)(~EXTI_CR2_TLIS);
      000000 C6 50 A1         [ 1]   55 	ld	a, 0x50a1
      000003 A4 FB            [ 1]   56 	and	a, #0xfb
      000005 C7 50 A1         [ 1]   57 	ld	0x50a1, a
                                     58 ;	./src/stm8s_exti_SetTLISensitivity.c: 55: EXTI->CR2 |= (uint8_t)(SensitivityValue);
      000008 C6 50 A1         [ 1]   59 	ld	a, 0x50a1
      00000B 1A 03            [ 1]   60 	or	a, (0x03, sp)
      00000D C7 50 A1         [ 1]   61 	ld	0x50a1, a
                                     62 ;	./src/stm8s_exti_SetTLISensitivity.c: 56: }
      000010 81               [ 4]   63 	ret
                                     64 	.area CODE
                                     65 	.area CONST
                                     66 	.area INITIALIZER
                                     67 	.area CABS (ABS)
