                                      1 ;--------------------------------------------------------
                                      2 ; File Created by SDCC : free open source ANSI-C Compiler
                                      3 ; Version 3.9.0 #11195 (FreeBSD)
                                      4 ;--------------------------------------------------------
                                      5 	.module stm8s_adc1_ClearFlag
                                      6 	.optsdcc -mstm8
                                      7 	
                                      8 ;--------------------------------------------------------
                                      9 ; Public variables in this module
                                     10 ;--------------------------------------------------------
                                     11 	.globl _ADC1_ClearFlag
                                     12 ;--------------------------------------------------------
                                     13 ; ram data
                                     14 ;--------------------------------------------------------
                                     15 	.area DATA
                                     16 ;--------------------------------------------------------
                                     17 ; ram data
                                     18 ;--------------------------------------------------------
                                     19 	.area INITIALIZED
                                     20 ;--------------------------------------------------------
                                     21 ; absolute external ram data
                                     22 ;--------------------------------------------------------
                                     23 	.area DABS (ABS)
                                     24 
                                     25 ; default segment ordering for linker
                                     26 	.area HOME
                                     27 	.area GSINIT
                                     28 	.area GSFINAL
                                     29 	.area CONST
                                     30 	.area INITIALIZER
                                     31 	.area CODE
                                     32 
                                     33 ;--------------------------------------------------------
                                     34 ; global & static initialisations
                                     35 ;--------------------------------------------------------
                                     36 	.area HOME
                                     37 	.area GSINIT
                                     38 	.area GSFINAL
                                     39 	.area GSINIT
                                     40 ;--------------------------------------------------------
                                     41 ; Home
                                     42 ;--------------------------------------------------------
                                     43 	.area HOME
                                     44 	.area HOME
                                     45 ;--------------------------------------------------------
                                     46 ; code
                                     47 ;--------------------------------------------------------
                                     48 	.area CODE
                                     49 ;	./src/stm8s_adc1_ClearFlag.c: 47: void ADC1_ClearFlag(ADC1_Flag_TypeDef Flag)
                                     50 ;	-----------------------------------------
                                     51 ;	 function ADC1_ClearFlag
                                     52 ;	-----------------------------------------
      000000                         53 _ADC1_ClearFlag:
      000000 89               [ 2]   54 	pushw	x
                                     55 ;	./src/stm8s_adc1_ClearFlag.c: 54: if ((Flag & 0x0F) == 0x01)
      000001 7B 05            [ 1]   56 	ld	a, (0x05, sp)
      000003 6B 02            [ 1]   57 	ld	(0x02, sp), a
      000005 0F 01            [ 1]   58 	clr	(0x01, sp)
      000007 88               [ 1]   59 	push	a
      000008 7B 03            [ 1]   60 	ld	a, (0x03, sp)
      00000A A4 0F            [ 1]   61 	and	a, #0x0f
      00000C 97               [ 1]   62 	ld	xl, a
      00000D 4F               [ 1]   63 	clr	a
      00000E 95               [ 1]   64 	ld	xh, a
      00000F 84               [ 1]   65 	pop	a
      000010 5A               [ 2]   66 	decw	x
      000011 26 06            [ 1]   67 	jrne	00108$
                                     68 ;	./src/stm8s_adc1_ClearFlag.c: 57: ADC1->CR3 &= (uint8_t)(~ADC1_CR3_OVR);
      000013 72 1D 54 03      [ 1]   69 	bres	21507, #6
      000017 20 59            [ 2]   70 	jra	00110$
      000019                         71 00108$:
                                     72 ;	./src/stm8s_adc1_ClearFlag.c: 59: else if ((Flag & 0xF0) == 0x10)
      000019 7B 02            [ 1]   73 	ld	a, (0x02, sp)
      00001B A4 F0            [ 1]   74 	and	a, #0xf0
      00001D 97               [ 1]   75 	ld	xl, a
      00001E 4F               [ 1]   76 	clr	a
      00001F 95               [ 1]   77 	ld	xh, a
      000020 A3 00 10         [ 2]   78 	cpw	x, #0x0010
      000023 26 40            [ 1]   79 	jrne	00105$
                                     80 ;	./src/stm8s_adc1_ClearFlag.c: 62: temp = (uint8_t)(Flag & (uint8_t)0x0F);
      000025 7B 05            [ 1]   81 	ld	a, (0x05, sp)
      000027 A4 0F            [ 1]   82 	and	a, #0x0f
                                     83 ;	./src/stm8s_adc1_ClearFlag.c: 63: if (temp < 8)
      000029 97               [ 1]   84 	ld	xl, a
      00002A A1 08            [ 1]   85 	cp	a, #0x08
      00002C 24 1A            [ 1]   86 	jrnc	00102$
                                     87 ;	./src/stm8s_adc1_ClearFlag.c: 65: ADC1->AWSRL &= (uint8_t)~(uint8_t)((uint8_t)1 << temp);
      00002E C6 54 0D         [ 1]   88 	ld	a, 0x540d
      000031 6B 02            [ 1]   89 	ld	(0x02, sp), a
      000033 A6 01            [ 1]   90 	ld	a, #0x01
      000035 88               [ 1]   91 	push	a
      000036 9F               [ 1]   92 	ld	a, xl
      000037 4D               [ 1]   93 	tnz	a
      000038 27 05            [ 1]   94 	jreq	00135$
      00003A                         95 00134$:
      00003A 08 01            [ 1]   96 	sll	(1, sp)
      00003C 4A               [ 1]   97 	dec	a
      00003D 26 FB            [ 1]   98 	jrne	00134$
      00003F                         99 00135$:
      00003F 84               [ 1]  100 	pop	a
      000040 43               [ 1]  101 	cpl	a
      000041 14 02            [ 1]  102 	and	a, (0x02, sp)
      000043 C7 54 0D         [ 1]  103 	ld	0x540d, a
      000046 20 2A            [ 2]  104 	jra	00110$
      000048                        105 00102$:
                                    106 ;	./src/stm8s_adc1_ClearFlag.c: 69: ADC1->AWSRH &= (uint8_t)~(uint8_t)((uint8_t)1 << (temp - 8));
      000048 C6 54 0C         [ 1]  107 	ld	a, 0x540c
      00004B 6B 02            [ 1]  108 	ld	(0x02, sp), a
      00004D 1D 00 08         [ 2]  109 	subw	x, #8
      000050 A6 01            [ 1]  110 	ld	a, #0x01
      000052 88               [ 1]  111 	push	a
      000053 9F               [ 1]  112 	ld	a, xl
      000054 4D               [ 1]  113 	tnz	a
      000055 27 05            [ 1]  114 	jreq	00137$
      000057                        115 00136$:
      000057 08 01            [ 1]  116 	sll	(1, sp)
      000059 4A               [ 1]  117 	dec	a
      00005A 26 FB            [ 1]  118 	jrne	00136$
      00005C                        119 00137$:
      00005C 84               [ 1]  120 	pop	a
      00005D 43               [ 1]  121 	cpl	a
      00005E 14 02            [ 1]  122 	and	a, (0x02, sp)
      000060 C7 54 0C         [ 1]  123 	ld	0x540c, a
      000063 20 0D            [ 2]  124 	jra	00110$
      000065                        125 00105$:
                                    126 ;	./src/stm8s_adc1_ClearFlag.c: 74: ADC1->CSR &= (uint8_t) (~Flag);
      000065 C6 54 00         [ 1]  127 	ld	a, 0x5400
      000068 6B 02            [ 1]  128 	ld	(0x02, sp), a
      00006A 7B 05            [ 1]  129 	ld	a, (0x05, sp)
      00006C 43               [ 1]  130 	cpl	a
      00006D 14 02            [ 1]  131 	and	a, (0x02, sp)
      00006F C7 54 00         [ 1]  132 	ld	0x5400, a
      000072                        133 00110$:
                                    134 ;	./src/stm8s_adc1_ClearFlag.c: 76: }
      000072 85               [ 2]  135 	popw	x
      000073 81               [ 4]  136 	ret
                                    137 	.area CODE
                                    138 	.area CONST
                                    139 	.area INITIALIZER
                                    140 	.area CABS (ABS)
