                                      1 ;--------------------------------------------------------
                                      2 ; File Created by SDCC : free open source ANSI-C Compiler
                                      3 ; Version 3.9.0 #11195 (FreeBSD)
                                      4 ;--------------------------------------------------------
                                      5 	.module stm8s_rst_GetFlagStatus
                                      6 	.optsdcc -mstm8
                                      7 	
                                      8 ;--------------------------------------------------------
                                      9 ; Public variables in this module
                                     10 ;--------------------------------------------------------
                                     11 	.globl _RST_GetFlagStatus
                                     12 ;--------------------------------------------------------
                                     13 ; ram data
                                     14 ;--------------------------------------------------------
                                     15 	.area DATA
                                     16 ;--------------------------------------------------------
                                     17 ; ram data
                                     18 ;--------------------------------------------------------
                                     19 	.area INITIALIZED
                                     20 ;--------------------------------------------------------
                                     21 ; absolute external ram data
                                     22 ;--------------------------------------------------------
                                     23 	.area DABS (ABS)
                                     24 
                                     25 ; default segment ordering for linker
                                     26 	.area HOME
                                     27 	.area GSINIT
                                     28 	.area GSFINAL
                                     29 	.area CONST
                                     30 	.area INITIALIZER
                                     31 	.area CODE
                                     32 
                                     33 ;--------------------------------------------------------
                                     34 ; global & static initialisations
                                     35 ;--------------------------------------------------------
                                     36 	.area HOME
                                     37 	.area GSINIT
                                     38 	.area GSFINAL
                                     39 	.area GSINIT
                                     40 ;--------------------------------------------------------
                                     41 ; Home
                                     42 ;--------------------------------------------------------
                                     43 	.area HOME
                                     44 	.area HOME
                                     45 ;--------------------------------------------------------
                                     46 ; code
                                     47 ;--------------------------------------------------------
                                     48 	.area CODE
                                     49 ;	./src/stm8s_rst_GetFlagStatus.c: 47: FlagStatus RST_GetFlagStatus(RST_Flag_TypeDef RST_Flag)
                                     50 ;	-----------------------------------------
                                     51 ;	 function RST_GetFlagStatus
                                     52 ;	-----------------------------------------
      000000                         53 _RST_GetFlagStatus:
                                     54 ;	./src/stm8s_rst_GetFlagStatus.c: 53: return((FlagStatus)(((uint8_t)(RST->SR & RST_Flag) == (uint8_t)0x00) ? RESET : SET));
      000000 C6 50 B3         [ 1]   55 	ld	a, 0x50b3
      000003 14 03            [ 1]   56 	and	a, (0x03, sp)
      000005 26 02            [ 1]   57 	jrne	00103$
      000007 5F               [ 1]   58 	clrw	x
      000008 C5                      59 	.byte 0xc5
      000009                         60 00103$:
      000009 5F               [ 1]   61 	clrw	x
      00000A 5C               [ 1]   62 	incw	x
      00000B                         63 00104$:
      00000B 9F               [ 1]   64 	ld	a, xl
                                     65 ;	./src/stm8s_rst_GetFlagStatus.c: 54: }
      00000C 81               [ 4]   66 	ret
                                     67 	.area CODE
                                     68 	.area CONST
                                     69 	.area INITIALIZER
                                     70 	.area CABS (ABS)
