                                      1 ;--------------------------------------------------------
                                      2 ; File Created by SDCC : free open source ANSI-C Compiler
                                      3 ; Version 3.9.0 #11195 (FreeBSD)
                                      4 ;--------------------------------------------------------
                                      5 	.module stm8s_iwdg_SetPrescaler
                                      6 	.optsdcc -mstm8
                                      7 	
                                      8 ;--------------------------------------------------------
                                      9 ; Public variables in this module
                                     10 ;--------------------------------------------------------
                                     11 	.globl _IWDG_SetPrescaler
                                     12 ;--------------------------------------------------------
                                     13 ; ram data
                                     14 ;--------------------------------------------------------
                                     15 	.area DATA
                                     16 ;--------------------------------------------------------
                                     17 ; ram data
                                     18 ;--------------------------------------------------------
                                     19 	.area INITIALIZED
                                     20 ;--------------------------------------------------------
                                     21 ; absolute external ram data
                                     22 ;--------------------------------------------------------
                                     23 	.area DABS (ABS)
                                     24 
                                     25 ; default segment ordering for linker
                                     26 	.area HOME
                                     27 	.area GSINIT
                                     28 	.area GSFINAL
                                     29 	.area CONST
                                     30 	.area INITIALIZER
                                     31 	.area CODE
                                     32 
                                     33 ;--------------------------------------------------------
                                     34 ; global & static initialisations
                                     35 ;--------------------------------------------------------
                                     36 	.area HOME
                                     37 	.area GSINIT
                                     38 	.area GSFINAL
                                     39 	.area GSINIT
                                     40 ;--------------------------------------------------------
                                     41 ; Home
                                     42 ;--------------------------------------------------------
                                     43 	.area HOME
                                     44 	.area HOME
                                     45 ;--------------------------------------------------------
                                     46 ; code
                                     47 ;--------------------------------------------------------
                                     48 	.area CODE
                                     49 ;	./src/stm8s_iwdg_SetPrescaler.c: 48: void IWDG_SetPrescaler(IWDG_Prescaler_TypeDef IWDG_Prescaler)
                                     50 ;	-----------------------------------------
                                     51 ;	 function IWDG_SetPrescaler
                                     52 ;	-----------------------------------------
      000000                         53 _IWDG_SetPrescaler:
                                     54 ;	./src/stm8s_iwdg_SetPrescaler.c: 53: IWDG->PR = (uint8_t)IWDG_Prescaler;
      000000 AE 50 E1         [ 2]   55 	ldw	x, #0x50e1
      000003 7B 03            [ 1]   56 	ld	a, (0x03, sp)
      000005 F7               [ 1]   57 	ld	(x), a
                                     58 ;	./src/stm8s_iwdg_SetPrescaler.c: 54: }
      000006 81               [ 4]   59 	ret
                                     60 	.area CODE
                                     61 	.area CONST
                                     62 	.area INITIALIZER
                                     63 	.area CABS (ABS)
