                                      1 ;--------------------------------------------------------
                                      2 ; File Created by SDCC : free open source ANSI-C Compiler
                                      3 ; Version 3.9.0 #11195 (FreeBSD)
                                      4 ;--------------------------------------------------------
                                      5 	.module stm8s_tim2_ITConfig
                                      6 	.optsdcc -mstm8
                                      7 	
                                      8 ;--------------------------------------------------------
                                      9 ; Public variables in this module
                                     10 ;--------------------------------------------------------
                                     11 	.globl _TIM2_ITConfig
                                     12 ;--------------------------------------------------------
                                     13 ; ram data
                                     14 ;--------------------------------------------------------
                                     15 	.area DATA
                                     16 ;--------------------------------------------------------
                                     17 ; ram data
                                     18 ;--------------------------------------------------------
                                     19 	.area INITIALIZED
                                     20 ;--------------------------------------------------------
                                     21 ; absolute external ram data
                                     22 ;--------------------------------------------------------
                                     23 	.area DABS (ABS)
                                     24 
                                     25 ; default segment ordering for linker
                                     26 	.area HOME
                                     27 	.area GSINIT
                                     28 	.area GSFINAL
                                     29 	.area CONST
                                     30 	.area INITIALIZER
                                     31 	.area CODE
                                     32 
                                     33 ;--------------------------------------------------------
                                     34 ; global & static initialisations
                                     35 ;--------------------------------------------------------
                                     36 	.area HOME
                                     37 	.area GSINIT
                                     38 	.area GSFINAL
                                     39 	.area GSINIT
                                     40 ;--------------------------------------------------------
                                     41 ; Home
                                     42 ;--------------------------------------------------------
                                     43 	.area HOME
                                     44 	.area HOME
                                     45 ;--------------------------------------------------------
                                     46 ; code
                                     47 ;--------------------------------------------------------
                                     48 	.area CODE
                                     49 ;	./src/stm8s_tim2_ITConfig.c: 55: void TIM2_ITConfig(TIM2_IT_TypeDef TIM2_IT, FunctionalState NewState)
                                     50 ;	-----------------------------------------
                                     51 ;	 function TIM2_ITConfig
                                     52 ;	-----------------------------------------
      000000                         53 _TIM2_ITConfig:
      000000 88               [ 1]   54 	push	a
                                     55 ;	./src/stm8s_tim2_ITConfig.c: 64: TIM2->IER |= (uint8_t)TIM2_IT;
      000001 C6 53 03         [ 1]   56 	ld	a, 0x5303
                                     57 ;	./src/stm8s_tim2_ITConfig.c: 61: if (NewState != DISABLE)
      000004 0D 05            [ 1]   58 	tnz	(0x05, sp)
      000006 27 07            [ 1]   59 	jreq	00102$
                                     60 ;	./src/stm8s_tim2_ITConfig.c: 64: TIM2->IER |= (uint8_t)TIM2_IT;
      000008 1A 04            [ 1]   61 	or	a, (0x04, sp)
      00000A C7 53 03         [ 1]   62 	ld	0x5303, a
      00000D 20 0C            [ 2]   63 	jra	00104$
      00000F                         64 00102$:
                                     65 ;	./src/stm8s_tim2_ITConfig.c: 69: TIM2->IER &= (uint8_t)(~TIM2_IT);
      00000F 88               [ 1]   66 	push	a
      000010 7B 05            [ 1]   67 	ld	a, (0x05, sp)
      000012 43               [ 1]   68 	cpl	a
      000013 6B 02            [ 1]   69 	ld	(0x02, sp), a
      000015 84               [ 1]   70 	pop	a
      000016 14 01            [ 1]   71 	and	a, (0x01, sp)
      000018 C7 53 03         [ 1]   72 	ld	0x5303, a
      00001B                         73 00104$:
                                     74 ;	./src/stm8s_tim2_ITConfig.c: 71: }
      00001B 84               [ 1]   75 	pop	a
      00001C 81               [ 4]   76 	ret
                                     77 	.area CODE
                                     78 	.area CONST
                                     79 	.area INITIALIZER
                                     80 	.area CABS (ABS)
