                                      1 ;--------------------------------------------------------
                                      2 ; File Created by SDCC : free open source ANSI-C Compiler
                                      3 ; Version 3.9.0 #11195 (FreeBSD)
                                      4 ;--------------------------------------------------------
                                      5 	.module stm8s_tim1_ETRConfig
                                      6 	.optsdcc -mstm8
                                      7 	
                                      8 ;--------------------------------------------------------
                                      9 ; Public variables in this module
                                     10 ;--------------------------------------------------------
                                     11 	.globl _TIM1_ETRConfig
                                     12 ;--------------------------------------------------------
                                     13 ; ram data
                                     14 ;--------------------------------------------------------
                                     15 	.area DATA
                                     16 ;--------------------------------------------------------
                                     17 ; ram data
                                     18 ;--------------------------------------------------------
                                     19 	.area INITIALIZED
                                     20 ;--------------------------------------------------------
                                     21 ; absolute external ram data
                                     22 ;--------------------------------------------------------
                                     23 	.area DABS (ABS)
                                     24 
                                     25 ; default segment ordering for linker
                                     26 	.area HOME
                                     27 	.area GSINIT
                                     28 	.area GSFINAL
                                     29 	.area CONST
                                     30 	.area INITIALIZER
                                     31 	.area CODE
                                     32 
                                     33 ;--------------------------------------------------------
                                     34 ; global & static initialisations
                                     35 ;--------------------------------------------------------
                                     36 	.area HOME
                                     37 	.area GSINIT
                                     38 	.area GSFINAL
                                     39 	.area GSINIT
                                     40 ;--------------------------------------------------------
                                     41 ; Home
                                     42 ;--------------------------------------------------------
                                     43 	.area HOME
                                     44 	.area HOME
                                     45 ;--------------------------------------------------------
                                     46 ; code
                                     47 ;--------------------------------------------------------
                                     48 	.area CODE
                                     49 ;	./src/stm8s_tim1_ETRConfig.c: 58: void TIM1_ETRConfig(TIM1_ExtTRGPSC_TypeDef TIM1_ExtTRGPrescaler,
                                     50 ;	-----------------------------------------
                                     51 ;	 function TIM1_ETRConfig
                                     52 ;	-----------------------------------------
      000000                         53 _TIM1_ETRConfig:
      000000 88               [ 1]   54 	push	a
                                     55 ;	./src/stm8s_tim1_ETRConfig.c: 65: TIM1->ETR |= (uint8_t)((uint8_t)(TIM1_ExtTRGPrescaler | (uint8_t)TIM1_ExtTRGPolarity )|
      000001 C6 52 53         [ 1]   56 	ld	a, 0x5253
      000004 6B 01            [ 1]   57 	ld	(0x01, sp), a
      000006 7B 04            [ 1]   58 	ld	a, (0x04, sp)
      000008 1A 05            [ 1]   59 	or	a, (0x05, sp)
                                     60 ;	./src/stm8s_tim1_ETRConfig.c: 66: (uint8_t)ExtTRGFilter );
      00000A 1A 06            [ 1]   61 	or	a, (0x06, sp)
      00000C 1A 01            [ 1]   62 	or	a, (0x01, sp)
      00000E C7 52 53         [ 1]   63 	ld	0x5253, a
                                     64 ;	./src/stm8s_tim1_ETRConfig.c: 67: }
      000011 84               [ 1]   65 	pop	a
      000012 81               [ 4]   66 	ret
                                     67 	.area CODE
                                     68 	.area CONST
                                     69 	.area INITIALIZER
                                     70 	.area CABS (ABS)
