                                      1 ;--------------------------------------------------------
                                      2 ; File Created by SDCC : free open source ANSI-C Compiler
                                      3 ; Version 3.9.0 #11195 (FreeBSD)
                                      4 ;--------------------------------------------------------
                                      5 	.module stm8s_spi_GetCRC
                                      6 	.optsdcc -mstm8
                                      7 	
                                      8 ;--------------------------------------------------------
                                      9 ; Public variables in this module
                                     10 ;--------------------------------------------------------
                                     11 	.globl _SPI_GetCRC
                                     12 ;--------------------------------------------------------
                                     13 ; ram data
                                     14 ;--------------------------------------------------------
                                     15 	.area DATA
                                     16 ;--------------------------------------------------------
                                     17 ; ram data
                                     18 ;--------------------------------------------------------
                                     19 	.area INITIALIZED
                                     20 ;--------------------------------------------------------
                                     21 ; absolute external ram data
                                     22 ;--------------------------------------------------------
                                     23 	.area DABS (ABS)
                                     24 
                                     25 ; default segment ordering for linker
                                     26 	.area HOME
                                     27 	.area GSINIT
                                     28 	.area GSFINAL
                                     29 	.area CONST
                                     30 	.area INITIALIZER
                                     31 	.area CODE
                                     32 
                                     33 ;--------------------------------------------------------
                                     34 ; global & static initialisations
                                     35 ;--------------------------------------------------------
                                     36 	.area HOME
                                     37 	.area GSINIT
                                     38 	.area GSFINAL
                                     39 	.area GSINIT
                                     40 ;--------------------------------------------------------
                                     41 ; Home
                                     42 ;--------------------------------------------------------
                                     43 	.area HOME
                                     44 	.area HOME
                                     45 ;--------------------------------------------------------
                                     46 ; code
                                     47 ;--------------------------------------------------------
                                     48 	.area CODE
                                     49 ;	./src/stm8s_spi_GetCRC.c: 46: uint8_t SPI_GetCRC(SPI_CRC_TypeDef SPI_CRC)
                                     50 ;	-----------------------------------------
                                     51 ;	 function SPI_GetCRC
                                     52 ;	-----------------------------------------
      000000                         53 _SPI_GetCRC:
                                     54 ;	./src/stm8s_spi_GetCRC.c: 53: if (SPI_CRC != SPI_CRC_RX)
      000000 0D 03            [ 1]   55 	tnz	(0x03, sp)
      000002 27 04            [ 1]   56 	jreq	00102$
                                     57 ;	./src/stm8s_spi_GetCRC.c: 55: crcreg = SPI->TXCRCR;  /* Get the Tx CRC register*/
      000004 C6 52 07         [ 1]   58 	ld	a, 0x5207
      000007 81               [ 4]   59 	ret
      000008                         60 00102$:
                                     61 ;	./src/stm8s_spi_GetCRC.c: 59: crcreg = SPI->RXCRCR; /* Get the Rx CRC register*/
      000008 C6 52 06         [ 1]   62 	ld	a, 0x5206
                                     63 ;	./src/stm8s_spi_GetCRC.c: 63: return crcreg;
                                     64 ;	./src/stm8s_spi_GetCRC.c: 64: }
      00000B 81               [ 4]   65 	ret
                                     66 	.area CODE
                                     67 	.area CONST
                                     68 	.area INITIALIZER
                                     69 	.area CABS (ABS)
