                                      1 ;--------------------------------------------------------
                                      2 ; File Created by SDCC : free open source ANSI-C Compiler
                                      3 ; Version 3.9.0 #11195 (FreeBSD)
                                      4 ;--------------------------------------------------------
                                      5 	.module stm8s_clk_GetITStatus
                                      6 	.optsdcc -mstm8
                                      7 	
                                      8 ;--------------------------------------------------------
                                      9 ; Public variables in this module
                                     10 ;--------------------------------------------------------
                                     11 	.globl _CLK_GetITStatus
                                     12 ;--------------------------------------------------------
                                     13 ; ram data
                                     14 ;--------------------------------------------------------
                                     15 	.area DATA
                                     16 ;--------------------------------------------------------
                                     17 ; ram data
                                     18 ;--------------------------------------------------------
                                     19 	.area INITIALIZED
                                     20 ;--------------------------------------------------------
                                     21 ; absolute external ram data
                                     22 ;--------------------------------------------------------
                                     23 	.area DABS (ABS)
                                     24 
                                     25 ; default segment ordering for linker
                                     26 	.area HOME
                                     27 	.area GSINIT
                                     28 	.area GSFINAL
                                     29 	.area CONST
                                     30 	.area INITIALIZER
                                     31 	.area CODE
                                     32 
                                     33 ;--------------------------------------------------------
                                     34 ; global & static initialisations
                                     35 ;--------------------------------------------------------
                                     36 	.area HOME
                                     37 	.area GSINIT
                                     38 	.area GSFINAL
                                     39 	.area GSINIT
                                     40 ;--------------------------------------------------------
                                     41 ; Home
                                     42 ;--------------------------------------------------------
                                     43 	.area HOME
                                     44 	.area HOME
                                     45 ;--------------------------------------------------------
                                     46 ; code
                                     47 ;--------------------------------------------------------
                                     48 	.area CODE
                                     49 ;	./src/stm8s_clk_GetITStatus.c: 48: ITStatus CLK_GetITStatus(CLK_IT_TypeDef CLK_IT)
                                     50 ;	-----------------------------------------
                                     51 ;	 function CLK_GetITStatus
                                     52 ;	-----------------------------------------
      000000                         53 _CLK_GetITStatus:
                                     54 ;	./src/stm8s_clk_GetITStatus.c: 55: if (CLK_IT == CLK_IT_SWIF)
      000000 7B 03            [ 1]   55 	ld	a, (0x03, sp)
      000002 A1 1C            [ 1]   56 	cp	a, #0x1c
      000004 26 0D            [ 1]   57 	jrne	00108$
                                     58 ;	./src/stm8s_clk_GetITStatus.c: 58: if ((CLK->SWCR & (uint8_t)CLK_IT) == (uint8_t)0x0C)
      000006 C6 50 C5         [ 1]   59 	ld	a, 0x50c5
      000009 14 03            [ 1]   60 	and	a, (0x03, sp)
                                     61 ;	./src/stm8s_clk_GetITStatus.c: 60: bitstatus = SET;
      00000B A0 0C            [ 1]   62 	sub	a, #0x0c
      00000D 26 02            [ 1]   63 	jrne	00102$
      00000F 4C               [ 1]   64 	inc	a
      000010 81               [ 4]   65 	ret
      000011                         66 00102$:
                                     67 ;	./src/stm8s_clk_GetITStatus.c: 64: bitstatus = RESET;
      000011 4F               [ 1]   68 	clr	a
      000012 81               [ 4]   69 	ret
      000013                         70 00108$:
                                     71 ;	./src/stm8s_clk_GetITStatus.c: 70: if ((CLK->CSSR & (uint8_t)CLK_IT) == (uint8_t)0x0C)
      000013 C6 50 C8         [ 1]   72 	ld	a, 0x50c8
      000016 14 03            [ 1]   73 	and	a, (0x03, sp)
                                     74 ;	./src/stm8s_clk_GetITStatus.c: 72: bitstatus = SET;
      000018 A0 0C            [ 1]   75 	sub	a, #0x0c
      00001A 26 02            [ 1]   76 	jrne	00105$
      00001C 4C               [ 1]   77 	inc	a
      00001D 81               [ 4]   78 	ret
      00001E                         79 00105$:
                                     80 ;	./src/stm8s_clk_GetITStatus.c: 76: bitstatus = RESET;
      00001E 4F               [ 1]   81 	clr	a
                                     82 ;	./src/stm8s_clk_GetITStatus.c: 81: return bitstatus;
                                     83 ;	./src/stm8s_clk_GetITStatus.c: 82: }
      00001F 81               [ 4]   84 	ret
                                     85 	.area CODE
                                     86 	.area CONST
                                     87 	.area INITIALIZER
                                     88 	.area CABS (ABS)
