                                      1 ;--------------------------------------------------------
                                      2 ; File Created by SDCC : free open source ANSI-C Compiler
                                      3 ; Version 3.9.0 #11195 (FreeBSD)
                                      4 ;--------------------------------------------------------
                                      5 	.module stm8s_i2c_Send7bitAddress
                                      6 	.optsdcc -mstm8
                                      7 	
                                      8 ;--------------------------------------------------------
                                      9 ; Public variables in this module
                                     10 ;--------------------------------------------------------
                                     11 	.globl _I2C_Send7bitAddress
                                     12 ;--------------------------------------------------------
                                     13 ; ram data
                                     14 ;--------------------------------------------------------
                                     15 	.area DATA
                                     16 ;--------------------------------------------------------
                                     17 ; ram data
                                     18 ;--------------------------------------------------------
                                     19 	.area INITIALIZED
                                     20 ;--------------------------------------------------------
                                     21 ; absolute external ram data
                                     22 ;--------------------------------------------------------
                                     23 	.area DABS (ABS)
                                     24 
                                     25 ; default segment ordering for linker
                                     26 	.area HOME
                                     27 	.area GSINIT
                                     28 	.area GSFINAL
                                     29 	.area CONST
                                     30 	.area INITIALIZER
                                     31 	.area CODE
                                     32 
                                     33 ;--------------------------------------------------------
                                     34 ; global & static initialisations
                                     35 ;--------------------------------------------------------
                                     36 	.area HOME
                                     37 	.area GSINIT
                                     38 	.area GSFINAL
                                     39 	.area GSINIT
                                     40 ;--------------------------------------------------------
                                     41 ; Home
                                     42 ;--------------------------------------------------------
                                     43 	.area HOME
                                     44 	.area HOME
                                     45 ;--------------------------------------------------------
                                     46 ; code
                                     47 ;--------------------------------------------------------
                                     48 	.area CODE
                                     49 ;	./src/stm8s_i2c_Send7bitAddress.c: 49: void I2C_Send7bitAddress(uint8_t Address, I2C_Direction_TypeDef Direction)
                                     50 ;	-----------------------------------------
                                     51 ;	 function I2C_Send7bitAddress
                                     52 ;	-----------------------------------------
      000000                         53 _I2C_Send7bitAddress:
                                     54 ;	./src/stm8s_i2c_Send7bitAddress.c: 56: Address &= (uint8_t)0xFE;
      000000 04 03            [ 1]   55 	srl	(0x03, sp)
      000002 08 03            [ 1]   56 	sll	(0x03, sp)
                                     57 ;	./src/stm8s_i2c_Send7bitAddress.c: 59: I2C->DR = (uint8_t)(Address | (uint8_t)Direction);
      000004 7B 03            [ 1]   58 	ld	a, (0x03, sp)
      000006 1A 04            [ 1]   59 	or	a, (0x04, sp)
      000008 C7 52 16         [ 1]   60 	ld	0x5216, a
                                     61 ;	./src/stm8s_i2c_Send7bitAddress.c: 60: }
      00000B 81               [ 4]   62 	ret
                                     63 	.area CODE
                                     64 	.area CONST
                                     65 	.area INITIALIZER
                                     66 	.area CABS (ABS)
