                                      1 ;--------------------------------------------------------
                                      2 ; File Created by SDCC : free open source ANSI-C Compiler
                                      3 ; Version 3.9.0 #11195 (FreeBSD)
                                      4 ;--------------------------------------------------------
                                      5 	.module stm8s_clk_GetClockFreq
                                      6 	.optsdcc -mstm8
                                      7 	
                                      8 ;--------------------------------------------------------
                                      9 ; Public variables in this module
                                     10 ;--------------------------------------------------------
                                     11 	.globl _CLK_GetClockFreq
                                     12 ;--------------------------------------------------------
                                     13 ; ram data
                                     14 ;--------------------------------------------------------
                                     15 	.area DATA
                                     16 ;--------------------------------------------------------
                                     17 ; ram data
                                     18 ;--------------------------------------------------------
                                     19 	.area INITIALIZED
                                     20 ;--------------------------------------------------------
                                     21 ; absolute external ram data
                                     22 ;--------------------------------------------------------
                                     23 	.area DABS (ABS)
                                     24 
                                     25 ; default segment ordering for linker
                                     26 	.area HOME
                                     27 	.area GSINIT
                                     28 	.area GSFINAL
                                     29 	.area CONST
                                     30 	.area INITIALIZER
                                     31 	.area CODE
                                     32 
                                     33 ;--------------------------------------------------------
                                     34 ; global & static initialisations
                                     35 ;--------------------------------------------------------
                                     36 	.area HOME
                                     37 	.area GSINIT
                                     38 	.area GSFINAL
                                     39 	.area GSINIT
                                     40 ;--------------------------------------------------------
                                     41 ; Home
                                     42 ;--------------------------------------------------------
                                     43 	.area HOME
                                     44 	.area HOME
                                     45 ;--------------------------------------------------------
                                     46 ; code
                                     47 ;--------------------------------------------------------
                                     48 	.area CODE
                                     49 ;	./src/stm8s_clk_GetClockFreq.c: 47: uint32_t CLK_GetClockFreq(void)
                                     50 ;	-----------------------------------------
                                     51 ;	 function CLK_GetClockFreq
                                     52 ;	-----------------------------------------
      000000                         53 _CLK_GetClockFreq:
      000000 52 04            [ 2]   54 	sub	sp, #4
                                     55 ;	./src/stm8s_clk_GetClockFreq.c: 54: clocksource = (CLK_Source_TypeDef)CLK->CMSR;
      000002 C6 50 C3         [ 1]   56 	ld	a, 0x50c3
                                     57 ;	./src/stm8s_clk_GetClockFreq.c: 56: if (clocksource == CLK_SOURCE_HSI)
      000005 6B 04            [ 1]   58 	ld	(0x04, sp), a
      000007 A1 E1            [ 1]   59 	cp	a, #0xe1
      000009 26 26            [ 1]   60 	jrne	00105$
                                     61 ;	./src/stm8s_clk_GetClockFreq.c: 58: tmp = (uint8_t)(CLK->CKDIVR & CLK_CKDIVR_HSIDIV);
      00000B C6 50 C6         [ 1]   62 	ld	a, 0x50c6
      00000E A4 18            [ 1]   63 	and	a, #0x18
                                     64 ;	./src/stm8s_clk_GetClockFreq.c: 59: tmp = (uint8_t)(tmp >> 3);
      000010 44               [ 1]   65 	srl	a
      000011 44               [ 1]   66 	srl	a
      000012 44               [ 1]   67 	srl	a
                                     68 ;	./src/stm8s_clk_GetClockFreq.c: 60: presc = HSIDivFactor[tmp];
      000013 5F               [ 1]   69 	clrw	x
      000014 97               [ 1]   70 	ld	xl, a
      000015 1Cr00r00         [ 2]   71 	addw	x, #(_HSIDivFactor + 0)
      000018 F6               [ 1]   72 	ld	a, (x)
                                     73 ;	./src/stm8s_clk_GetClockFreq.c: 61: clockfrequency = HSI_VALUE / presc;
      000019 5F               [ 1]   74 	clrw	x
      00001A 97               [ 1]   75 	ld	xl, a
      00001B 90 5F            [ 1]   76 	clrw	y
      00001D 89               [ 2]   77 	pushw	x
      00001E 90 89            [ 2]   78 	pushw	y
      000020 4B 00            [ 1]   79 	push	#0x00
      000022 4B 24            [ 1]   80 	push	#0x24
      000024 4B F4            [ 1]   81 	push	#0xf4
      000026 4B 00            [ 1]   82 	push	#0x00
      000028 CDr00r00         [ 4]   83 	call	__divulong
      00002B 5B 08            [ 2]   84 	addw	sp, #8
      00002D 1F 03            [ 2]   85 	ldw	(0x03, sp), x
      00002F 20 1A            [ 2]   86 	jra	00106$
      000031                         87 00105$:
                                     88 ;	./src/stm8s_clk_GetClockFreq.c: 63: else if ( clocksource == CLK_SOURCE_LSI)
      000031 7B 04            [ 1]   89 	ld	a, (0x04, sp)
      000033 A1 D2            [ 1]   90 	cp	a, #0xd2
      000035 26 0B            [ 1]   91 	jrne	00102$
                                     92 ;	./src/stm8s_clk_GetClockFreq.c: 65: clockfrequency = LSI_VALUE;
      000037 AE F4 00         [ 2]   93 	ldw	x, #0xf400
      00003A 1F 03            [ 2]   94 	ldw	(0x03, sp), x
      00003C 90 AE 00 01      [ 2]   95 	ldw	y, #0x0001
      000040 20 09            [ 2]   96 	jra	00106$
      000042                         97 00102$:
                                     98 ;	./src/stm8s_clk_GetClockFreq.c: 69: clockfrequency = HSE_VALUE;
      000042 AE 24 00         [ 2]   99 	ldw	x, #0x2400
      000045 1F 03            [ 2]  100 	ldw	(0x03, sp), x
      000047 90 AE 00 F4      [ 2]  101 	ldw	y, #0x00f4
      00004B                        102 00106$:
                                    103 ;	./src/stm8s_clk_GetClockFreq.c: 72: return((uint32_t)clockfrequency);
      00004B 1E 03            [ 2]  104 	ldw	x, (0x03, sp)
                                    105 ;	./src/stm8s_clk_GetClockFreq.c: 73: }
      00004D 5B 04            [ 2]  106 	addw	sp, #4
      00004F 81               [ 4]  107 	ret
                                    108 	.area CODE
                                    109 	.area CONST
                                    110 	.area INITIALIZER
                                    111 	.area CABS (ABS)
