                                      1 ;--------------------------------------------------------
                                      2 ; File Created by SDCC : free open source ANSI-C Compiler
                                      3 ; Version 3.9.0 #11195 (FreeBSD)
                                      4 ;--------------------------------------------------------
                                      5 	.module stm8s_tim2_PWMIConfig
                                      6 	.optsdcc -mstm8
                                      7 	
                                      8 ;--------------------------------------------------------
                                      9 ; Public variables in this module
                                     10 ;--------------------------------------------------------
                                     11 	.globl _TIM2_TI2_Config
                                     12 	.globl _TIM2_TI1_Config
                                     13 	.globl _TIM2_SetIC2Prescaler
                                     14 	.globl _TIM2_SetIC1Prescaler
                                     15 	.globl _TIM2_PWMIConfig
                                     16 ;--------------------------------------------------------
                                     17 ; ram data
                                     18 ;--------------------------------------------------------
                                     19 	.area DATA
                                     20 ;--------------------------------------------------------
                                     21 ; ram data
                                     22 ;--------------------------------------------------------
                                     23 	.area INITIALIZED
                                     24 ;--------------------------------------------------------
                                     25 ; absolute external ram data
                                     26 ;--------------------------------------------------------
                                     27 	.area DABS (ABS)
                                     28 
                                     29 ; default segment ordering for linker
                                     30 	.area HOME
                                     31 	.area GSINIT
                                     32 	.area GSFINAL
                                     33 	.area CONST
                                     34 	.area INITIALIZER
                                     35 	.area CODE
                                     36 
                                     37 ;--------------------------------------------------------
                                     38 ; global & static initialisations
                                     39 ;--------------------------------------------------------
                                     40 	.area HOME
                                     41 	.area GSINIT
                                     42 	.area GSFINAL
                                     43 	.area GSINIT
                                     44 ;--------------------------------------------------------
                                     45 ; Home
                                     46 ;--------------------------------------------------------
                                     47 	.area HOME
                                     48 	.area HOME
                                     49 ;--------------------------------------------------------
                                     50 ; code
                                     51 ;--------------------------------------------------------
                                     52 	.area CODE
                                     53 ;	./src/stm8s_tim2_PWMIConfig.c: 51: void TIM2_PWMIConfig(TIM2_Channel_TypeDef TIM2_Channel,
                                     54 ;	-----------------------------------------
                                     55 ;	 function TIM2_PWMIConfig
                                     56 ;	-----------------------------------------
      000000                         57 _TIM2_PWMIConfig:
      000000 89               [ 2]   58 	pushw	x
                                     59 ;	./src/stm8s_tim2_PWMIConfig.c: 67: if (TIM2_ICPolarity != TIM2_ICPOLARITY_FALLING)
      000001 7B 06            [ 1]   60 	ld	a, (0x06, sp)
      000003 A1 44            [ 1]   61 	cp	a, #0x44
      000005 27 05            [ 1]   62 	jreq	00102$
                                     63 ;	./src/stm8s_tim2_PWMIConfig.c: 69: icpolarity = (uint8_t)TIM2_ICPOLARITY_FALLING;
      000007 A6 44            [ 1]   64 	ld	a, #0x44
      000009 6B 01            [ 1]   65 	ld	(0x01, sp), a
                                     66 ;	./src/stm8s_tim2_PWMIConfig.c: 73: icpolarity = (uint8_t)TIM2_ICPOLARITY_RISING;
      00000B C5                      67 	.byte 0xc5
      00000C                         68 00102$:
      00000C 0F 01            [ 1]   69 	clr	(0x01, sp)
      00000E                         70 00103$:
                                     71 ;	./src/stm8s_tim2_PWMIConfig.c: 77: if (TIM2_ICSelection == TIM2_ICSELECTION_DIRECTTI)
      00000E 7B 07            [ 1]   72 	ld	a, (0x07, sp)
      000010 4A               [ 1]   73 	dec	a
      000011 26 06            [ 1]   74 	jrne	00105$
                                     75 ;	./src/stm8s_tim2_PWMIConfig.c: 79: icselection = (uint8_t)TIM2_ICSELECTION_INDIRECTTI;
      000013 A6 02            [ 1]   76 	ld	a, #0x02
      000015 6B 02            [ 1]   77 	ld	(0x02, sp), a
      000017 20 04            [ 2]   78 	jra	00106$
      000019                         79 00105$:
                                     80 ;	./src/stm8s_tim2_PWMIConfig.c: 83: icselection = (uint8_t)TIM2_ICSELECTION_DIRECTTI;
      000019 A6 01            [ 1]   81 	ld	a, #0x01
      00001B 6B 02            [ 1]   82 	ld	(0x02, sp), a
      00001D                         83 00106$:
                                     84 ;	./src/stm8s_tim2_PWMIConfig.c: 86: if (TIM2_Channel == TIM2_CHANNEL_1)
      00001D 0D 05            [ 1]   85 	tnz	(0x05, sp)
      00001F 26 2C            [ 1]   86 	jrne	00108$
                                     87 ;	./src/stm8s_tim2_PWMIConfig.c: 89: TIM2_TI1_Config((uint8_t)TIM2_ICPolarity, (uint8_t)TIM2_ICSelection,
      000021 7B 09            [ 1]   88 	ld	a, (0x09, sp)
      000023 88               [ 1]   89 	push	a
      000024 7B 08            [ 1]   90 	ld	a, (0x08, sp)
      000026 88               [ 1]   91 	push	a
      000027 7B 08            [ 1]   92 	ld	a, (0x08, sp)
      000029 88               [ 1]   93 	push	a
      00002A CDr00r00         [ 4]   94 	call	_TIM2_TI1_Config
      00002D 5B 03            [ 2]   95 	addw	sp, #3
                                     96 ;	./src/stm8s_tim2_PWMIConfig.c: 93: TIM2_SetIC1Prescaler(TIM2_ICPrescaler);
      00002F 7B 08            [ 1]   97 	ld	a, (0x08, sp)
      000031 88               [ 1]   98 	push	a
      000032 CDr00r00         [ 4]   99 	call	_TIM2_SetIC1Prescaler
      000035 84               [ 1]  100 	pop	a
                                    101 ;	./src/stm8s_tim2_PWMIConfig.c: 96: TIM2_TI2_Config(icpolarity, icselection, TIM2_ICFilter);
      000036 7B 09            [ 1]  102 	ld	a, (0x09, sp)
      000038 88               [ 1]  103 	push	a
      000039 7B 03            [ 1]  104 	ld	a, (0x03, sp)
      00003B 88               [ 1]  105 	push	a
      00003C 7B 03            [ 1]  106 	ld	a, (0x03, sp)
      00003E 88               [ 1]  107 	push	a
      00003F CDr00r00         [ 4]  108 	call	_TIM2_TI2_Config
      000042 5B 03            [ 2]  109 	addw	sp, #3
                                    110 ;	./src/stm8s_tim2_PWMIConfig.c: 99: TIM2_SetIC2Prescaler(TIM2_ICPrescaler);
      000044 7B 08            [ 1]  111 	ld	a, (0x08, sp)
      000046 88               [ 1]  112 	push	a
      000047 CDr00r00         [ 4]  113 	call	_TIM2_SetIC2Prescaler
      00004A 84               [ 1]  114 	pop	a
      00004B 20 2A            [ 2]  115 	jra	00110$
      00004D                        116 00108$:
                                    117 ;	./src/stm8s_tim2_PWMIConfig.c: 104: TIM2_TI2_Config((uint8_t)TIM2_ICPolarity, (uint8_t)TIM2_ICSelection,
      00004D 7B 09            [ 1]  118 	ld	a, (0x09, sp)
      00004F 88               [ 1]  119 	push	a
      000050 7B 08            [ 1]  120 	ld	a, (0x08, sp)
      000052 88               [ 1]  121 	push	a
      000053 7B 08            [ 1]  122 	ld	a, (0x08, sp)
      000055 88               [ 1]  123 	push	a
      000056 CDr00r00         [ 4]  124 	call	_TIM2_TI2_Config
      000059 5B 03            [ 2]  125 	addw	sp, #3
                                    126 ;	./src/stm8s_tim2_PWMIConfig.c: 108: TIM2_SetIC2Prescaler(TIM2_ICPrescaler);
      00005B 7B 08            [ 1]  127 	ld	a, (0x08, sp)
      00005D 88               [ 1]  128 	push	a
      00005E CDr00r00         [ 4]  129 	call	_TIM2_SetIC2Prescaler
      000061 84               [ 1]  130 	pop	a
                                    131 ;	./src/stm8s_tim2_PWMIConfig.c: 111: TIM2_TI1_Config((uint8_t)icpolarity, icselection, (uint8_t)TIM2_ICFilter);
      000062 7B 09            [ 1]  132 	ld	a, (0x09, sp)
      000064 88               [ 1]  133 	push	a
      000065 7B 03            [ 1]  134 	ld	a, (0x03, sp)
      000067 88               [ 1]  135 	push	a
      000068 7B 03            [ 1]  136 	ld	a, (0x03, sp)
      00006A 88               [ 1]  137 	push	a
      00006B CDr00r00         [ 4]  138 	call	_TIM2_TI1_Config
      00006E 5B 03            [ 2]  139 	addw	sp, #3
                                    140 ;	./src/stm8s_tim2_PWMIConfig.c: 114: TIM2_SetIC1Prescaler(TIM2_ICPrescaler);
      000070 7B 08            [ 1]  141 	ld	a, (0x08, sp)
      000072 88               [ 1]  142 	push	a
      000073 CDr00r00         [ 4]  143 	call	_TIM2_SetIC1Prescaler
      000076 84               [ 1]  144 	pop	a
      000077                        145 00110$:
                                    146 ;	./src/stm8s_tim2_PWMIConfig.c: 116: }
      000077 85               [ 2]  147 	popw	x
      000078 81               [ 4]  148 	ret
                                    149 	.area CODE
                                    150 	.area CONST
                                    151 	.area INITIALIZER
                                    152 	.area CABS (ABS)
