                                      1 ;--------------------------------------------------------
                                      2 ; File Created by SDCC : free open source ANSI-C Compiler
                                      3 ; Version 3.9.0 #11195 (FreeBSD)
                                      4 ;--------------------------------------------------------
                                      5 	.module stm8s_uart1_SetAddress
                                      6 	.optsdcc -mstm8
                                      7 	
                                      8 ;--------------------------------------------------------
                                      9 ; Public variables in this module
                                     10 ;--------------------------------------------------------
                                     11 	.globl _UART1_SetAddress
                                     12 ;--------------------------------------------------------
                                     13 ; ram data
                                     14 ;--------------------------------------------------------
                                     15 	.area DATA
                                     16 ;--------------------------------------------------------
                                     17 ; ram data
                                     18 ;--------------------------------------------------------
                                     19 	.area INITIALIZED
                                     20 ;--------------------------------------------------------
                                     21 ; absolute external ram data
                                     22 ;--------------------------------------------------------
                                     23 	.area DABS (ABS)
                                     24 
                                     25 ; default segment ordering for linker
                                     26 	.area HOME
                                     27 	.area GSINIT
                                     28 	.area GSFINAL
                                     29 	.area CONST
                                     30 	.area INITIALIZER
                                     31 	.area CODE
                                     32 
                                     33 ;--------------------------------------------------------
                                     34 ; global & static initialisations
                                     35 ;--------------------------------------------------------
                                     36 	.area HOME
                                     37 	.area GSINIT
                                     38 	.area GSFINAL
                                     39 	.area GSINIT
                                     40 ;--------------------------------------------------------
                                     41 ; Home
                                     42 ;--------------------------------------------------------
                                     43 	.area HOME
                                     44 	.area HOME
                                     45 ;--------------------------------------------------------
                                     46 ; code
                                     47 ;--------------------------------------------------------
                                     48 	.area CODE
                                     49 ;	./src/stm8s_uart1_SetAddress.c: 46: void UART1_SetAddress(uint8_t UART1_Address)
                                     50 ;	-----------------------------------------
                                     51 ;	 function UART1_SetAddress
                                     52 ;	-----------------------------------------
      000000                         53 _UART1_SetAddress:
                                     54 ;	./src/stm8s_uart1_SetAddress.c: 52: UART1->CR4 &= ((uint8_t)~UART1_CR4_ADD);
      000000 C6 52 37         [ 1]   55 	ld	a, 0x5237
      000003 A4 F0            [ 1]   56 	and	a, #0xf0
      000005 C7 52 37         [ 1]   57 	ld	0x5237, a
                                     58 ;	./src/stm8s_uart1_SetAddress.c: 54: UART1->CR4 |= UART1_Address;
      000008 C6 52 37         [ 1]   59 	ld	a, 0x5237
      00000B 1A 03            [ 1]   60 	or	a, (0x03, sp)
      00000D C7 52 37         [ 1]   61 	ld	0x5237, a
                                     62 ;	./src/stm8s_uart1_SetAddress.c: 55: }
      000010 81               [ 4]   63 	ret
                                     64 	.area CODE
                                     65 	.area CONST
                                     66 	.area INITIALIZER
                                     67 	.area CABS (ABS)
