                                      1 ;--------------------------------------------------------
                                      2 ; File Created by SDCC : free open source ANSI-C Compiler
                                      3 ; Version 3.9.0 #11195 (FreeBSD)
                                      4 ;--------------------------------------------------------
                                      5 	.module stm8s_uart1_ITConfig
                                      6 	.optsdcc -mstm8
                                      7 	
                                      8 ;--------------------------------------------------------
                                      9 ; Public variables in this module
                                     10 ;--------------------------------------------------------
                                     11 	.globl _UART1_ITConfig
                                     12 ;--------------------------------------------------------
                                     13 ; ram data
                                     14 ;--------------------------------------------------------
                                     15 	.area DATA
                                     16 ;--------------------------------------------------------
                                     17 ; ram data
                                     18 ;--------------------------------------------------------
                                     19 	.area INITIALIZED
                                     20 ;--------------------------------------------------------
                                     21 ; absolute external ram data
                                     22 ;--------------------------------------------------------
                                     23 	.area DABS (ABS)
                                     24 
                                     25 ; default segment ordering for linker
                                     26 	.area HOME
                                     27 	.area GSINIT
                                     28 	.area GSFINAL
                                     29 	.area CONST
                                     30 	.area INITIALIZER
                                     31 	.area CODE
                                     32 
                                     33 ;--------------------------------------------------------
                                     34 ; global & static initialisations
                                     35 ;--------------------------------------------------------
                                     36 	.area HOME
                                     37 	.area GSINIT
                                     38 	.area GSFINAL
                                     39 	.area GSINIT
                                     40 ;--------------------------------------------------------
                                     41 ; Home
                                     42 ;--------------------------------------------------------
                                     43 	.area HOME
                                     44 	.area HOME
                                     45 ;--------------------------------------------------------
                                     46 ; code
                                     47 ;--------------------------------------------------------
                                     48 	.area CODE
                                     49 ;	./src/stm8s_uart1_ITConfig.c: 54: void UART1_ITConfig(UART1_IT_TypeDef UART1_IT, FunctionalState NewState)
                                     50 ;	-----------------------------------------
                                     51 ;	 function UART1_ITConfig
                                     52 ;	-----------------------------------------
      000000                         53 _UART1_ITConfig:
      000000 89               [ 2]   54 	pushw	x
                                     55 ;	./src/stm8s_uart1_ITConfig.c: 63: uartreg = (uint8_t)((uint16_t)UART1_IT >> 0x08);
      000001 7B 05            [ 1]   56 	ld	a, (0x05, sp)
      000003 97               [ 1]   57 	ld	xl, a
                                     58 ;	./src/stm8s_uart1_ITConfig.c: 65: itpos = (uint8_t)((uint8_t)1 << (uint8_t)((uint8_t)UART1_IT & (uint8_t)0x0F));
      000004 7B 06            [ 1]   59 	ld	a, (0x06, sp)
      000006 A4 0F            [ 1]   60 	and	a, #0x0f
      000008 88               [ 1]   61 	push	a
      000009 A6 01            [ 1]   62 	ld	a, #0x01
      00000B 6B 03            [ 1]   63 	ld	(0x03, sp), a
      00000D 84               [ 1]   64 	pop	a
      00000E 4D               [ 1]   65 	tnz	a
      00000F 27 05            [ 1]   66 	jreq	00144$
      000011                         67 00143$:
      000011 08 02            [ 1]   68 	sll	(0x02, sp)
      000013 4A               [ 1]   69 	dec	a
      000014 26 FB            [ 1]   70 	jrne	00143$
      000016                         71 00144$:
                                     72 ;	./src/stm8s_uart1_ITConfig.c: 70: if (uartreg == 0x01)
      000016 9F               [ 1]   73 	ld	a, xl
      000017 4A               [ 1]   74 	dec	a
      000018 26 05            [ 1]   75 	jrne	00146$
      00001A A6 01            [ 1]   76 	ld	a, #0x01
      00001C 6B 01            [ 1]   77 	ld	(0x01, sp), a
      00001E C5                      78 	.byte 0xc5
      00001F                         79 00146$:
      00001F 0F 01            [ 1]   80 	clr	(0x01, sp)
      000021                         81 00147$:
                                     82 ;	./src/stm8s_uart1_ITConfig.c: 74: else if (uartreg == 0x02)
      000021 9F               [ 1]   83 	ld	a, xl
      000022 A0 02            [ 1]   84 	sub	a, #0x02
      000024 26 02            [ 1]   85 	jrne	00149$
      000026 4C               [ 1]   86 	inc	a
      000027 21                      87 	.byte 0x21
      000028                         88 00149$:
      000028 4F               [ 1]   89 	clr	a
      000029                         90 00150$:
                                     91 ;	./src/stm8s_uart1_ITConfig.c: 67: if (NewState != DISABLE)
      000029 0D 07            [ 1]   92 	tnz	(0x07, sp)
      00002B 27 25            [ 1]   93 	jreq	00114$
                                     94 ;	./src/stm8s_uart1_ITConfig.c: 70: if (uartreg == 0x01)
      00002D 0D 01            [ 1]   95 	tnz	(0x01, sp)
      00002F 27 0A            [ 1]   96 	jreq	00105$
                                     97 ;	./src/stm8s_uart1_ITConfig.c: 72: UART1->CR1 |= itpos;
      000031 C6 52 34         [ 1]   98 	ld	a, 0x5234
      000034 1A 02            [ 1]   99 	or	a, (0x02, sp)
      000036 C7 52 34         [ 1]  100 	ld	0x5234, a
      000039 20 3C            [ 2]  101 	jra	00116$
      00003B                        102 00105$:
                                    103 ;	./src/stm8s_uart1_ITConfig.c: 74: else if (uartreg == 0x02)
      00003B 4D               [ 1]  104 	tnz	a
      00003C 27 0A            [ 1]  105 	jreq	00102$
                                    106 ;	./src/stm8s_uart1_ITConfig.c: 76: UART1->CR2 |= itpos;
      00003E C6 52 35         [ 1]  107 	ld	a, 0x5235
      000041 1A 02            [ 1]  108 	or	a, (0x02, sp)
      000043 C7 52 35         [ 1]  109 	ld	0x5235, a
      000046 20 2F            [ 2]  110 	jra	00116$
      000048                        111 00102$:
                                    112 ;	./src/stm8s_uart1_ITConfig.c: 80: UART1->CR4 |= itpos;
      000048 C6 52 37         [ 1]  113 	ld	a, 0x5237
      00004B 1A 02            [ 1]  114 	or	a, (0x02, sp)
      00004D C7 52 37         [ 1]  115 	ld	0x5237, a
      000050 20 25            [ 2]  116 	jra	00116$
      000052                        117 00114$:
                                    118 ;	./src/stm8s_uart1_ITConfig.c: 88: UART1->CR1 &= (uint8_t)(~itpos);
      000052 03 02            [ 1]  119 	cpl	(0x02, sp)
                                    120 ;	./src/stm8s_uart1_ITConfig.c: 86: if (uartreg == 0x01)
      000054 0D 01            [ 1]  121 	tnz	(0x01, sp)
      000056 27 0A            [ 1]  122 	jreq	00111$
                                    123 ;	./src/stm8s_uart1_ITConfig.c: 88: UART1->CR1 &= (uint8_t)(~itpos);
      000058 C6 52 34         [ 1]  124 	ld	a, 0x5234
      00005B 14 02            [ 1]  125 	and	a, (0x02, sp)
      00005D C7 52 34         [ 1]  126 	ld	0x5234, a
      000060 20 15            [ 2]  127 	jra	00116$
      000062                        128 00111$:
                                    129 ;	./src/stm8s_uart1_ITConfig.c: 90: else if (uartreg == 0x02)
      000062 4D               [ 1]  130 	tnz	a
      000063 27 0A            [ 1]  131 	jreq	00108$
                                    132 ;	./src/stm8s_uart1_ITConfig.c: 92: UART1->CR2 &= (uint8_t)(~itpos);
      000065 C6 52 35         [ 1]  133 	ld	a, 0x5235
      000068 14 02            [ 1]  134 	and	a, (0x02, sp)
      00006A C7 52 35         [ 1]  135 	ld	0x5235, a
      00006D 20 08            [ 2]  136 	jra	00116$
      00006F                        137 00108$:
                                    138 ;	./src/stm8s_uart1_ITConfig.c: 96: UART1->CR4 &= (uint8_t)(~itpos);
      00006F C6 52 37         [ 1]  139 	ld	a, 0x5237
      000072 14 02            [ 1]  140 	and	a, (0x02, sp)
      000074 C7 52 37         [ 1]  141 	ld	0x5237, a
      000077                        142 00116$:
                                    143 ;	./src/stm8s_uart1_ITConfig.c: 100: }
      000077 85               [ 2]  144 	popw	x
      000078 81               [ 4]  145 	ret
                                    146 	.area CODE
                                    147 	.area CONST
                                    148 	.area INITIALIZER
                                    149 	.area CABS (ABS)
