                                      1 ;--------------------------------------------------------
                                      2 ; File Created by SDCC : free open source ANSI-C Compiler
                                      3 ; Version 3.9.0 #11195 (FreeBSD)
                                      4 ;--------------------------------------------------------
                                      5 	.module stm8s_flash_Unlock
                                      6 	.optsdcc -mstm8
                                      7 	
                                      8 ;--------------------------------------------------------
                                      9 ; Public variables in this module
                                     10 ;--------------------------------------------------------
                                     11 	.globl _FLASH_Unlock
                                     12 ;--------------------------------------------------------
                                     13 ; ram data
                                     14 ;--------------------------------------------------------
                                     15 	.area DATA
                                     16 ;--------------------------------------------------------
                                     17 ; ram data
                                     18 ;--------------------------------------------------------
                                     19 	.area INITIALIZED
                                     20 ;--------------------------------------------------------
                                     21 ; absolute external ram data
                                     22 ;--------------------------------------------------------
                                     23 	.area DABS (ABS)
                                     24 
                                     25 ; default segment ordering for linker
                                     26 	.area HOME
                                     27 	.area GSINIT
                                     28 	.area GSFINAL
                                     29 	.area CONST
                                     30 	.area INITIALIZER
                                     31 	.area CODE
                                     32 
                                     33 ;--------------------------------------------------------
                                     34 ; global & static initialisations
                                     35 ;--------------------------------------------------------
                                     36 	.area HOME
                                     37 	.area GSINIT
                                     38 	.area GSFINAL
                                     39 	.area GSINIT
                                     40 ;--------------------------------------------------------
                                     41 ; Home
                                     42 ;--------------------------------------------------------
                                     43 	.area HOME
                                     44 	.area HOME
                                     45 ;--------------------------------------------------------
                                     46 ; code
                                     47 ;--------------------------------------------------------
                                     48 	.area CODE
                                     49 ;	./src/stm8s_flash_Unlock.c: 48: void FLASH_Unlock(FLASH_MemType_TypeDef FLASH_MemType)
                                     50 ;	-----------------------------------------
                                     51 ;	 function FLASH_Unlock
                                     52 ;	-----------------------------------------
      000000                         53 _FLASH_Unlock:
                                     54 ;	./src/stm8s_flash_Unlock.c: 54: if(FLASH_MemType == FLASH_MEMTYPE_PROG)
      000000 7B 03            [ 1]   55 	ld	a, (0x03, sp)
      000002 A1 FD            [ 1]   56 	cp	a, #0xfd
      000004 26 09            [ 1]   57 	jrne	00102$
                                     58 ;	./src/stm8s_flash_Unlock.c: 56: FLASH->PUKR = FLASH_RASS_KEY1;
      000006 35 56 50 62      [ 1]   59 	mov	0x5062+0, #0x56
                                     60 ;	./src/stm8s_flash_Unlock.c: 57: FLASH->PUKR = FLASH_RASS_KEY2;
      00000A 35 AE 50 62      [ 1]   61 	mov	0x5062+0, #0xae
      00000E 81               [ 4]   62 	ret
      00000F                         63 00102$:
                                     64 ;	./src/stm8s_flash_Unlock.c: 62: FLASH->DUKR = FLASH_RASS_KEY2; /* Warning: keys are reversed on data memory !!! */
      00000F 35 AE 50 64      [ 1]   65 	mov	0x5064+0, #0xae
                                     66 ;	./src/stm8s_flash_Unlock.c: 63: FLASH->DUKR = FLASH_RASS_KEY1;
      000013 35 56 50 64      [ 1]   67 	mov	0x5064+0, #0x56
                                     68 ;	./src/stm8s_flash_Unlock.c: 65: }
      000017 81               [ 4]   69 	ret
                                     70 	.area CODE
                                     71 	.area CONST
                                     72 	.area INITIALIZER
                                     73 	.area CABS (ABS)
