                                      1 ;--------------------------------------------------------
                                      2 ; File Created by SDCC : free open source ANSI-C Compiler
                                      3 ; Version 3.9.0 #11195 (FreeBSD)
                                      4 ;--------------------------------------------------------
                                      5 	.module stm8s_tim2_ClearFlag
                                      6 	.optsdcc -mstm8
                                      7 	
                                      8 ;--------------------------------------------------------
                                      9 ; Public variables in this module
                                     10 ;--------------------------------------------------------
                                     11 	.globl _TIM2_ClearFlag
                                     12 ;--------------------------------------------------------
                                     13 ; ram data
                                     14 ;--------------------------------------------------------
                                     15 	.area DATA
                                     16 ;--------------------------------------------------------
                                     17 ; ram data
                                     18 ;--------------------------------------------------------
                                     19 	.area INITIALIZED
                                     20 ;--------------------------------------------------------
                                     21 ; absolute external ram data
                                     22 ;--------------------------------------------------------
                                     23 	.area DABS (ABS)
                                     24 
                                     25 ; default segment ordering for linker
                                     26 	.area HOME
                                     27 	.area GSINIT
                                     28 	.area GSFINAL
                                     29 	.area CONST
                                     30 	.area INITIALIZER
                                     31 	.area CODE
                                     32 
                                     33 ;--------------------------------------------------------
                                     34 ; global & static initialisations
                                     35 ;--------------------------------------------------------
                                     36 	.area HOME
                                     37 	.area GSINIT
                                     38 	.area GSFINAL
                                     39 	.area GSINIT
                                     40 ;--------------------------------------------------------
                                     41 ; Home
                                     42 ;--------------------------------------------------------
                                     43 	.area HOME
                                     44 	.area HOME
                                     45 ;--------------------------------------------------------
                                     46 ; code
                                     47 ;--------------------------------------------------------
                                     48 	.area CODE
                                     49 ;	./src/stm8s_tim2_ClearFlag.c: 55: void TIM2_ClearFlag(TIM2_FLAG_TypeDef TIM2_FLAG)
                                     50 ;	-----------------------------------------
                                     51 ;	 function TIM2_ClearFlag
                                     52 ;	-----------------------------------------
      000000                         53 _TIM2_ClearFlag:
                                     54 ;	./src/stm8s_tim2_ClearFlag.c: 61: TIM2->SR1 = (uint8_t)(~((uint8_t)(TIM2_FLAG)));
      000000 7B 04            [ 1]   55 	ld	a, (0x04, sp)
      000002 43               [ 1]   56 	cpl	a
      000003 C7 53 04         [ 1]   57 	ld	0x5304, a
                                     58 ;	./src/stm8s_tim2_ClearFlag.c: 62: TIM2->SR2 = (uint8_t)(~((uint8_t)((uint8_t)TIM2_FLAG >> 8)));
      000006 35 FF 53 05      [ 1]   59 	mov	0x5305+0, #0xff
                                     60 ;	./src/stm8s_tim2_ClearFlag.c: 63: }
      00000A 81               [ 4]   61 	ret
                                     62 	.area CODE
                                     63 	.area CONST
                                     64 	.area INITIALIZER
                                     65 	.area CABS (ABS)
