                                      1 ;--------------------------------------------------------
                                      2 ; File Created by SDCC : free open source ANSI-C Compiler
                                      3 ; Version 3.9.0 #11195 (FreeBSD)
                                      4 ;--------------------------------------------------------
                                      5 	.module stm8s_uart1_ReceiveData9
                                      6 	.optsdcc -mstm8
                                      7 	
                                      8 ;--------------------------------------------------------
                                      9 ; Public variables in this module
                                     10 ;--------------------------------------------------------
                                     11 	.globl _UART1_ReceiveData9
                                     12 ;--------------------------------------------------------
                                     13 ; ram data
                                     14 ;--------------------------------------------------------
                                     15 	.area DATA
                                     16 ;--------------------------------------------------------
                                     17 ; ram data
                                     18 ;--------------------------------------------------------
                                     19 	.area INITIALIZED
                                     20 ;--------------------------------------------------------
                                     21 ; absolute external ram data
                                     22 ;--------------------------------------------------------
                                     23 	.area DABS (ABS)
                                     24 
                                     25 ; default segment ordering for linker
                                     26 	.area HOME
                                     27 	.area GSINIT
                                     28 	.area GSFINAL
                                     29 	.area CONST
                                     30 	.area INITIALIZER
                                     31 	.area CODE
                                     32 
                                     33 ;--------------------------------------------------------
                                     34 ; global & static initialisations
                                     35 ;--------------------------------------------------------
                                     36 	.area HOME
                                     37 	.area GSINIT
                                     38 	.area GSFINAL
                                     39 	.area GSINIT
                                     40 ;--------------------------------------------------------
                                     41 ; Home
                                     42 ;--------------------------------------------------------
                                     43 	.area HOME
                                     44 	.area HOME
                                     45 ;--------------------------------------------------------
                                     46 ; code
                                     47 ;--------------------------------------------------------
                                     48 	.area CODE
                                     49 ;	./src/stm8s_uart1_ReceiveData9.c: 46: uint16_t UART1_ReceiveData9(void)
                                     50 ;	-----------------------------------------
                                     51 ;	 function UART1_ReceiveData9
                                     52 ;	-----------------------------------------
      000000                         53 _UART1_ReceiveData9:
      000000 89               [ 2]   54 	pushw	x
                                     55 ;	./src/stm8s_uart1_ReceiveData9.c: 50: temp = (uint16_t)(((uint16_t)( (uint16_t)UART1->CR1 & (uint16_t)UART1_CR1_R8)) << 1);
      000001 C6 52 34         [ 1]   56 	ld	a, 0x5234
      000004 A4 80            [ 1]   57 	and	a, #0x80
      000006 97               [ 1]   58 	ld	xl, a
      000007 4F               [ 1]   59 	clr	a
      000008 95               [ 1]   60 	ld	xh, a
      000009 58               [ 2]   61 	sllw	x
                                     62 ;	./src/stm8s_uart1_ReceiveData9.c: 51: return (uint16_t)( (((uint16_t) UART1->DR) | temp ) & ((uint16_t)0x01FF));
      00000A C6 52 31         [ 1]   63 	ld	a, 0x5231
      00000D 6B 02            [ 1]   64 	ld	(0x02, sp), a
      00000F 0F 01            [ 1]   65 	clr	(0x01, sp)
      000011 9F               [ 1]   66 	ld	a, xl
      000012 1A 02            [ 1]   67 	or	a, (0x02, sp)
      000014 02               [ 1]   68 	rlwa	x
      000015 1A 01            [ 1]   69 	or	a, (0x01, sp)
      000017 A4 01            [ 1]   70 	and	a, #0x01
      000019 95               [ 1]   71 	ld	xh, a
                                     72 ;	./src/stm8s_uart1_ReceiveData9.c: 52: }
      00001A 5B 02            [ 2]   73 	addw	sp, #2
      00001C 81               [ 4]   74 	ret
                                     75 	.area CODE
                                     76 	.area CONST
                                     77 	.area INITIALIZER
                                     78 	.area CABS (ABS)
