                                      1 ;--------------------------------------------------------
                                      2 ; File Created by SDCC : free open source ANSI-C Compiler
                                      3 ; Version 3.9.0 #11195 (FreeBSD)
                                      4 ;--------------------------------------------------------
                                      5 	.module stm8s_tim2_SetCompare3
                                      6 	.optsdcc -mstm8
                                      7 	
                                      8 ;--------------------------------------------------------
                                      9 ; Public variables in this module
                                     10 ;--------------------------------------------------------
                                     11 	.globl _TIM2_SetCompare3
                                     12 ;--------------------------------------------------------
                                     13 ; ram data
                                     14 ;--------------------------------------------------------
                                     15 	.area DATA
                                     16 ;--------------------------------------------------------
                                     17 ; ram data
                                     18 ;--------------------------------------------------------
                                     19 	.area INITIALIZED
                                     20 ;--------------------------------------------------------
                                     21 ; absolute external ram data
                                     22 ;--------------------------------------------------------
                                     23 	.area DABS (ABS)
                                     24 
                                     25 ; default segment ordering for linker
                                     26 	.area HOME
                                     27 	.area GSINIT
                                     28 	.area GSFINAL
                                     29 	.area CONST
                                     30 	.area INITIALIZER
                                     31 	.area CODE
                                     32 
                                     33 ;--------------------------------------------------------
                                     34 ; global & static initialisations
                                     35 ;--------------------------------------------------------
                                     36 	.area HOME
                                     37 	.area GSINIT
                                     38 	.area GSFINAL
                                     39 	.area GSINIT
                                     40 ;--------------------------------------------------------
                                     41 ; Home
                                     42 ;--------------------------------------------------------
                                     43 	.area HOME
                                     44 	.area HOME
                                     45 ;--------------------------------------------------------
                                     46 ; code
                                     47 ;--------------------------------------------------------
                                     48 	.area CODE
                                     49 ;	./src/stm8s_tim2_SetCompare3.c: 48: void TIM2_SetCompare3(uint16_t Compare3)
                                     50 ;	-----------------------------------------
                                     51 ;	 function TIM2_SetCompare3
                                     52 ;	-----------------------------------------
      000000                         53 _TIM2_SetCompare3:
      000000 89               [ 2]   54 	pushw	x
                                     55 ;	./src/stm8s_tim2_SetCompare3.c: 51: TIM2->CCR3H = (uint8_t)(Compare3 >> 8);
      000001 7B 05            [ 1]   56 	ld	a, (0x05, sp)
      000003 6B 02            [ 1]   57 	ld	(0x02, sp), a
      000005 0F 01            [ 1]   58 	clr	(0x01, sp)
      000007 7B 02            [ 1]   59 	ld	a, (0x02, sp)
      000009 C7 53 15         [ 1]   60 	ld	0x5315, a
                                     61 ;	./src/stm8s_tim2_SetCompare3.c: 52: TIM2->CCR3L = (uint8_t)(Compare3);
      00000C 7B 06            [ 1]   62 	ld	a, (0x06, sp)
      00000E C7 53 16         [ 1]   63 	ld	0x5316, a
                                     64 ;	./src/stm8s_tim2_SetCompare3.c: 53: }
      000011 85               [ 2]   65 	popw	x
      000012 81               [ 4]   66 	ret
                                     67 	.area CODE
                                     68 	.area CONST
                                     69 	.area INITIALIZER
                                     70 	.area CABS (ABS)
