                                      1 ;--------------------------------------------------------
                                      2 ; File Created by SDCC : free open source ANSI-C Compiler
                                      3 ; Version 3.9.0 #11195 (FreeBSD)
                                      4 ;--------------------------------------------------------
                                      5 	.module stm8s_tim2_TimeBaseInit
                                      6 	.optsdcc -mstm8
                                      7 	
                                      8 ;--------------------------------------------------------
                                      9 ; Public variables in this module
                                     10 ;--------------------------------------------------------
                                     11 	.globl _TIM2_TimeBaseInit
                                     12 ;--------------------------------------------------------
                                     13 ; ram data
                                     14 ;--------------------------------------------------------
                                     15 	.area DATA
                                     16 ;--------------------------------------------------------
                                     17 ; ram data
                                     18 ;--------------------------------------------------------
                                     19 	.area INITIALIZED
                                     20 ;--------------------------------------------------------
                                     21 ; absolute external ram data
                                     22 ;--------------------------------------------------------
                                     23 	.area DABS (ABS)
                                     24 
                                     25 ; default segment ordering for linker
                                     26 	.area HOME
                                     27 	.area GSINIT
                                     28 	.area GSFINAL
                                     29 	.area CONST
                                     30 	.area INITIALIZER
                                     31 	.area CODE
                                     32 
                                     33 ;--------------------------------------------------------
                                     34 ; global & static initialisations
                                     35 ;--------------------------------------------------------
                                     36 	.area HOME
                                     37 	.area GSINIT
                                     38 	.area GSFINAL
                                     39 	.area GSINIT
                                     40 ;--------------------------------------------------------
                                     41 ; Home
                                     42 ;--------------------------------------------------------
                                     43 	.area HOME
                                     44 	.area HOME
                                     45 ;--------------------------------------------------------
                                     46 ; code
                                     47 ;--------------------------------------------------------
                                     48 	.area CODE
                                     49 ;	./src/stm8s_tim2_TimeBaseInit.c: 48: void TIM2_TimeBaseInit( TIM2_Prescaler_TypeDef TIM2_Prescaler,
                                     50 ;	-----------------------------------------
                                     51 ;	 function TIM2_TimeBaseInit
                                     52 ;	-----------------------------------------
      000000                         53 _TIM2_TimeBaseInit:
      000000 89               [ 2]   54 	pushw	x
                                     55 ;	./src/stm8s_tim2_TimeBaseInit.c: 52: TIM2->PSCR = (uint8_t)(TIM2_Prescaler);
      000001 AE 53 0E         [ 2]   56 	ldw	x, #0x530e
      000004 7B 05            [ 1]   57 	ld	a, (0x05, sp)
      000006 F7               [ 1]   58 	ld	(x), a
                                     59 ;	./src/stm8s_tim2_TimeBaseInit.c: 54: TIM2->ARRH = (uint8_t)(TIM2_Period >> 8);
      000007 7B 06            [ 1]   60 	ld	a, (0x06, sp)
      000009 6B 02            [ 1]   61 	ld	(0x02, sp), a
      00000B 0F 01            [ 1]   62 	clr	(0x01, sp)
      00000D 7B 02            [ 1]   63 	ld	a, (0x02, sp)
      00000F C7 53 0F         [ 1]   64 	ld	0x530f, a
                                     65 ;	./src/stm8s_tim2_TimeBaseInit.c: 55: TIM2->ARRL = (uint8_t)(TIM2_Period);
      000012 7B 07            [ 1]   66 	ld	a, (0x07, sp)
      000014 C7 53 10         [ 1]   67 	ld	0x5310, a
                                     68 ;	./src/stm8s_tim2_TimeBaseInit.c: 56: }
      000017 85               [ 2]   69 	popw	x
      000018 81               [ 4]   70 	ret
                                     71 	.area CODE
                                     72 	.area CONST
                                     73 	.area INITIALIZER
                                     74 	.area CABS (ABS)
