                                      1 ;--------------------------------------------------------
                                      2 ; File Created by SDCC : free open source ANSI-C Compiler
                                      3 ; Version 3.9.0 #11195 (FreeBSD)
                                      4 ;--------------------------------------------------------
                                      5 	.module stm8s_tim1_TimeBaseInit
                                      6 	.optsdcc -mstm8
                                      7 	
                                      8 ;--------------------------------------------------------
                                      9 ; Public variables in this module
                                     10 ;--------------------------------------------------------
                                     11 	.globl _TIM1_TimeBaseInit
                                     12 ;--------------------------------------------------------
                                     13 ; ram data
                                     14 ;--------------------------------------------------------
                                     15 	.area DATA
                                     16 ;--------------------------------------------------------
                                     17 ; ram data
                                     18 ;--------------------------------------------------------
                                     19 	.area INITIALIZED
                                     20 ;--------------------------------------------------------
                                     21 ; absolute external ram data
                                     22 ;--------------------------------------------------------
                                     23 	.area DABS (ABS)
                                     24 
                                     25 ; default segment ordering for linker
                                     26 	.area HOME
                                     27 	.area GSINIT
                                     28 	.area GSFINAL
                                     29 	.area CONST
                                     30 	.area INITIALIZER
                                     31 	.area CODE
                                     32 
                                     33 ;--------------------------------------------------------
                                     34 ; global & static initialisations
                                     35 ;--------------------------------------------------------
                                     36 	.area HOME
                                     37 	.area GSINIT
                                     38 	.area GSFINAL
                                     39 	.area GSINIT
                                     40 ;--------------------------------------------------------
                                     41 ; Home
                                     42 ;--------------------------------------------------------
                                     43 	.area HOME
                                     44 	.area HOME
                                     45 ;--------------------------------------------------------
                                     46 ; code
                                     47 ;--------------------------------------------------------
                                     48 	.area CODE
                                     49 ;	./src/stm8s_tim1_TimeBaseInit.c: 50: void TIM1_TimeBaseInit(uint16_t TIM1_Prescaler,
                                     50 ;	-----------------------------------------
                                     51 ;	 function TIM1_TimeBaseInit
                                     52 ;	-----------------------------------------
      000000                         53 _TIM1_TimeBaseInit:
      000000 89               [ 2]   54 	pushw	x
                                     55 ;	./src/stm8s_tim1_TimeBaseInit.c: 59: TIM1->ARRH = (uint8_t)(TIM1_Period >> 8);
      000001 7B 08            [ 1]   56 	ld	a, (0x08, sp)
      000003 6B 02            [ 1]   57 	ld	(0x02, sp), a
      000005 0F 01            [ 1]   58 	clr	(0x01, sp)
      000007 7B 02            [ 1]   59 	ld	a, (0x02, sp)
      000009 C7 52 62         [ 1]   60 	ld	0x5262, a
                                     61 ;	./src/stm8s_tim1_TimeBaseInit.c: 60: TIM1->ARRL = (uint8_t)(TIM1_Period);
      00000C 7B 09            [ 1]   62 	ld	a, (0x09, sp)
      00000E C7 52 63         [ 1]   63 	ld	0x5263, a
                                     64 ;	./src/stm8s_tim1_TimeBaseInit.c: 63: TIM1->PSCRH = (uint8_t)(TIM1_Prescaler >> 8);
      000011 7B 05            [ 1]   65 	ld	a, (0x05, sp)
      000013 6B 02            [ 1]   66 	ld	(0x02, sp), a
      000015 0F 01            [ 1]   67 	clr	(0x01, sp)
      000017 7B 02            [ 1]   68 	ld	a, (0x02, sp)
      000019 C7 52 60         [ 1]   69 	ld	0x5260, a
                                     70 ;	./src/stm8s_tim1_TimeBaseInit.c: 64: TIM1->PSCRL = (uint8_t)(TIM1_Prescaler);
      00001C 7B 06            [ 1]   71 	ld	a, (0x06, sp)
      00001E C7 52 61         [ 1]   72 	ld	0x5261, a
                                     73 ;	./src/stm8s_tim1_TimeBaseInit.c: 67: TIM1->CR1 = (uint8_t)((uint8_t)(TIM1->CR1 & (uint8_t)(~(TIM1_CR1_CMS | TIM1_CR1_DIR)))
      000021 C6 52 50         [ 1]   74 	ld	a, 0x5250
      000024 A4 8F            [ 1]   75 	and	a, #0x8f
                                     76 ;	./src/stm8s_tim1_TimeBaseInit.c: 68: | (uint8_t)(TIM1_CounterMode));
      000026 1A 07            [ 1]   77 	or	a, (0x07, sp)
      000028 C7 52 50         [ 1]   78 	ld	0x5250, a
                                     79 ;	./src/stm8s_tim1_TimeBaseInit.c: 71: TIM1->RCR = TIM1_RepetitionCounter;
      00002B AE 52 64         [ 2]   80 	ldw	x, #0x5264
      00002E 7B 0A            [ 1]   81 	ld	a, (0x0a, sp)
      000030 F7               [ 1]   82 	ld	(x), a
                                     83 ;	./src/stm8s_tim1_TimeBaseInit.c: 72: }
      000031 85               [ 2]   84 	popw	x
      000032 81               [ 4]   85 	ret
                                     86 	.area CODE
                                     87 	.area CONST
                                     88 	.area INITIALIZER
                                     89 	.area CABS (ABS)
