                                      1 ;--------------------------------------------------------
                                      2 ; File Created by SDCC : free open source ANSI-C Compiler
                                      3 ; Version 3.9.0 #11195 (FreeBSD)
                                      4 ;--------------------------------------------------------
                                      5 	.module stm8s_adc1_GetFlagStatus
                                      6 	.optsdcc -mstm8
                                      7 	
                                      8 ;--------------------------------------------------------
                                      9 ; Public variables in this module
                                     10 ;--------------------------------------------------------
                                     11 	.globl _ADC1_GetFlagStatus
                                     12 ;--------------------------------------------------------
                                     13 ; ram data
                                     14 ;--------------------------------------------------------
                                     15 	.area DATA
                                     16 ;--------------------------------------------------------
                                     17 ; ram data
                                     18 ;--------------------------------------------------------
                                     19 	.area INITIALIZED
                                     20 ;--------------------------------------------------------
                                     21 ; absolute external ram data
                                     22 ;--------------------------------------------------------
                                     23 	.area DABS (ABS)
                                     24 
                                     25 ; default segment ordering for linker
                                     26 	.area HOME
                                     27 	.area GSINIT
                                     28 	.area GSFINAL
                                     29 	.area CONST
                                     30 	.area INITIALIZER
                                     31 	.area CODE
                                     32 
                                     33 ;--------------------------------------------------------
                                     34 ; global & static initialisations
                                     35 ;--------------------------------------------------------
                                     36 	.area HOME
                                     37 	.area GSINIT
                                     38 	.area GSFINAL
                                     39 	.area GSINIT
                                     40 ;--------------------------------------------------------
                                     41 ; Home
                                     42 ;--------------------------------------------------------
                                     43 	.area HOME
                                     44 	.area HOME
                                     45 ;--------------------------------------------------------
                                     46 ; code
                                     47 ;--------------------------------------------------------
                                     48 	.area CODE
                                     49 ;	./src/stm8s_adc1_GetFlagStatus.c: 47: FlagStatus ADC1_GetFlagStatus(ADC1_Flag_TypeDef Flag)
                                     50 ;	-----------------------------------------
                                     51 ;	 function ADC1_GetFlagStatus
                                     52 ;	-----------------------------------------
      000000                         53 _ADC1_GetFlagStatus:
      000000 89               [ 2]   54 	pushw	x
                                     55 ;	./src/stm8s_adc1_GetFlagStatus.c: 55: if ((Flag & 0x0F) == 0x01)
      000001 7B 05            [ 1]   56 	ld	a, (0x05, sp)
      000003 6B 02            [ 1]   57 	ld	(0x02, sp), a
      000005 0F 01            [ 1]   58 	clr	(0x01, sp)
      000007 88               [ 1]   59 	push	a
      000008 7B 03            [ 1]   60 	ld	a, (0x03, sp)
      00000A A4 0F            [ 1]   61 	and	a, #0x0f
      00000C 97               [ 1]   62 	ld	xl, a
      00000D 4F               [ 1]   63 	clr	a
      00000E 95               [ 1]   64 	ld	xh, a
      00000F 84               [ 1]   65 	pop	a
      000010 5A               [ 2]   66 	decw	x
      000011 26 07            [ 1]   67 	jrne	00108$
                                     68 ;	./src/stm8s_adc1_GetFlagStatus.c: 58: flagstatus = (uint8_t)(ADC1->CR3 & ADC1_CR3_OVR);
      000013 C6 54 03         [ 1]   69 	ld	a, 0x5403
      000016 A4 40            [ 1]   70 	and	a, #0x40
      000018 20 49            [ 2]   71 	jra	00109$
      00001A                         72 00108$:
                                     73 ;	./src/stm8s_adc1_GetFlagStatus.c: 60: else if ((Flag & 0xF0) == 0x10)
      00001A 7B 02            [ 1]   74 	ld	a, (0x02, sp)
      00001C A4 F0            [ 1]   75 	and	a, #0xf0
      00001E 97               [ 1]   76 	ld	xl, a
      00001F 4F               [ 1]   77 	clr	a
      000020 95               [ 1]   78 	ld	xh, a
      000021 A3 00 10         [ 2]   79 	cpw	x, #0x0010
      000024 26 38            [ 1]   80 	jrne	00105$
                                     81 ;	./src/stm8s_adc1_GetFlagStatus.c: 63: temp = (uint8_t)(Flag & (uint8_t)0x0F);
      000026 7B 05            [ 1]   82 	ld	a, (0x05, sp)
      000028 A4 0F            [ 1]   83 	and	a, #0x0f
                                     84 ;	./src/stm8s_adc1_GetFlagStatus.c: 64: if (temp < 8)
      00002A 97               [ 1]   85 	ld	xl, a
      00002B A1 08            [ 1]   86 	cp	a, #0x08
      00002D 24 16            [ 1]   87 	jrnc	00102$
                                     88 ;	./src/stm8s_adc1_GetFlagStatus.c: 66: flagstatus = (uint8_t)(ADC1->AWSRL & (uint8_t)((uint8_t)1 << temp));
      00002F C6 54 0D         [ 1]   89 	ld	a, 0x540d
      000032 6B 02            [ 1]   90 	ld	(0x02, sp), a
      000034 A6 01            [ 1]   91 	ld	a, #0x01
      000036 88               [ 1]   92 	push	a
      000037 9F               [ 1]   93 	ld	a, xl
      000038 4D               [ 1]   94 	tnz	a
      000039 27 05            [ 1]   95 	jreq	00135$
      00003B                         96 00134$:
      00003B 08 01            [ 1]   97 	sll	(1, sp)
      00003D 4A               [ 1]   98 	dec	a
      00003E 26 FB            [ 1]   99 	jrne	00134$
      000040                        100 00135$:
      000040 84               [ 1]  101 	pop	a
      000041 14 02            [ 1]  102 	and	a, (0x02, sp)
      000043 20 1E            [ 2]  103 	jra	00109$
      000045                        104 00102$:
                                    105 ;	./src/stm8s_adc1_GetFlagStatus.c: 70: flagstatus = (uint8_t)(ADC1->AWSRH & (uint8_t)((uint8_t)1 << (temp - 8)));
      000045 C6 54 0C         [ 1]  106 	ld	a, 0x540c
      000048 6B 02            [ 1]  107 	ld	(0x02, sp), a
      00004A 1D 00 08         [ 2]  108 	subw	x, #8
      00004D A6 01            [ 1]  109 	ld	a, #0x01
      00004F 88               [ 1]  110 	push	a
      000050 9F               [ 1]  111 	ld	a, xl
      000051 4D               [ 1]  112 	tnz	a
      000052 27 05            [ 1]  113 	jreq	00137$
      000054                        114 00136$:
      000054 08 01            [ 1]  115 	sll	(1, sp)
      000056 4A               [ 1]  116 	dec	a
      000057 26 FB            [ 1]  117 	jrne	00136$
      000059                        118 00137$:
      000059 84               [ 1]  119 	pop	a
      00005A 14 02            [ 1]  120 	and	a, (0x02, sp)
      00005C 20 05            [ 2]  121 	jra	00109$
      00005E                        122 00105$:
                                    123 ;	./src/stm8s_adc1_GetFlagStatus.c: 75: flagstatus = (uint8_t)(ADC1->CSR & Flag);
      00005E C6 54 00         [ 1]  124 	ld	a, 0x5400
      000061 14 05            [ 1]  125 	and	a, (0x05, sp)
      000063                        126 00109$:
                                    127 ;	./src/stm8s_adc1_GetFlagStatus.c: 77: return ((FlagStatus)flagstatus);
                                    128 ;	./src/stm8s_adc1_GetFlagStatus.c: 79: }
      000063 85               [ 2]  129 	popw	x
      000064 81               [ 4]  130 	ret
                                    131 	.area CODE
                                    132 	.area CONST
                                    133 	.area INITIALIZER
                                    134 	.area CABS (ABS)
