                                      1 ;--------------------------------------------------------
                                      2 ; File Created by SDCC : free open source ANSI-C Compiler
                                      3 ; Version 3.9.0 #11195 (FreeBSD)
                                      4 ;--------------------------------------------------------
                                      5 	.module stm8s_i2c_FastModeDutyCycleConfig
                                      6 	.optsdcc -mstm8
                                      7 	
                                      8 ;--------------------------------------------------------
                                      9 ; Public variables in this module
                                     10 ;--------------------------------------------------------
                                     11 	.globl _I2C_FastModeDutyCycleConfig
                                     12 ;--------------------------------------------------------
                                     13 ; ram data
                                     14 ;--------------------------------------------------------
                                     15 	.area DATA
                                     16 ;--------------------------------------------------------
                                     17 ; ram data
                                     18 ;--------------------------------------------------------
                                     19 	.area INITIALIZED
                                     20 ;--------------------------------------------------------
                                     21 ; absolute external ram data
                                     22 ;--------------------------------------------------------
                                     23 	.area DABS (ABS)
                                     24 
                                     25 ; default segment ordering for linker
                                     26 	.area HOME
                                     27 	.area GSINIT
                                     28 	.area GSFINAL
                                     29 	.area CONST
                                     30 	.area INITIALIZER
                                     31 	.area CODE
                                     32 
                                     33 ;--------------------------------------------------------
                                     34 ; global & static initialisations
                                     35 ;--------------------------------------------------------
                                     36 	.area HOME
                                     37 	.area GSINIT
                                     38 	.area GSFINAL
                                     39 	.area GSINIT
                                     40 ;--------------------------------------------------------
                                     41 ; Home
                                     42 ;--------------------------------------------------------
                                     43 	.area HOME
                                     44 	.area HOME
                                     45 ;--------------------------------------------------------
                                     46 ; code
                                     47 ;--------------------------------------------------------
                                     48 	.area CODE
                                     49 ;	./src/stm8s_i2c_FastModeDutyCycleConfig.c: 48: void I2C_FastModeDutyCycleConfig(I2C_DutyCycle_TypeDef I2C_DutyCycle)
                                     50 ;	-----------------------------------------
                                     51 ;	 function I2C_FastModeDutyCycleConfig
                                     52 ;	-----------------------------------------
      000000                         53 _I2C_FastModeDutyCycleConfig:
                                     54 ;	./src/stm8s_i2c_FastModeDutyCycleConfig.c: 56: I2C->CCRH |= I2C_CCRH_DUTY;
      000000 C6 52 1C         [ 1]   55 	ld	a, 0x521c
                                     56 ;	./src/stm8s_i2c_FastModeDutyCycleConfig.c: 53: if (I2C_DutyCycle == I2C_DUTYCYCLE_16_9)
      000003 88               [ 1]   57 	push	a
      000004 7B 04            [ 1]   58 	ld	a, (0x04, sp)
      000006 A1 40            [ 1]   59 	cp	a, #0x40
      000008 84               [ 1]   60 	pop	a
      000009 26 06            [ 1]   61 	jrne	00102$
                                     62 ;	./src/stm8s_i2c_FastModeDutyCycleConfig.c: 56: I2C->CCRH |= I2C_CCRH_DUTY;
      00000B AA 40            [ 1]   63 	or	a, #0x40
      00000D C7 52 1C         [ 1]   64 	ld	0x521c, a
      000010 81               [ 4]   65 	ret
      000011                         66 00102$:
                                     67 ;	./src/stm8s_i2c_FastModeDutyCycleConfig.c: 61: I2C->CCRH &= (uint8_t)(~I2C_CCRH_DUTY);
      000011 A4 BF            [ 1]   68 	and	a, #0xbf
      000013 C7 52 1C         [ 1]   69 	ld	0x521c, a
                                     70 ;	./src/stm8s_i2c_FastModeDutyCycleConfig.c: 63: }
      000016 81               [ 4]   71 	ret
                                     72 	.area CODE
                                     73 	.area CONST
                                     74 	.area INITIALIZER
                                     75 	.area CABS (ABS)
