                                      1 ;--------------------------------------------------------
                                      2 ; File Created by SDCC : free open source ANSI-C Compiler
                                      3 ; Version 3.9.0 #11195 (FreeBSD)
                                      4 ;--------------------------------------------------------
                                      5 	.module stm8s_beep_LSICalibrationConfig
                                      6 	.optsdcc -mstm8
                                      7 	
                                      8 ;--------------------------------------------------------
                                      9 ; Public variables in this module
                                     10 ;--------------------------------------------------------
                                     11 	.globl _BEEP_LSICalibrationConfig
                                     12 ;--------------------------------------------------------
                                     13 ; ram data
                                     14 ;--------------------------------------------------------
                                     15 	.area DATA
                                     16 ;--------------------------------------------------------
                                     17 ; ram data
                                     18 ;--------------------------------------------------------
                                     19 	.area INITIALIZED
                                     20 ;--------------------------------------------------------
                                     21 ; absolute external ram data
                                     22 ;--------------------------------------------------------
                                     23 	.area DABS (ABS)
                                     24 
                                     25 ; default segment ordering for linker
                                     26 	.area HOME
                                     27 	.area GSINIT
                                     28 	.area GSFINAL
                                     29 	.area CONST
                                     30 	.area INITIALIZER
                                     31 	.area CODE
                                     32 
                                     33 ;--------------------------------------------------------
                                     34 ; global & static initialisations
                                     35 ;--------------------------------------------------------
                                     36 	.area HOME
                                     37 	.area GSINIT
                                     38 	.area GSFINAL
                                     39 	.area GSINIT
                                     40 ;--------------------------------------------------------
                                     41 ; Home
                                     42 ;--------------------------------------------------------
                                     43 	.area HOME
                                     44 	.area HOME
                                     45 ;--------------------------------------------------------
                                     46 ; code
                                     47 ;--------------------------------------------------------
                                     48 	.area CODE
                                     49 ;	./src/stm8s_beep_LSICalibrationConfig.c: 54: void BEEP_LSICalibrationConfig(uint32_t LSIFreqHz)
                                     50 ;	-----------------------------------------
                                     51 ;	 function BEEP_LSICalibrationConfig
                                     52 ;	-----------------------------------------
      000000                         53 _BEEP_LSICalibrationConfig:
      000000 52 07            [ 2]   54 	sub	sp, #7
                                     55 ;	./src/stm8s_beep_LSICalibrationConfig.c: 62: lsifreqkhz = (uint16_t)(LSIFreqHz / 1000); /* Converts value in kHz */
      000002 4B E8            [ 1]   56 	push	#0xe8
      000004 4B 03            [ 1]   57 	push	#0x03
      000006 5F               [ 1]   58 	clrw	x
      000007 89               [ 2]   59 	pushw	x
      000008 1E 10            [ 2]   60 	ldw	x, (0x10, sp)
      00000A 89               [ 2]   61 	pushw	x
      00000B 1E 10            [ 2]   62 	ldw	x, (0x10, sp)
      00000D 89               [ 2]   63 	pushw	x
      00000E CDr00r00         [ 4]   64 	call	__divulong
      000011 5B 08            [ 2]   65 	addw	sp, #8
      000013 51               [ 1]   66 	exgw	x, y
                                     67 ;	./src/stm8s_beep_LSICalibrationConfig.c: 66: BEEP->CSR &= (uint8_t)(~BEEP_CSR_BEEPDIV); /* Clear bits */
      000014 C6 50 F3         [ 1]   68 	ld	a, 0x50f3
      000017 A4 E0            [ 1]   69 	and	a, #0xe0
      000019 C7 50 F3         [ 1]   70 	ld	0x50f3, a
                                     71 ;	./src/stm8s_beep_LSICalibrationConfig.c: 68: A = (uint16_t)(lsifreqkhz >> 3U); /* Division by 8, keep integer part only */
      00001C 93               [ 1]   72 	ldw	x, y
      00001D 54               [ 2]   73 	srlw	x
      00001E 54               [ 2]   74 	srlw	x
      00001F 54               [ 2]   75 	srlw	x
                                     76 ;	./src/stm8s_beep_LSICalibrationConfig.c: 70: if ((8U * A) >= ((lsifreqkhz - (8U * A)) * (1U + (2U * A))))
      000020 1F 01            [ 2]   77 	ldw	(0x01, sp), x
      000022 58               [ 2]   78 	sllw	x
      000023 58               [ 2]   79 	sllw	x
      000024 58               [ 2]   80 	sllw	x
      000025 1F 03            [ 2]   81 	ldw	(0x03, sp), x
      000027 72 F2 03         [ 2]   82 	subw	y, (0x03, sp)
      00002A 1E 01            [ 2]   83 	ldw	x, (0x01, sp)
      00002C 58               [ 2]   84 	sllw	x
      00002D 5C               [ 1]   85 	incw	x
      00002E 89               [ 2]   86 	pushw	x
      00002F 90 89            [ 2]   87 	pushw	y
                                     88 ;	./src/stm8s_beep_LSICalibrationConfig.c: 66: BEEP->CSR &= (uint8_t)(~BEEP_CSR_BEEPDIV); /* Clear bits */
      000031 CDr00r00         [ 4]   89 	call	__mulint
      000034 5B 04            [ 2]   90 	addw	sp, #4
      000036 1F 05            [ 2]   91 	ldw	(0x05, sp), x
      000038 C6 50 F3         [ 1]   92 	ld	a, 0x50f3
      00003B 6B 07            [ 1]   93 	ld	(0x07, sp), a
                                     94 ;	./src/stm8s_beep_LSICalibrationConfig.c: 72: BEEP->CSR |= (uint8_t)(A - 2U);
      00003D 7B 02            [ 1]   95 	ld	a, (0x02, sp)
                                     96 ;	./src/stm8s_beep_LSICalibrationConfig.c: 70: if ((8U * A) >= ((lsifreqkhz - (8U * A)) * (1U + (2U * A))))
      00003F 1E 03            [ 2]   97 	ldw	x, (0x03, sp)
      000041 13 05            [ 2]   98 	cpw	x, (0x05, sp)
      000043 25 09            [ 1]   99 	jrc	00102$
                                    100 ;	./src/stm8s_beep_LSICalibrationConfig.c: 72: BEEP->CSR |= (uint8_t)(A - 2U);
      000045 A0 02            [ 1]  101 	sub	a, #0x02
      000047 1A 07            [ 1]  102 	or	a, (0x07, sp)
      000049 C7 50 F3         [ 1]  103 	ld	0x50f3, a
      00004C 20 06            [ 2]  104 	jra	00104$
      00004E                        105 00102$:
                                    106 ;	./src/stm8s_beep_LSICalibrationConfig.c: 76: BEEP->CSR |= (uint8_t)(A - 1U);
      00004E 4A               [ 1]  107 	dec	a
      00004F 1A 07            [ 1]  108 	or	a, (0x07, sp)
      000051 C7 50 F3         [ 1]  109 	ld	0x50f3, a
      000054                        110 00104$:
                                    111 ;	./src/stm8s_beep_LSICalibrationConfig.c: 78: }
      000054 5B 07            [ 2]  112 	addw	sp, #7
      000056 81               [ 4]  113 	ret
                                    114 	.area CODE
                                    115 	.area CONST
                                    116 	.area INITIALIZER
                                    117 	.area CABS (ABS)
