                                      1 ;--------------------------------------------------------
                                      2 ; File Created by SDCC : free open source ANSI-C Compiler
                                      3 ; Version 3.9.0 #11195 (FreeBSD)
                                      4 ;--------------------------------------------------------
                                      5 	.module stm8s_i2c_ClearFlag
                                      6 	.optsdcc -mstm8
                                      7 	
                                      8 ;--------------------------------------------------------
                                      9 ; Public variables in this module
                                     10 ;--------------------------------------------------------
                                     11 	.globl _I2C_ClearFlag
                                     12 ;--------------------------------------------------------
                                     13 ; ram data
                                     14 ;--------------------------------------------------------
                                     15 	.area DATA
                                     16 ;--------------------------------------------------------
                                     17 ; ram data
                                     18 ;--------------------------------------------------------
                                     19 	.area INITIALIZED
                                     20 ;--------------------------------------------------------
                                     21 ; absolute external ram data
                                     22 ;--------------------------------------------------------
                                     23 	.area DABS (ABS)
                                     24 
                                     25 ; default segment ordering for linker
                                     26 	.area HOME
                                     27 	.area GSINIT
                                     28 	.area GSFINAL
                                     29 	.area CONST
                                     30 	.area INITIALIZER
                                     31 	.area CODE
                                     32 
                                     33 ;--------------------------------------------------------
                                     34 ; global & static initialisations
                                     35 ;--------------------------------------------------------
                                     36 	.area HOME
                                     37 	.area GSINIT
                                     38 	.area GSFINAL
                                     39 	.area GSINIT
                                     40 ;--------------------------------------------------------
                                     41 ; Home
                                     42 ;--------------------------------------------------------
                                     43 	.area HOME
                                     44 	.area HOME
                                     45 ;--------------------------------------------------------
                                     46 ; code
                                     47 ;--------------------------------------------------------
                                     48 	.area CODE
                                     49 ;	./src/stm8s_i2c_ClearFlag.c: 74: void I2C_ClearFlag(I2C_Flag_TypeDef I2C_FLAG)
                                     50 ;	-----------------------------------------
                                     51 ;	 function I2C_ClearFlag
                                     52 ;	-----------------------------------------
      000000                         53 _I2C_ClearFlag:
                                     54 ;	./src/stm8s_i2c_ClearFlag.c: 81: flagpos = (uint16_t)I2C_FLAG & FLAG_Mask;
      000000 7B 04            [ 1]   55 	ld	a, (0x04, sp)
      000002 97               [ 1]   56 	ld	xl, a
      000003 4F               [ 1]   57 	clr	a
                                     58 ;	./src/stm8s_i2c_ClearFlag.c: 83: I2C->SR2 = (uint8_t)((uint16_t)(~flagpos));
      000004 95               [ 1]   59 	ld	xh, a
      000005 53               [ 2]   60 	cplw	x
      000006 9F               [ 1]   61 	ld	a, xl
      000007 C7 52 18         [ 1]   62 	ld	0x5218, a
                                     63 ;	./src/stm8s_i2c_ClearFlag.c: 84: }
      00000A 81               [ 4]   64 	ret
                                     65 	.area CODE
                                     66 	.area CONST
                                     67 	.area INITIALIZER
                                     68 	.area CABS (ABS)
