                                      1 ;--------------------------------------------------------
                                      2 ; File Created by SDCC : free open source ANSI-C Compiler
                                      3 ; Version 3.9.0 #11195 (FreeBSD)
                                      4 ;--------------------------------------------------------
                                      5 	.module stm8s_tim1_ClearFlag
                                      6 	.optsdcc -mstm8
                                      7 	
                                      8 ;--------------------------------------------------------
                                      9 ; Public variables in this module
                                     10 ;--------------------------------------------------------
                                     11 	.globl _TIM1_ClearFlag
                                     12 ;--------------------------------------------------------
                                     13 ; ram data
                                     14 ;--------------------------------------------------------
                                     15 	.area DATA
                                     16 ;--------------------------------------------------------
                                     17 ; ram data
                                     18 ;--------------------------------------------------------
                                     19 	.area INITIALIZED
                                     20 ;--------------------------------------------------------
                                     21 ; absolute external ram data
                                     22 ;--------------------------------------------------------
                                     23 	.area DABS (ABS)
                                     24 
                                     25 ; default segment ordering for linker
                                     26 	.area HOME
                                     27 	.area GSINIT
                                     28 	.area GSFINAL
                                     29 	.area CONST
                                     30 	.area INITIALIZER
                                     31 	.area CODE
                                     32 
                                     33 ;--------------------------------------------------------
                                     34 ; global & static initialisations
                                     35 ;--------------------------------------------------------
                                     36 	.area HOME
                                     37 	.area GSINIT
                                     38 	.area GSFINAL
                                     39 	.area GSINIT
                                     40 ;--------------------------------------------------------
                                     41 ; Home
                                     42 ;--------------------------------------------------------
                                     43 	.area HOME
                                     44 	.area HOME
                                     45 ;--------------------------------------------------------
                                     46 ; code
                                     47 ;--------------------------------------------------------
                                     48 	.area CODE
                                     49 ;	./src/stm8s_tim1_ClearFlag.c: 60: void TIM1_ClearFlag(TIM1_FLAG_TypeDef TIM1_FLAG)
                                     50 ;	-----------------------------------------
                                     51 ;	 function TIM1_ClearFlag
                                     52 ;	-----------------------------------------
      000000                         53 _TIM1_ClearFlag:
                                     54 ;	./src/stm8s_tim1_ClearFlag.c: 66: TIM1->SR1 = (uint8_t)(~(uint8_t)(TIM1_FLAG));
      000000 7B 04            [ 1]   55 	ld	a, (0x04, sp)
      000002 43               [ 1]   56 	cpl	a
      000003 C7 52 55         [ 1]   57 	ld	0x5255, a
                                     58 ;	./src/stm8s_tim1_ClearFlag.c: 67: TIM1->SR2 = (uint8_t)((uint8_t)(~((uint8_t)((uint16_t)TIM1_FLAG >> 8))) & 
      000006 7B 03            [ 1]   59 	ld	a, (0x03, sp)
      000008 43               [ 1]   60 	cpl	a
      000009 A4 1E            [ 1]   61 	and	a, #0x1e
      00000B C7 52 56         [ 1]   62 	ld	0x5256, a
                                     63 ;	./src/stm8s_tim1_ClearFlag.c: 69: }
      00000E 81               [ 4]   64 	ret
                                     65 	.area CODE
                                     66 	.area CONST
                                     67 	.area INITIALIZER
                                     68 	.area CABS (ABS)
