                                      1 ;--------------------------------------------------------
                                      2 ; File Created by SDCC : free open source ANSI-C Compiler
                                      3 ; Version 3.9.0 #11195 (FreeBSD)
                                      4 ;--------------------------------------------------------
                                      5 	.module stm8s_tim1_PrescalerConfig
                                      6 	.optsdcc -mstm8
                                      7 	
                                      8 ;--------------------------------------------------------
                                      9 ; Public variables in this module
                                     10 ;--------------------------------------------------------
                                     11 	.globl _TIM1_PrescalerConfig
                                     12 ;--------------------------------------------------------
                                     13 ; ram data
                                     14 ;--------------------------------------------------------
                                     15 	.area DATA
                                     16 ;--------------------------------------------------------
                                     17 ; ram data
                                     18 ;--------------------------------------------------------
                                     19 	.area INITIALIZED
                                     20 ;--------------------------------------------------------
                                     21 ; absolute external ram data
                                     22 ;--------------------------------------------------------
                                     23 	.area DABS (ABS)
                                     24 
                                     25 ; default segment ordering for linker
                                     26 	.area HOME
                                     27 	.area GSINIT
                                     28 	.area GSFINAL
                                     29 	.area CONST
                                     30 	.area INITIALIZER
                                     31 	.area CODE
                                     32 
                                     33 ;--------------------------------------------------------
                                     34 ; global & static initialisations
                                     35 ;--------------------------------------------------------
                                     36 	.area HOME
                                     37 	.area GSINIT
                                     38 	.area GSFINAL
                                     39 	.area GSINIT
                                     40 ;--------------------------------------------------------
                                     41 ; Home
                                     42 ;--------------------------------------------------------
                                     43 	.area HOME
                                     44 	.area HOME
                                     45 ;--------------------------------------------------------
                                     46 ; code
                                     47 ;--------------------------------------------------------
                                     48 	.area CODE
                                     49 ;	./src/stm8s_tim1_PrescalerConfig.c: 52: void TIM1_PrescalerConfig(uint16_t Prescaler,
                                     50 ;	-----------------------------------------
                                     51 ;	 function TIM1_PrescalerConfig
                                     52 ;	-----------------------------------------
      000000                         53 _TIM1_PrescalerConfig:
      000000 89               [ 2]   54 	pushw	x
                                     55 ;	./src/stm8s_tim1_PrescalerConfig.c: 59: TIM1->PSCRH = (uint8_t)(Prescaler >> 8);
      000001 7B 05            [ 1]   56 	ld	a, (0x05, sp)
      000003 6B 02            [ 1]   57 	ld	(0x02, sp), a
      000005 0F 01            [ 1]   58 	clr	(0x01, sp)
      000007 7B 02            [ 1]   59 	ld	a, (0x02, sp)
      000009 C7 52 60         [ 1]   60 	ld	0x5260, a
                                     61 ;	./src/stm8s_tim1_PrescalerConfig.c: 60: TIM1->PSCRL = (uint8_t)(Prescaler);
      00000C 7B 06            [ 1]   62 	ld	a, (0x06, sp)
      00000E C7 52 61         [ 1]   63 	ld	0x5261, a
                                     64 ;	./src/stm8s_tim1_PrescalerConfig.c: 63: TIM1->EGR = (uint8_t)TIM1_PSCReloadMode;
      000011 AE 52 57         [ 2]   65 	ldw	x, #0x5257
      000014 7B 07            [ 1]   66 	ld	a, (0x07, sp)
      000016 F7               [ 1]   67 	ld	(x), a
                                     68 ;	./src/stm8s_tim1_PrescalerConfig.c: 64: }
      000017 85               [ 2]   69 	popw	x
      000018 81               [ 4]   70 	ret
                                     71 	.area CODE
                                     72 	.area CONST
                                     73 	.area INITIALIZER
                                     74 	.area CABS (ABS)
