                                      1 ;--------------------------------------------------------
                                      2 ; File Created by SDCC : free open source ANSI-C Compiler
                                      3 ; Version 3.9.0 #11195 (FreeBSD)
                                      4 ;--------------------------------------------------------
                                      5 	.module stm8s_i2c_GetLastEvent
                                      6 	.optsdcc -mstm8
                                      7 	
                                      8 ;--------------------------------------------------------
                                      9 ; Public variables in this module
                                     10 ;--------------------------------------------------------
                                     11 	.globl _I2C_GetLastEvent
                                     12 ;--------------------------------------------------------
                                     13 ; ram data
                                     14 ;--------------------------------------------------------
                                     15 	.area DATA
                                     16 ;--------------------------------------------------------
                                     17 ; ram data
                                     18 ;--------------------------------------------------------
                                     19 	.area INITIALIZED
                                     20 ;--------------------------------------------------------
                                     21 ; absolute external ram data
                                     22 ;--------------------------------------------------------
                                     23 	.area DABS (ABS)
                                     24 
                                     25 ; default segment ordering for linker
                                     26 	.area HOME
                                     27 	.area GSINIT
                                     28 	.area GSFINAL
                                     29 	.area CONST
                                     30 	.area INITIALIZER
                                     31 	.area CODE
                                     32 
                                     33 ;--------------------------------------------------------
                                     34 ; global & static initialisations
                                     35 ;--------------------------------------------------------
                                     36 	.area HOME
                                     37 	.area GSINIT
                                     38 	.area GSFINAL
                                     39 	.area GSINIT
                                     40 ;--------------------------------------------------------
                                     41 ; Home
                                     42 ;--------------------------------------------------------
                                     43 	.area HOME
                                     44 	.area HOME
                                     45 ;--------------------------------------------------------
                                     46 ; code
                                     47 ;--------------------------------------------------------
                                     48 	.area CODE
                                     49 ;	./src/stm8s_i2c_GetLastEvent.c: 51: I2C_Event_TypeDef I2C_GetLastEvent(void)
                                     50 ;	-----------------------------------------
                                     51 ;	 function I2C_GetLastEvent
                                     52 ;	-----------------------------------------
      000000                         53 _I2C_GetLastEvent:
      000000 52 04            [ 2]   54 	sub	sp, #4
                                     55 ;	./src/stm8s_i2c_GetLastEvent.c: 53: __IO uint16_t lastevent = 0;
      000002 5F               [ 1]   56 	clrw	x
      000003 1F 01            [ 2]   57 	ldw	(0x01, sp), x
                                     58 ;	./src/stm8s_i2c_GetLastEvent.c: 57: if ((I2C->SR2 & I2C_SR2_AF) != 0x00)
      000005 C6 52 18         [ 1]   59 	ld	a, 0x5218
      000008 A5 04            [ 1]   60 	bcp	a, #0x04
      00000A 27 07            [ 1]   61 	jreq	00102$
                                     62 ;	./src/stm8s_i2c_GetLastEvent.c: 59: lastevent = I2C_EVENT_SLAVE_ACK_FAILURE;
      00000C AE 00 04         [ 2]   63 	ldw	x, #0x0004
      00000F 1F 01            [ 2]   64 	ldw	(0x01, sp), x
      000011 20 13            [ 2]   65 	jra	00103$
      000013                         66 00102$:
                                     67 ;	./src/stm8s_i2c_GetLastEvent.c: 64: flag1 = I2C->SR1;
      000013 C6 52 17         [ 1]   68 	ld	a, 0x5217
      000016 5F               [ 1]   69 	clrw	x
      000017 97               [ 1]   70 	ld	xl, a
      000018 1F 03            [ 2]   71 	ldw	(0x03, sp), x
                                     72 ;	./src/stm8s_i2c_GetLastEvent.c: 65: flag2 = I2C->SR3;
      00001A C6 52 19         [ 1]   73 	ld	a, 0x5219
      00001D 95               [ 1]   74 	ld	xh, a
                                     75 ;	./src/stm8s_i2c_GetLastEvent.c: 68: lastevent = ((uint16_t)((uint16_t)flag2 << 8) | (uint16_t)flag1);
      00001E 7B 04            [ 1]   76 	ld	a, (0x04, sp)
      000020 02               [ 1]   77 	rlwa	x
      000021 1A 03            [ 1]   78 	or	a, (0x03, sp)
      000023 95               [ 1]   79 	ld	xh, a
      000024 1F 01            [ 2]   80 	ldw	(0x01, sp), x
      000026                         81 00103$:
                                     82 ;	./src/stm8s_i2c_GetLastEvent.c: 71: return (I2C_Event_TypeDef)lastevent;
      000026 1E 01            [ 2]   83 	ldw	x, (0x01, sp)
                                     84 ;	./src/stm8s_i2c_GetLastEvent.c: 72: }
      000028 5B 04            [ 2]   85 	addw	sp, #4
      00002A 81               [ 4]   86 	ret
                                     87 	.area CODE
                                     88 	.area CONST
                                     89 	.area INITIALIZER
                                     90 	.area CABS (ABS)
