                                      1 ;--------------------------------------------------------
                                      2 ; File Created by SDCC : free open source ANSI-C Compiler
                                      3 ; Version 3.9.0 #11195 (FreeBSD)
                                      4 ;--------------------------------------------------------
                                      5 	.module stm8s_tim2_OC1Init
                                      6 	.optsdcc -mstm8
                                      7 	
                                      8 ;--------------------------------------------------------
                                      9 ; Public variables in this module
                                     10 ;--------------------------------------------------------
                                     11 	.globl _TIM2_OC1Init
                                     12 ;--------------------------------------------------------
                                     13 ; ram data
                                     14 ;--------------------------------------------------------
                                     15 	.area DATA
                                     16 ;--------------------------------------------------------
                                     17 ; ram data
                                     18 ;--------------------------------------------------------
                                     19 	.area INITIALIZED
                                     20 ;--------------------------------------------------------
                                     21 ; absolute external ram data
                                     22 ;--------------------------------------------------------
                                     23 	.area DABS (ABS)
                                     24 
                                     25 ; default segment ordering for linker
                                     26 	.area HOME
                                     27 	.area GSINIT
                                     28 	.area GSFINAL
                                     29 	.area CONST
                                     30 	.area INITIALIZER
                                     31 	.area CODE
                                     32 
                                     33 ;--------------------------------------------------------
                                     34 ; global & static initialisations
                                     35 ;--------------------------------------------------------
                                     36 	.area HOME
                                     37 	.area GSINIT
                                     38 	.area GSFINAL
                                     39 	.area GSINIT
                                     40 ;--------------------------------------------------------
                                     41 ; Home
                                     42 ;--------------------------------------------------------
                                     43 	.area HOME
                                     44 	.area HOME
                                     45 ;--------------------------------------------------------
                                     46 ; code
                                     47 ;--------------------------------------------------------
                                     48 	.area CODE
                                     49 ;	./src/stm8s_tim2_OC1Init.c: 50: void TIM2_OC1Init(TIM2_OCMode_TypeDef TIM2_OCMode,
                                     50 ;	-----------------------------------------
                                     51 ;	 function TIM2_OC1Init
                                     52 ;	-----------------------------------------
      000000                         53 _TIM2_OC1Init:
      000000 89               [ 2]   54 	pushw	x
                                     55 ;	./src/stm8s_tim2_OC1Init.c: 61: TIM2->CCER1 &= (uint8_t)(~( TIM2_CCER1_CC1E | TIM2_CCER1_CC1P));
      000001 C6 53 0A         [ 1]   56 	ld	a, 0x530a
      000004 A4 FC            [ 1]   57 	and	a, #0xfc
      000006 C7 53 0A         [ 1]   58 	ld	0x530a, a
                                     59 ;	./src/stm8s_tim2_OC1Init.c: 63: TIM2->CCER1 |= (uint8_t)((uint8_t)(TIM2_OutputState & TIM2_CCER1_CC1E ) | 
      000009 C6 53 0A         [ 1]   60 	ld	a, 0x530a
      00000C 6B 01            [ 1]   61 	ld	(0x01, sp), a
      00000E 7B 06            [ 1]   62 	ld	a, (0x06, sp)
      000010 A4 01            [ 1]   63 	and	a, #0x01
      000012 6B 02            [ 1]   64 	ld	(0x02, sp), a
                                     65 ;	./src/stm8s_tim2_OC1Init.c: 64: (uint8_t)(TIM2_OCPolarity & TIM2_CCER1_CC1P));
      000014 7B 09            [ 1]   66 	ld	a, (0x09, sp)
      000016 A4 02            [ 1]   67 	and	a, #0x02
      000018 1A 02            [ 1]   68 	or	a, (0x02, sp)
      00001A 1A 01            [ 1]   69 	or	a, (0x01, sp)
      00001C C7 53 0A         [ 1]   70 	ld	0x530a, a
                                     71 ;	./src/stm8s_tim2_OC1Init.c: 67: TIM2->CCMR1 = (uint8_t)((uint8_t)(TIM2->CCMR1 & (uint8_t)(~TIM2_CCMR_OCM)) |
      00001F C6 53 07         [ 1]   72 	ld	a, 0x5307
      000022 A4 8F            [ 1]   73 	and	a, #0x8f
                                     74 ;	./src/stm8s_tim2_OC1Init.c: 68: (uint8_t)TIM2_OCMode);
      000024 1A 05            [ 1]   75 	or	a, (0x05, sp)
      000026 C7 53 07         [ 1]   76 	ld	0x5307, a
                                     77 ;	./src/stm8s_tim2_OC1Init.c: 71: TIM2->CCR1H = (uint8_t)(TIM2_Pulse >> 8);
      000029 7B 07            [ 1]   78 	ld	a, (0x07, sp)
      00002B C7 53 11         [ 1]   79 	ld	0x5311, a
                                     80 ;	./src/stm8s_tim2_OC1Init.c: 72: TIM2->CCR1L = (uint8_t)(TIM2_Pulse);
      00002E 7B 08            [ 1]   81 	ld	a, (0x08, sp)
      000030 C7 53 12         [ 1]   82 	ld	0x5312, a
                                     83 ;	./src/stm8s_tim2_OC1Init.c: 73: }
      000033 85               [ 2]   84 	popw	x
      000034 81               [ 4]   85 	ret
                                     86 	.area CODE
                                     87 	.area CONST
                                     88 	.area INITIALIZER
                                     89 	.area CABS (ABS)
