                                      1 ;--------------------------------------------------------
                                      2 ; File Created by SDCC : free open source ANSI-C Compiler
                                      3 ; Version 3.9.0 #11195 (FreeBSD)
                                      4 ;--------------------------------------------------------
                                      5 	.module stm8s_tim1_CtrlPWMOutputs
                                      6 	.optsdcc -mstm8
                                      7 	
                                      8 ;--------------------------------------------------------
                                      9 ; Public variables in this module
                                     10 ;--------------------------------------------------------
                                     11 	.globl _TIM1_CtrlPWMOutputs
                                     12 ;--------------------------------------------------------
                                     13 ; ram data
                                     14 ;--------------------------------------------------------
                                     15 	.area DATA
                                     16 ;--------------------------------------------------------
                                     17 ; ram data
                                     18 ;--------------------------------------------------------
                                     19 	.area INITIALIZED
                                     20 ;--------------------------------------------------------
                                     21 ; absolute external ram data
                                     22 ;--------------------------------------------------------
                                     23 	.area DABS (ABS)
                                     24 
                                     25 ; default segment ordering for linker
                                     26 	.area HOME
                                     27 	.area GSINIT
                                     28 	.area GSFINAL
                                     29 	.area CONST
                                     30 	.area INITIALIZER
                                     31 	.area CODE
                                     32 
                                     33 ;--------------------------------------------------------
                                     34 ; global & static initialisations
                                     35 ;--------------------------------------------------------
                                     36 	.area HOME
                                     37 	.area GSINIT
                                     38 	.area GSFINAL
                                     39 	.area GSINIT
                                     40 ;--------------------------------------------------------
                                     41 ; Home
                                     42 ;--------------------------------------------------------
                                     43 	.area HOME
                                     44 	.area HOME
                                     45 ;--------------------------------------------------------
                                     46 ; code
                                     47 ;--------------------------------------------------------
                                     48 	.area CODE
                                     49 ;	./src/stm8s_tim1_CtrlPWMOutputs.c: 48: void TIM1_CtrlPWMOutputs(FunctionalState NewState)
                                     50 ;	-----------------------------------------
                                     51 ;	 function TIM1_CtrlPWMOutputs
                                     52 ;	-----------------------------------------
      000000                         53 _TIM1_CtrlPWMOutputs:
                                     54 ;	./src/stm8s_tim1_CtrlPWMOutputs.c: 57: TIM1->BKR |= TIM1_BKR_MOE;
      000000 C6 52 6D         [ 1]   55 	ld	a, 0x526d
                                     56 ;	./src/stm8s_tim1_CtrlPWMOutputs.c: 55: if (NewState != DISABLE)
      000003 0D 03            [ 1]   57 	tnz	(0x03, sp)
      000005 27 06            [ 1]   58 	jreq	00102$
                                     59 ;	./src/stm8s_tim1_CtrlPWMOutputs.c: 57: TIM1->BKR |= TIM1_BKR_MOE;
      000007 AA 80            [ 1]   60 	or	a, #0x80
      000009 C7 52 6D         [ 1]   61 	ld	0x526d, a
      00000C 81               [ 4]   62 	ret
      00000D                         63 00102$:
                                     64 ;	./src/stm8s_tim1_CtrlPWMOutputs.c: 61: TIM1->BKR &= (uint8_t)(~TIM1_BKR_MOE);
      00000D A4 7F            [ 1]   65 	and	a, #0x7f
      00000F C7 52 6D         [ 1]   66 	ld	0x526d, a
                                     67 ;	./src/stm8s_tim1_CtrlPWMOutputs.c: 63: }
      000012 81               [ 4]   68 	ret
                                     69 	.area CODE
                                     70 	.area CONST
                                     71 	.area INITIALIZER
                                     72 	.area CABS (ABS)
