                                      1 ;--------------------------------------------------------
                                      2 ; File Created by SDCC : free open source ANSI-C Compiler
                                      3 ; Version 3.9.0 #11195 (FreeBSD)
                                      4 ;--------------------------------------------------------
                                      5 	.module stm8s_uart1_SendData9
                                      6 	.optsdcc -mstm8
                                      7 	
                                      8 ;--------------------------------------------------------
                                      9 ; Public variables in this module
                                     10 ;--------------------------------------------------------
                                     11 	.globl _UART1_SendData9
                                     12 ;--------------------------------------------------------
                                     13 ; ram data
                                     14 ;--------------------------------------------------------
                                     15 	.area DATA
                                     16 ;--------------------------------------------------------
                                     17 ; ram data
                                     18 ;--------------------------------------------------------
                                     19 	.area INITIALIZED
                                     20 ;--------------------------------------------------------
                                     21 ; absolute external ram data
                                     22 ;--------------------------------------------------------
                                     23 	.area DABS (ABS)
                                     24 
                                     25 ; default segment ordering for linker
                                     26 	.area HOME
                                     27 	.area GSINIT
                                     28 	.area GSFINAL
                                     29 	.area CONST
                                     30 	.area INITIALIZER
                                     31 	.area CODE
                                     32 
                                     33 ;--------------------------------------------------------
                                     34 ; global & static initialisations
                                     35 ;--------------------------------------------------------
                                     36 	.area HOME
                                     37 	.area GSINIT
                                     38 	.area GSFINAL
                                     39 	.area GSINIT
                                     40 ;--------------------------------------------------------
                                     41 ; Home
                                     42 ;--------------------------------------------------------
                                     43 	.area HOME
                                     44 	.area HOME
                                     45 ;--------------------------------------------------------
                                     46 ; code
                                     47 ;--------------------------------------------------------
                                     48 	.area CODE
                                     49 ;	./src/stm8s_uart1_SendData9.c: 47: void UART1_SendData9(uint16_t Data)
                                     50 ;	-----------------------------------------
                                     51 ;	 function UART1_SendData9
                                     52 ;	-----------------------------------------
      000000                         53 _UART1_SendData9:
      000000 88               [ 1]   54 	push	a
                                     55 ;	./src/stm8s_uart1_SendData9.c: 50: UART1->CR1 &= ((uint8_t)~UART1_CR1_T8);
      000001 72 1D 52 34      [ 1]   56 	bres	21044, #6
                                     57 ;	./src/stm8s_uart1_SendData9.c: 52: UART1->CR1 |= (uint8_t)(((uint8_t)(Data >> 2)) & UART1_CR1_T8);
      000005 C6 52 34         [ 1]   58 	ld	a, 0x5234
      000008 6B 01            [ 1]   59 	ld	(0x01, sp), a
      00000A 1E 04            [ 2]   60 	ldw	x, (0x04, sp)
      00000C 54               [ 2]   61 	srlw	x
      00000D 54               [ 2]   62 	srlw	x
      00000E 9F               [ 1]   63 	ld	a, xl
      00000F A4 40            [ 1]   64 	and	a, #0x40
      000011 1A 01            [ 1]   65 	or	a, (0x01, sp)
      000013 C7 52 34         [ 1]   66 	ld	0x5234, a
                                     67 ;	./src/stm8s_uart1_SendData9.c: 54: UART1->DR   = (uint8_t)(Data);
      000016 7B 05            [ 1]   68 	ld	a, (0x05, sp)
      000018 C7 52 31         [ 1]   69 	ld	0x5231, a
                                     70 ;	./src/stm8s_uart1_SendData9.c: 55: }
      00001B 84               [ 1]   71 	pop	a
      00001C 81               [ 4]   72 	ret
                                     73 	.area CODE
                                     74 	.area CONST
                                     75 	.area INITIALIZER
                                     76 	.area CABS (ABS)
