                                      1 ;--------------------------------------------------------
                                      2 ; File Created by SDCC : free open source ANSI-C Compiler
                                      3 ; Version 3.9.0 #11195 (FreeBSD)
                                      4 ;--------------------------------------------------------
                                      5 	.module stm8s_adc1_GetAWDChannelStatus
                                      6 	.optsdcc -mstm8
                                      7 	
                                      8 ;--------------------------------------------------------
                                      9 ; Public variables in this module
                                     10 ;--------------------------------------------------------
                                     11 	.globl _ADC1_GetAWDChannelStatus
                                     12 ;--------------------------------------------------------
                                     13 ; ram data
                                     14 ;--------------------------------------------------------
                                     15 	.area DATA
                                     16 ;--------------------------------------------------------
                                     17 ; ram data
                                     18 ;--------------------------------------------------------
                                     19 	.area INITIALIZED
                                     20 ;--------------------------------------------------------
                                     21 ; absolute external ram data
                                     22 ;--------------------------------------------------------
                                     23 	.area DABS (ABS)
                                     24 
                                     25 ; default segment ordering for linker
                                     26 	.area HOME
                                     27 	.area GSINIT
                                     28 	.area GSFINAL
                                     29 	.area CONST
                                     30 	.area INITIALIZER
                                     31 	.area CODE
                                     32 
                                     33 ;--------------------------------------------------------
                                     34 ; global & static initialisations
                                     35 ;--------------------------------------------------------
                                     36 	.area HOME
                                     37 	.area GSINIT
                                     38 	.area GSFINAL
                                     39 	.area GSINIT
                                     40 ;--------------------------------------------------------
                                     41 ; Home
                                     42 ;--------------------------------------------------------
                                     43 	.area HOME
                                     44 	.area HOME
                                     45 ;--------------------------------------------------------
                                     46 ; code
                                     47 ;--------------------------------------------------------
                                     48 	.area CODE
                                     49 ;	./src/stm8s_adc1_GetAWDChannelStatus.c: 47: FlagStatus ADC1_GetAWDChannelStatus(ADC1_Channel_TypeDef Channel)
                                     50 ;	-----------------------------------------
                                     51 ;	 function ADC1_GetAWDChannelStatus
                                     52 ;	-----------------------------------------
      000000                         53 _ADC1_GetAWDChannelStatus:
      000000 88               [ 1]   54 	push	a
                                     55 ;	./src/stm8s_adc1_GetAWDChannelStatus.c: 54: if (Channel < (uint8_t)8)
      000001 7B 04            [ 1]   56 	ld	a, (0x04, sp)
      000003 A1 08            [ 1]   57 	cp	a, #0x08
      000005 24 16            [ 1]   58 	jrnc	00102$
                                     59 ;	./src/stm8s_adc1_GetAWDChannelStatus.c: 56: status = (uint8_t)(ADC1->AWSRL & (uint8_t)((uint8_t)1 << Channel));
      000007 C6 54 0D         [ 1]   60 	ld	a, 0x540d
      00000A 88               [ 1]   61 	push	a
      00000B A6 01            [ 1]   62 	ld	a, #0x01
      00000D 6B 02            [ 1]   63 	ld	(0x02, sp), a
      00000F 7B 05            [ 1]   64 	ld	a, (0x05, sp)
      000011 27 05            [ 1]   65 	jreq	00113$
      000013                         66 00112$:
      000013 08 02            [ 1]   67 	sll	(0x02, sp)
      000015 4A               [ 1]   68 	dec	a
      000016 26 FB            [ 1]   69 	jrne	00112$
      000018                         70 00113$:
      000018 84               [ 1]   71 	pop	a
      000019 14 01            [ 1]   72 	and	a, (0x01, sp)
      00001B 20 19            [ 2]   73 	jra	00103$
      00001D                         74 00102$:
                                     75 ;	./src/stm8s_adc1_GetAWDChannelStatus.c: 60: status = (uint8_t)(ADC1->AWSRH & (uint8_t)((uint8_t)1 << (Channel - (uint8_t)8)));
      00001D C6 54 0C         [ 1]   76 	ld	a, 0x540c
      000020 97               [ 1]   77 	ld	xl, a
      000021 7B 04            [ 1]   78 	ld	a, (0x04, sp)
      000023 A0 08            [ 1]   79 	sub	a, #0x08
      000025 88               [ 1]   80 	push	a
      000026 A6 01            [ 1]   81 	ld	a, #0x01
      000028 6B 02            [ 1]   82 	ld	(0x02, sp), a
      00002A 84               [ 1]   83 	pop	a
      00002B 4D               [ 1]   84 	tnz	a
      00002C 27 05            [ 1]   85 	jreq	00115$
      00002E                         86 00114$:
      00002E 08 01            [ 1]   87 	sll	(0x01, sp)
      000030 4A               [ 1]   88 	dec	a
      000031 26 FB            [ 1]   89 	jrne	00114$
      000033                         90 00115$:
      000033 9F               [ 1]   91 	ld	a, xl
      000034 14 01            [ 1]   92 	and	a, (0x01, sp)
      000036                         93 00103$:
                                     94 ;	./src/stm8s_adc1_GetAWDChannelStatus.c: 63: return ((FlagStatus)status);
                                     95 ;	./src/stm8s_adc1_GetAWDChannelStatus.c: 64: }
      000036 5B 01            [ 2]   96 	addw	sp, #1
      000038 81               [ 4]   97 	ret
                                     98 	.area CODE
                                     99 	.area CONST
                                    100 	.area INITIALIZER
                                    101 	.area CABS (ABS)
