                                      1 ;--------------------------------------------------------
                                      2 ; File Created by SDCC : free open source ANSI-C Compiler
                                      3 ; Version 3.9.0 #11195 (FreeBSD)
                                      4 ;--------------------------------------------------------
                                      5 	.module stm8s_spi_GetFlagStatus
                                      6 	.optsdcc -mstm8
                                      7 	
                                      8 ;--------------------------------------------------------
                                      9 ; Public variables in this module
                                     10 ;--------------------------------------------------------
                                     11 	.globl _SPI_GetFlagStatus
                                     12 ;--------------------------------------------------------
                                     13 ; ram data
                                     14 ;--------------------------------------------------------
                                     15 	.area DATA
                                     16 ;--------------------------------------------------------
                                     17 ; ram data
                                     18 ;--------------------------------------------------------
                                     19 	.area INITIALIZED
                                     20 ;--------------------------------------------------------
                                     21 ; absolute external ram data
                                     22 ;--------------------------------------------------------
                                     23 	.area DABS (ABS)
                                     24 
                                     25 ; default segment ordering for linker
                                     26 	.area HOME
                                     27 	.area GSINIT
                                     28 	.area GSFINAL
                                     29 	.area CONST
                                     30 	.area INITIALIZER
                                     31 	.area CODE
                                     32 
                                     33 ;--------------------------------------------------------
                                     34 ; global & static initialisations
                                     35 ;--------------------------------------------------------
                                     36 	.area HOME
                                     37 	.area GSINIT
                                     38 	.area GSFINAL
                                     39 	.area GSINIT
                                     40 ;--------------------------------------------------------
                                     41 ; Home
                                     42 ;--------------------------------------------------------
                                     43 	.area HOME
                                     44 	.area HOME
                                     45 ;--------------------------------------------------------
                                     46 ; code
                                     47 ;--------------------------------------------------------
                                     48 	.area CODE
                                     49 ;	./src/stm8s_spi_GetFlagStatus.c: 49: FlagStatus SPI_GetFlagStatus(SPI_Flag_TypeDef SPI_FLAG)
                                     50 ;	-----------------------------------------
                                     51 ;	 function SPI_GetFlagStatus
                                     52 ;	-----------------------------------------
      000000                         53 _SPI_GetFlagStatus:
                                     54 ;	./src/stm8s_spi_GetFlagStatus.c: 56: if ((SPI->SR & (uint8_t)SPI_FLAG) != (uint8_t)RESET)
      000000 C6 52 03         [ 1]   55 	ld	a, 0x5203
      000003 14 03            [ 1]   56 	and	a, (0x03, sp)
      000005 27 03            [ 1]   57 	jreq	00102$
                                     58 ;	./src/stm8s_spi_GetFlagStatus.c: 58: status = SET; /* SPI_FLAG is set */
      000007 A6 01            [ 1]   59 	ld	a, #0x01
      000009 81               [ 4]   60 	ret
      00000A                         61 00102$:
                                     62 ;	./src/stm8s_spi_GetFlagStatus.c: 62: status = RESET; /* SPI_FLAG is reset*/
      00000A 4F               [ 1]   63 	clr	a
                                     64 ;	./src/stm8s_spi_GetFlagStatus.c: 66: return status;
                                     65 ;	./src/stm8s_spi_GetFlagStatus.c: 67: }
      00000B 81               [ 4]   66 	ret
                                     67 	.area CODE
                                     68 	.area CONST
                                     69 	.area INITIALIZER
                                     70 	.area CABS (ABS)
