                                      1 ;--------------------------------------------------------
                                      2 ; File Created by SDCC : free open source ANSI-C Compiler
                                      3 ; Version 3.9.0 #11195 (FreeBSD)
                                      4 ;--------------------------------------------------------
                                      5 	.module stm8s_spi_ResetCRC
                                      6 	.optsdcc -mstm8
                                      7 	
                                      8 ;--------------------------------------------------------
                                      9 ; Public variables in this module
                                     10 ;--------------------------------------------------------
                                     11 	.globl _SPI_CalculateCRCCmd
                                     12 	.globl _SPI_Cmd
                                     13 	.globl _SPI_ResetCRC
                                     14 ;--------------------------------------------------------
                                     15 ; ram data
                                     16 ;--------------------------------------------------------
                                     17 	.area DATA
                                     18 ;--------------------------------------------------------
                                     19 ; ram data
                                     20 ;--------------------------------------------------------
                                     21 	.area INITIALIZED
                                     22 ;--------------------------------------------------------
                                     23 ; absolute external ram data
                                     24 ;--------------------------------------------------------
                                     25 	.area DABS (ABS)
                                     26 
                                     27 ; default segment ordering for linker
                                     28 	.area HOME
                                     29 	.area GSINIT
                                     30 	.area GSFINAL
                                     31 	.area CONST
                                     32 	.area INITIALIZER
                                     33 	.area CODE
                                     34 
                                     35 ;--------------------------------------------------------
                                     36 ; global & static initialisations
                                     37 ;--------------------------------------------------------
                                     38 	.area HOME
                                     39 	.area GSINIT
                                     40 	.area GSFINAL
                                     41 	.area GSINIT
                                     42 ;--------------------------------------------------------
                                     43 ; Home
                                     44 ;--------------------------------------------------------
                                     45 	.area HOME
                                     46 	.area HOME
                                     47 ;--------------------------------------------------------
                                     48 ; code
                                     49 ;--------------------------------------------------------
                                     50 	.area CODE
                                     51 ;	./src/stm8s_spi_ResetCRC.c: 46: void SPI_ResetCRC(void)
                                     52 ;	-----------------------------------------
                                     53 ;	 function SPI_ResetCRC
                                     54 ;	-----------------------------------------
      000000                         55 _SPI_ResetCRC:
                                     56 ;	./src/stm8s_spi_ResetCRC.c: 50: SPI_CalculateCRCCmd(ENABLE);
      000000 4B 01            [ 1]   57 	push	#0x01
      000002 CDr00r00         [ 4]   58 	call	_SPI_CalculateCRCCmd
      000005 84               [ 1]   59 	pop	a
                                     60 ;	./src/stm8s_spi_ResetCRC.c: 53: SPI_Cmd(ENABLE);
      000006 4B 01            [ 1]   61 	push	#0x01
      000008 CDr00r00         [ 4]   62 	call	_SPI_Cmd
      00000B 84               [ 1]   63 	pop	a
                                     64 ;	./src/stm8s_spi_ResetCRC.c: 54: }
      00000C 81               [ 4]   65 	ret
                                     66 	.area CODE
                                     67 	.area CONST
                                     68 	.area INITIALIZER
                                     69 	.area CABS (ABS)
