                                      1 ;--------------------------------------------------------
                                      2 ; File Created by SDCC : free open source ANSI-C Compiler
                                      3 ; Version 3.9.0 #11195 (FreeBSD)
                                      4 ;--------------------------------------------------------
                                      5 	.module stm8s_tim2_GetITStatus
                                      6 	.optsdcc -mstm8
                                      7 	
                                      8 ;--------------------------------------------------------
                                      9 ; Public variables in this module
                                     10 ;--------------------------------------------------------
                                     11 	.globl _TIM2_GetITStatus
                                     12 ;--------------------------------------------------------
                                     13 ; ram data
                                     14 ;--------------------------------------------------------
                                     15 	.area DATA
                                     16 ;--------------------------------------------------------
                                     17 ; ram data
                                     18 ;--------------------------------------------------------
                                     19 	.area INITIALIZED
                                     20 ;--------------------------------------------------------
                                     21 ; absolute external ram data
                                     22 ;--------------------------------------------------------
                                     23 	.area DABS (ABS)
                                     24 
                                     25 ; default segment ordering for linker
                                     26 	.area HOME
                                     27 	.area GSINIT
                                     28 	.area GSFINAL
                                     29 	.area CONST
                                     30 	.area INITIALIZER
                                     31 	.area CODE
                                     32 
                                     33 ;--------------------------------------------------------
                                     34 ; global & static initialisations
                                     35 ;--------------------------------------------------------
                                     36 	.area HOME
                                     37 	.area GSINIT
                                     38 	.area GSFINAL
                                     39 	.area GSINIT
                                     40 ;--------------------------------------------------------
                                     41 ; Home
                                     42 ;--------------------------------------------------------
                                     43 	.area HOME
                                     44 	.area HOME
                                     45 ;--------------------------------------------------------
                                     46 ; code
                                     47 ;--------------------------------------------------------
                                     48 	.area CODE
                                     49 ;	./src/stm8s_tim2_GetITStatus.c: 52: ITStatus TIM2_GetITStatus(TIM2_IT_TypeDef TIM2_IT)
                                     50 ;	-----------------------------------------
                                     51 ;	 function TIM2_GetITStatus
                                     52 ;	-----------------------------------------
      000000                         53 _TIM2_GetITStatus:
      000000 88               [ 1]   54 	push	a
                                     55 ;	./src/stm8s_tim2_GetITStatus.c: 60: TIM2_itStatus = (uint8_t)(TIM2->SR1 & TIM2_IT);
      000001 C6 53 04         [ 1]   56 	ld	a, 0x5304
      000004 14 04            [ 1]   57 	and	a, (0x04, sp)
      000006 6B 01            [ 1]   58 	ld	(0x01, sp), a
                                     59 ;	./src/stm8s_tim2_GetITStatus.c: 62: TIM2_itEnable = (uint8_t)(TIM2->IER & TIM2_IT);
      000008 C6 53 03         [ 1]   60 	ld	a, 0x5303
      00000B 14 04            [ 1]   61 	and	a, (0x04, sp)
                                     62 ;	./src/stm8s_tim2_GetITStatus.c: 64: if ((TIM2_itStatus != (uint8_t)RESET ) && (TIM2_itEnable != (uint8_t)RESET ))
      00000D 0D 01            [ 1]   63 	tnz	(0x01, sp)
      00000F 27 06            [ 1]   64 	jreq	00102$
      000011 4D               [ 1]   65 	tnz	a
      000012 27 03            [ 1]   66 	jreq	00102$
                                     67 ;	./src/stm8s_tim2_GetITStatus.c: 66: bitstatus = SET;
      000014 A6 01            [ 1]   68 	ld	a, #0x01
                                     69 ;	./src/stm8s_tim2_GetITStatus.c: 70: bitstatus = RESET;
      000016 21                      70 	.byte 0x21
      000017                         71 00102$:
      000017 4F               [ 1]   72 	clr	a
      000018                         73 00103$:
                                     74 ;	./src/stm8s_tim2_GetITStatus.c: 72: return (ITStatus)(bitstatus);
                                     75 ;	./src/stm8s_tim2_GetITStatus.c: 73: }
      000018 5B 01            [ 2]   76 	addw	sp, #1
      00001A 81               [ 4]   77 	ret
                                     78 	.area CODE
                                     79 	.area CONST
                                     80 	.area INITIALIZER
                                     81 	.area CABS (ABS)
