                                      1 ;--------------------------------------------------------
                                      2 ; File Created by SDCC : free open source ANSI-C Compiler
                                      3 ; Version 3.9.0 #11195 (FreeBSD)
                                      4 ;--------------------------------------------------------
                                      5 	.module stm8s_flash_ProgramWord
                                      6 	.optsdcc -mstm8
                                      7 	
                                      8 ;--------------------------------------------------------
                                      9 ; Public variables in this module
                                     10 ;--------------------------------------------------------
                                     11 	.globl _FLASH_ProgramWord
                                     12 ;--------------------------------------------------------
                                     13 ; ram data
                                     14 ;--------------------------------------------------------
                                     15 	.area DATA
                                     16 ;--------------------------------------------------------
                                     17 ; ram data
                                     18 ;--------------------------------------------------------
                                     19 	.area INITIALIZED
                                     20 ;--------------------------------------------------------
                                     21 ; absolute external ram data
                                     22 ;--------------------------------------------------------
                                     23 	.area DABS (ABS)
                                     24 
                                     25 ; default segment ordering for linker
                                     26 	.area HOME
                                     27 	.area GSINIT
                                     28 	.area GSFINAL
                                     29 	.area CONST
                                     30 	.area INITIALIZER
                                     31 	.area CODE
                                     32 
                                     33 ;--------------------------------------------------------
                                     34 ; global & static initialisations
                                     35 ;--------------------------------------------------------
                                     36 	.area HOME
                                     37 	.area GSINIT
                                     38 	.area GSFINAL
                                     39 	.area GSINIT
                                     40 ;--------------------------------------------------------
                                     41 ; Home
                                     42 ;--------------------------------------------------------
                                     43 	.area HOME
                                     44 	.area HOME
                                     45 ;--------------------------------------------------------
                                     46 ; code
                                     47 ;--------------------------------------------------------
                                     48 	.area CODE
                                     49 ;	./src/stm8s_flash_ProgramWord.c: 50: void FLASH_ProgramWord(uint32_t Address, uint32_t Data)
                                     50 ;	-----------------------------------------
                                     51 ;	 function FLASH_ProgramWord
                                     52 ;	-----------------------------------------
      000000                         53 _FLASH_ProgramWord:
      000000 52 04            [ 2]   54 	sub	sp, #4
                                     55 ;	./src/stm8s_flash_ProgramWord.c: 56: FLASH->CR2 |= FLASH_CR2_WPRG;
      000002 72 1C 50 5B      [ 1]   56 	bset	20571, #6
                                     57 ;	./src/stm8s_flash_ProgramWord.c: 57: FLASH->NCR2 &= (uint8_t)(~FLASH_NCR2_NWPRG);
      000006 72 1D 50 5C      [ 1]   58 	bres	20572, #6
                                     59 ;	./src/stm8s_flash_ProgramWord.c: 62: *((PointerAttr uint8_t*)(MemoryAddressCast)Address)       = *((uint8_t*)(&Data));
      00000A 16 09            [ 2]   60 	ldw	y, (0x09, sp)
      00000C 96               [ 1]   61 	ldw	x, sp
      00000D 1C 00 0B         [ 2]   62 	addw	x, #11
      000010 1F 01            [ 2]   63 	ldw	(0x01, sp), x
      000012 F6               [ 1]   64 	ld	a, (x)
      000013 90 F7            [ 1]   65 	ld	(y), a
                                     66 ;	./src/stm8s_flash_ProgramWord.c: 64: *(((PointerAttr uint8_t*)(MemoryAddressCast)Address) + 1) = *((uint8_t*)(&Data)+1); 
      000015 93               [ 1]   67 	ldw	x, y
      000016 5C               [ 1]   68 	incw	x
      000017 1F 03            [ 2]   69 	ldw	(0x03, sp), x
      000019 1E 01            [ 2]   70 	ldw	x, (0x01, sp)
      00001B E6 01            [ 1]   71 	ld	a, (0x1, x)
      00001D 1E 03            [ 2]   72 	ldw	x, (0x03, sp)
      00001F F7               [ 1]   73 	ld	(x), a
                                     74 ;	./src/stm8s_flash_ProgramWord.c: 66: *(((PointerAttr uint8_t*)(MemoryAddressCast)Address) + 2) = *((uint8_t*)(&Data)+2); 
      000020 93               [ 1]   75 	ldw	x, y
      000021 5C               [ 1]   76 	incw	x
      000022 5C               [ 1]   77 	incw	x
      000023 1F 03            [ 2]   78 	ldw	(0x03, sp), x
      000025 1E 01            [ 2]   79 	ldw	x, (0x01, sp)
      000027 E6 02            [ 1]   80 	ld	a, (0x2, x)
      000029 1E 03            [ 2]   81 	ldw	x, (0x03, sp)
      00002B F7               [ 1]   82 	ld	(x), a
                                     83 ;	./src/stm8s_flash_ProgramWord.c: 68: *(((PointerAttr uint8_t*)(MemoryAddressCast)Address) + 3) = *((uint8_t*)(&Data)+3); 
      00002C 72 A9 00 03      [ 2]   84 	addw	y, #0x0003
      000030 1E 01            [ 2]   85 	ldw	x, (0x01, sp)
      000032 E6 03            [ 1]   86 	ld	a, (0x3, x)
      000034 90 F7            [ 1]   87 	ld	(y), a
                                     88 ;	./src/stm8s_flash_ProgramWord.c: 75: }
      000036 5B 04            [ 2]   89 	addw	sp, #4
      000038 81               [ 4]   90 	ret
                                     91 	.area CODE
                                     92 	.area CONST
                                     93 	.area INITIALIZER
                                     94 	.area CABS (ABS)
