                                      1 ;--------------------------------------------------------
                                      2 ; File Created by SDCC : free open source ANSI-C Compiler
                                      3 ; Version 3.9.0 #11195 (FreeBSD)
                                      4 ;--------------------------------------------------------
                                      5 	.module stm8s_spi_ITConfig
                                      6 	.optsdcc -mstm8
                                      7 	
                                      8 ;--------------------------------------------------------
                                      9 ; Public variables in this module
                                     10 ;--------------------------------------------------------
                                     11 	.globl _SPI_ITConfig
                                     12 ;--------------------------------------------------------
                                     13 ; ram data
                                     14 ;--------------------------------------------------------
                                     15 	.area DATA
                                     16 ;--------------------------------------------------------
                                     17 ; ram data
                                     18 ;--------------------------------------------------------
                                     19 	.area INITIALIZED
                                     20 ;--------------------------------------------------------
                                     21 ; absolute external ram data
                                     22 ;--------------------------------------------------------
                                     23 	.area DABS (ABS)
                                     24 
                                     25 ; default segment ordering for linker
                                     26 	.area HOME
                                     27 	.area GSINIT
                                     28 	.area GSFINAL
                                     29 	.area CONST
                                     30 	.area INITIALIZER
                                     31 	.area CODE
                                     32 
                                     33 ;--------------------------------------------------------
                                     34 ; global & static initialisations
                                     35 ;--------------------------------------------------------
                                     36 	.area HOME
                                     37 	.area GSINIT
                                     38 	.area GSFINAL
                                     39 	.area GSINIT
                                     40 ;--------------------------------------------------------
                                     41 ; Home
                                     42 ;--------------------------------------------------------
                                     43 	.area HOME
                                     44 	.area HOME
                                     45 ;--------------------------------------------------------
                                     46 ; code
                                     47 ;--------------------------------------------------------
                                     48 	.area CODE
                                     49 ;	./src/stm8s_spi_ITConfig.c: 48: void SPI_ITConfig(SPI_IT_TypeDef SPI_IT, FunctionalState NewState)
                                     50 ;	-----------------------------------------
                                     51 ;	 function SPI_ITConfig
                                     52 ;	-----------------------------------------
      000000                         53 _SPI_ITConfig:
      000000 88               [ 1]   54 	push	a
                                     55 ;	./src/stm8s_spi_ITConfig.c: 56: itpos = (uint8_t)((uint8_t)1 << (uint8_t)((uint8_t)SPI_IT & (uint8_t)0x0F));
      000001 7B 04            [ 1]   56 	ld	a, (0x04, sp)
      000003 A4 0F            [ 1]   57 	and	a, #0x0f
      000005 97               [ 1]   58 	ld	xl, a
      000006 A6 01            [ 1]   59 	ld	a, #0x01
      000008 88               [ 1]   60 	push	a
      000009 9F               [ 1]   61 	ld	a, xl
      00000A 4D               [ 1]   62 	tnz	a
      00000B 27 05            [ 1]   63 	jreq	00112$
      00000D                         64 00111$:
      00000D 08 01            [ 1]   65 	sll	(1, sp)
      00000F 4A               [ 1]   66 	dec	a
      000010 26 FB            [ 1]   67 	jrne	00111$
      000012                         68 00112$:
      000012 84               [ 1]   69 	pop	a
                                     70 ;	./src/stm8s_spi_ITConfig.c: 60: SPI->ICR |= itpos; /* Enable interrupt*/
      000013 AE 52 02         [ 2]   71 	ldw	x, #0x5202
      000016 88               [ 1]   72 	push	a
      000017 F6               [ 1]   73 	ld	a, (x)
      000018 6B 02            [ 1]   74 	ld	(0x02, sp), a
      00001A 84               [ 1]   75 	pop	a
                                     76 ;	./src/stm8s_spi_ITConfig.c: 58: if (NewState != DISABLE)
      00001B 0D 05            [ 1]   77 	tnz	(0x05, sp)
      00001D 27 07            [ 1]   78 	jreq	00102$
                                     79 ;	./src/stm8s_spi_ITConfig.c: 60: SPI->ICR |= itpos; /* Enable interrupt*/
      00001F 1A 01            [ 1]   80 	or	a, (0x01, sp)
      000021 C7 52 02         [ 1]   81 	ld	0x5202, a
      000024 20 06            [ 2]   82 	jra	00104$
      000026                         83 00102$:
                                     84 ;	./src/stm8s_spi_ITConfig.c: 64: SPI->ICR &= (uint8_t)(~itpos); /* Disable interrupt*/
      000026 43               [ 1]   85 	cpl	a
      000027 14 01            [ 1]   86 	and	a, (0x01, sp)
      000029 C7 52 02         [ 1]   87 	ld	0x5202, a
      00002C                         88 00104$:
                                     89 ;	./src/stm8s_spi_ITConfig.c: 66: }
      00002C 84               [ 1]   90 	pop	a
      00002D 81               [ 4]   91 	ret
                                     92 	.area CODE
                                     93 	.area CONST
                                     94 	.area INITIALIZER
                                     95 	.area CABS (ABS)
