                                      1 ;--------------------------------------------------------
                                      2 ; File Created by SDCC : free open source ANSI-C Compiler
                                      3 ; Version 3.9.0 #11195 (FreeBSD)
                                      4 ;--------------------------------------------------------
                                      5 	.module stm8s_itc_SetSoftwarePriority
                                      6 	.optsdcc -mstm8
                                      7 	
                                      8 ;--------------------------------------------------------
                                      9 ; Public variables in this module
                                     10 ;--------------------------------------------------------
                                     11 	.globl _ITC_SetSoftwarePriority
                                     12 ;--------------------------------------------------------
                                     13 ; ram data
                                     14 ;--------------------------------------------------------
                                     15 	.area DATA
                                     16 ;--------------------------------------------------------
                                     17 ; ram data
                                     18 ;--------------------------------------------------------
                                     19 	.area INITIALIZED
                                     20 ;--------------------------------------------------------
                                     21 ; absolute external ram data
                                     22 ;--------------------------------------------------------
                                     23 	.area DABS (ABS)
                                     24 
                                     25 ; default segment ordering for linker
                                     26 	.area HOME
                                     27 	.area GSINIT
                                     28 	.area GSFINAL
                                     29 	.area CONST
                                     30 	.area INITIALIZER
                                     31 	.area CODE
                                     32 
                                     33 ;--------------------------------------------------------
                                     34 ; global & static initialisations
                                     35 ;--------------------------------------------------------
                                     36 	.area HOME
                                     37 	.area GSINIT
                                     38 	.area GSFINAL
                                     39 	.area GSINIT
                                     40 ;--------------------------------------------------------
                                     41 ; Home
                                     42 ;--------------------------------------------------------
                                     43 	.area HOME
                                     44 	.area HOME
                                     45 ;--------------------------------------------------------
                                     46 ; code
                                     47 ;--------------------------------------------------------
                                     48 	.area CODE
                                     49 ;	./src/stm8s_itc_SetSoftwarePriority.c: 54: void ITC_SetSoftwarePriority(ITC_Irq_TypeDef IrqNum, ITC_PriorityLevel_TypeDef PriorityValue)
                                     50 ;	-----------------------------------------
                                     51 ;	 function ITC_SetSoftwarePriority
                                     52 ;	-----------------------------------------
      000000                         53 _ITC_SetSoftwarePriority:
      000000 89               [ 2]   54 	pushw	x
                                     55 ;	./src/stm8s_itc_SetSoftwarePriority.c: 68: Mask = (uint8_t)(~(uint8_t)(0x03U << (((uint8_t)IrqNum % 4U) * 2U)));
      000001 7B 05            [ 1]   56 	ld	a, (0x05, sp)
      000003 90 5F            [ 1]   57 	clrw	y
      000005 A4 03            [ 1]   58 	and	a, #0x03
      000007 97               [ 1]   59 	ld	xl, a
      000008 58               [ 2]   60 	sllw	x
      000009 A6 03            [ 1]   61 	ld	a, #0x03
      00000B 88               [ 1]   62 	push	a
      00000C 9F               [ 1]   63 	ld	a, xl
      00000D 4D               [ 1]   64 	tnz	a
      00000E 27 05            [ 1]   65 	jreq	00132$
      000010                         66 00131$:
      000010 08 01            [ 1]   67 	sll	(1, sp)
      000012 4A               [ 1]   68 	dec	a
      000013 26 FB            [ 1]   69 	jrne	00131$
      000015                         70 00132$:
      000015 84               [ 1]   71 	pop	a
      000016 43               [ 1]   72 	cpl	a
      000017 6B 01            [ 1]   73 	ld	(0x01, sp), a
                                     74 ;	./src/stm8s_itc_SetSoftwarePriority.c: 71: NewPriority = (uint8_t)((uint8_t)(PriorityValue) << (((uint8_t)IrqNum % 4U) * 2U));
      000019 7B 06            [ 1]   75 	ld	a, (0x06, sp)
      00001B 88               [ 1]   76 	push	a
      00001C 9F               [ 1]   77 	ld	a, xl
      00001D 4D               [ 1]   78 	tnz	a
      00001E 27 05            [ 1]   79 	jreq	00134$
      000020                         80 00133$:
      000020 08 01            [ 1]   81 	sll	(1, sp)
      000022 4A               [ 1]   82 	dec	a
      000023 26 FB            [ 1]   83 	jrne	00133$
      000025                         84 00134$:
      000025 84               [ 1]   85 	pop	a
      000026 6B 02            [ 1]   86 	ld	(0x02, sp), a
                                     87 ;	./src/stm8s_itc_SetSoftwarePriority.c: 73: switch (IrqNum)
      000028 7B 05            [ 1]   88 	ld	a, (0x05, sp)
      00002A A1 18            [ 1]   89 	cp	a, #0x18
      00002C 23 03            [ 2]   90 	jrule	00135$
      00002E CCr00rE8         [ 2]   91 	jp	00124$
      000031                         92 00135$:
      000031 5F               [ 1]   93 	clrw	x
      000032 7B 05            [ 1]   94 	ld	a, (0x05, sp)
      000034 97               [ 1]   95 	ld	xl, a
      000035 58               [ 2]   96 	sllw	x
      000036 DEu00u3A         [ 2]   97 	ldw	x, (#00136$, x)
      000039 FC               [ 2]   98 	jp	(x)
      00003A                         99 00136$:
      00003Ar00r6C                  100 	.dw	#00104$
      00003Cr00r6C                  101 	.dw	#00104$
      00003Er00r6C                  102 	.dw	#00104$
      000040r00r6C                  103 	.dw	#00104$
      000042r00r7E                  104 	.dw	#00108$
      000044r00r7E                  105 	.dw	#00108$
      000046r00r7E                  106 	.dw	#00108$
      000048r00r7E                  107 	.dw	#00108$
      00004Ar00rE8                  108 	.dw	#00124$
      00004Cr00rE8                  109 	.dw	#00124$
      00004Er00r90                  110 	.dw	#00110$
      000050r00r90                  111 	.dw	#00110$
      000052r00rA2                  112 	.dw	#00114$
      000054r00rA2                  113 	.dw	#00114$
      000056r00rA2                  114 	.dw	#00114$
      000058r00rA2                  115 	.dw	#00114$
      00005Ar00rB4                  116 	.dw	#00118$
      00005Cr00rB4                  117 	.dw	#00118$
      00005Er00rB4                  118 	.dw	#00118$
      000060r00rB4                  119 	.dw	#00118$
      000062r00rE8                  120 	.dw	#00124$
      000064r00rE8                  121 	.dw	#00124$
      000066r00rC6                  122 	.dw	#00120$
      000068r00rC6                  123 	.dw	#00120$
      00006Ar00rD8                  124 	.dw	#00121$
                                    125 ;	./src/stm8s_itc_SetSoftwarePriority.c: 78: case ITC_IRQ_PORTA:
      00006C                        126 00104$:
                                    127 ;	./src/stm8s_itc_SetSoftwarePriority.c: 79: ITC->ISPR1 &= Mask;
      00006C C6 7F 70         [ 1]  128 	ld	a, 0x7f70
      00006F 14 01            [ 1]  129 	and	a, (0x01, sp)
      000071 C7 7F 70         [ 1]  130 	ld	0x7f70, a
                                    131 ;	./src/stm8s_itc_SetSoftwarePriority.c: 80: ITC->ISPR1 |= NewPriority;
      000074 C6 7F 70         [ 1]  132 	ld	a, 0x7f70
      000077 1A 02            [ 1]  133 	or	a, (0x02, sp)
      000079 C7 7F 70         [ 1]  134 	ld	0x7f70, a
                                    135 ;	./src/stm8s_itc_SetSoftwarePriority.c: 81: break;
      00007C 20 6A            [ 2]  136 	jra	00124$
                                    137 ;	./src/stm8s_itc_SetSoftwarePriority.c: 86: case ITC_IRQ_PORTE:
      00007E                        138 00108$:
                                    139 ;	./src/stm8s_itc_SetSoftwarePriority.c: 87: ITC->ISPR2 &= Mask;
      00007E C6 7F 71         [ 1]  140 	ld	a, 0x7f71
      000081 14 01            [ 1]  141 	and	a, (0x01, sp)
      000083 C7 7F 71         [ 1]  142 	ld	0x7f71, a
                                    143 ;	./src/stm8s_itc_SetSoftwarePriority.c: 88: ITC->ISPR2 |= NewPriority;
      000086 C6 7F 71         [ 1]  144 	ld	a, 0x7f71
      000089 1A 02            [ 1]  145 	or	a, (0x02, sp)
      00008B C7 7F 71         [ 1]  146 	ld	0x7f71, a
                                    147 ;	./src/stm8s_itc_SetSoftwarePriority.c: 89: break;
      00008E 20 58            [ 2]  148 	jra	00124$
                                    149 ;	./src/stm8s_itc_SetSoftwarePriority.c: 99: case ITC_IRQ_TIM1_OVF:
      000090                        150 00110$:
                                    151 ;	./src/stm8s_itc_SetSoftwarePriority.c: 100: ITC->ISPR3 &= Mask;
      000090 C6 7F 72         [ 1]  152 	ld	a, 0x7f72
      000093 14 01            [ 1]  153 	and	a, (0x01, sp)
      000095 C7 7F 72         [ 1]  154 	ld	0x7f72, a
                                    155 ;	./src/stm8s_itc_SetSoftwarePriority.c: 101: ITC->ISPR3 |= NewPriority;
      000098 C6 7F 72         [ 1]  156 	ld	a, 0x7f72
      00009B 1A 02            [ 1]  157 	or	a, (0x02, sp)
      00009D C7 7F 72         [ 1]  158 	ld	0x7f72, a
                                    159 ;	./src/stm8s_itc_SetSoftwarePriority.c: 102: break;
      0000A0 20 46            [ 2]  160 	jra	00124$
                                    161 ;	./src/stm8s_itc_SetSoftwarePriority.c: 112: case ITC_IRQ_TIM3_OVF:
      0000A2                        162 00114$:
                                    163 ;	./src/stm8s_itc_SetSoftwarePriority.c: 113: ITC->ISPR4 &= Mask;
      0000A2 C6 7F 73         [ 1]  164 	ld	a, 0x7f73
      0000A5 14 01            [ 1]  165 	and	a, (0x01, sp)
      0000A7 C7 7F 73         [ 1]  166 	ld	0x7f73, a
                                    167 ;	./src/stm8s_itc_SetSoftwarePriority.c: 114: ITC->ISPR4 |= NewPriority;
      0000AA C6 7F 73         [ 1]  168 	ld	a, 0x7f73
      0000AD 1A 02            [ 1]  169 	or	a, (0x02, sp)
      0000AF C7 7F 73         [ 1]  170 	ld	0x7f73, a
                                    171 ;	./src/stm8s_itc_SetSoftwarePriority.c: 115: break;
      0000B2 20 34            [ 2]  172 	jra	00124$
                                    173 ;	./src/stm8s_itc_SetSoftwarePriority.c: 127: case ITC_IRQ_I2C:
      0000B4                        174 00118$:
                                    175 ;	./src/stm8s_itc_SetSoftwarePriority.c: 128: ITC->ISPR5 &= Mask;
      0000B4 C6 7F 74         [ 1]  176 	ld	a, 0x7f74
      0000B7 14 01            [ 1]  177 	and	a, (0x01, sp)
      0000B9 C7 7F 74         [ 1]  178 	ld	0x7f74, a
                                    179 ;	./src/stm8s_itc_SetSoftwarePriority.c: 129: ITC->ISPR5 |= NewPriority;
      0000BC C6 7F 74         [ 1]  180 	ld	a, 0x7f74
      0000BF 1A 02            [ 1]  181 	or	a, (0x02, sp)
      0000C1 C7 7F 74         [ 1]  182 	ld	0x7f74, a
                                    183 ;	./src/stm8s_itc_SetSoftwarePriority.c: 130: break;
      0000C4 20 22            [ 2]  184 	jra	00124$
                                    185 ;	./src/stm8s_itc_SetSoftwarePriority.c: 152: case ITC_IRQ_TIM4_OVF:
      0000C6                        186 00120$:
                                    187 ;	./src/stm8s_itc_SetSoftwarePriority.c: 154: ITC->ISPR6 &= Mask;
      0000C6 C6 7F 75         [ 1]  188 	ld	a, 0x7f75
      0000C9 14 01            [ 1]  189 	and	a, (0x01, sp)
      0000CB C7 7F 75         [ 1]  190 	ld	0x7f75, a
                                    191 ;	./src/stm8s_itc_SetSoftwarePriority.c: 155: ITC->ISPR6 |= NewPriority;
      0000CE C6 7F 75         [ 1]  192 	ld	a, 0x7f75
      0000D1 1A 02            [ 1]  193 	or	a, (0x02, sp)
      0000D3 C7 7F 75         [ 1]  194 	ld	0x7f75, a
                                    195 ;	./src/stm8s_itc_SetSoftwarePriority.c: 156: break;
      0000D6 20 10            [ 2]  196 	jra	00124$
                                    197 ;	./src/stm8s_itc_SetSoftwarePriority.c: 158: case ITC_IRQ_EEPROM_EEC:
      0000D8                        198 00121$:
                                    199 ;	./src/stm8s_itc_SetSoftwarePriority.c: 159: ITC->ISPR7 &= Mask;
      0000D8 C6 7F 76         [ 1]  200 	ld	a, 0x7f76
      0000DB 14 01            [ 1]  201 	and	a, (0x01, sp)
      0000DD C7 7F 76         [ 1]  202 	ld	0x7f76, a
                                    203 ;	./src/stm8s_itc_SetSoftwarePriority.c: 160: ITC->ISPR7 |= NewPriority;
      0000E0 C6 7F 76         [ 1]  204 	ld	a, 0x7f76
      0000E3 1A 02            [ 1]  205 	or	a, (0x02, sp)
      0000E5 C7 7F 76         [ 1]  206 	ld	0x7f76, a
                                    207 ;	./src/stm8s_itc_SetSoftwarePriority.c: 165: }
      0000E8                        208 00124$:
                                    209 ;	./src/stm8s_itc_SetSoftwarePriority.c: 166: }
      0000E8 85               [ 2]  210 	popw	x
      0000E9 81               [ 4]  211 	ret
                                    212 	.area CODE
                                    213 	.area CONST
                                    214 	.area INITIALIZER
                                    215 	.area CABS (ABS)
